[INFO]-[2023/12/05 16:21:11] #################### Start Update Job ####################
[info]-[2023/12/05 16:21:11] Staging Site ID: 1701612430547
[info]-[2023/12/05 16:21:11] Staging Site: 1701612430547
[info]-[2023/12/05 16:21:11] WP Staging Version: 3.1.3
[info]-[2023/12/05 16:21:11] PHP Version: 8.2.12
[info]-[2023/12/05 16:21:11] Server: Apache
[info]-[2023/12/05 16:21:11] MySQL: 11.1.2
[info]-[2023/12/05 16:21:11] WP Version: 6.4.1
[info]-[2023/12/05 16:21:11] PHP Memory Limit: 536870912
[info]-[2023/12/05 16:21:11] WP Memory Limit: 41943040
[info]-[2023/12/05 16:21:11] PHP Max Execution Time: 30
[INFO]-[2023/12/05 16:21:12] DB Copy: Table wpstg0_actionscheduler_actions already exists, dropping it first
[INFO]-[2023/12/05 16:21:12] DB Copy: Creating table wpstg0_actionscheduler_actions
[INFO]-[2023/12/05 16:21:12] DB Copy: Table wp_actionscheduler_actions contains 20 rows 
[INFO]-[2023/12/05 16:21:12] DB Copy: Copy data from wp_actionscheduler_actions to wpstg0_actionscheduler_actions - 0 to 10000 records
[INFO]-[2023/12/05 16:21:12] DB Copy: Table wpstg0_actionscheduler_claims already exists, dropping it first
[INFO]-[2023/12/05 16:21:12] DB Copy: Creating table wpstg0_actionscheduler_claims
[INFO]-[2023/12/05 16:21:13] DB Copy: Table wp_actionscheduler_claims contains 0 rows 
[INFO]-[2023/12/05 16:21:13] DB Copy: Table wpstg0_actionscheduler_groups already exists, dropping it first
[INFO]-[2023/12/05 16:21:13] DB Copy: Creating table wpstg0_actionscheduler_groups
[INFO]-[2023/12/05 16:21:13] DB Copy: Table wp_actionscheduler_groups contains 3 rows 
[INFO]-[2023/12/05 16:21:13] DB Copy: Copy data from wp_actionscheduler_groups to wpstg0_actionscheduler_groups - 0 to 10000 records
[INFO]-[2023/12/05 16:21:13] DB Copy: Table wpstg0_actionscheduler_logs already exists, dropping it first
[INFO]-[2023/12/05 16:21:13] DB Copy: Creating table wpstg0_actionscheduler_logs
[INFO]-[2023/12/05 16:21:13] DB Copy: Table wp_actionscheduler_logs contains 48 rows 
[INFO]-[2023/12/05 16:21:13] DB Copy: Copy data from wp_actionscheduler_logs to wpstg0_actionscheduler_logs - 0 to 10000 records
[INFO]-[2023/12/05 16:21:14] DB Copy: Table wpstg0_aioseo_cache already exists, dropping it first
[INFO]-[2023/12/05 16:21:14] DB Copy: Creating table wpstg0_aioseo_cache
[INFO]-[2023/12/05 16:21:14] DB Copy: Table wp_aioseo_cache contains 42 rows 
[INFO]-[2023/12/05 16:21:14] DB Copy: Copy data from wp_aioseo_cache to wpstg0_aioseo_cache - 0 to 10000 records
[INFO]-[2023/12/05 16:21:14] DB Copy: Table wpstg0_aioseo_notifications already exists, dropping it first
[INFO]-[2023/12/05 16:21:14] DB Copy: Creating table wpstg0_aioseo_notifications
[INFO]-[2023/12/05 16:21:15] DB Copy: Table wp_aioseo_notifications contains 0 rows 
[INFO]-[2023/12/05 16:21:15] DB Copy: Table wpstg0_aioseo_posts already exists, dropping it first
[INFO]-[2023/12/05 16:21:15] DB Copy: Creating table wpstg0_aioseo_posts
[INFO]-[2023/12/05 16:21:15] DB Copy: Table wp_aioseo_posts contains 125 rows 
[INFO]-[2023/12/05 16:21:15] DB Copy: Copy data from wp_aioseo_posts to wpstg0_aioseo_posts - 0 to 10000 records
[INFO]-[2023/12/05 16:21:15] DB Copy: Table wpstg0_commentmeta already exists, dropping it first
[INFO]-[2023/12/05 16:21:15] DB Copy: Creating table wpstg0_commentmeta
[INFO]-[2023/12/05 16:21:16] DB Copy: Table wp_commentmeta contains 0 rows 
[INFO]-[2023/12/05 16:21:16] DB Copy: Table wpstg0_comments already exists, dropping it first
[INFO]-[2023/12/05 16:21:16] DB Copy: Creating table wpstg0_comments
[INFO]-[2023/12/05 16:21:16] DB Copy: Table wp_comments contains 0 rows 
[INFO]-[2023/12/05 16:21:16] DB Copy: Table wpstg0_duplicator_packages already exists, dropping it first
[INFO]-[2023/12/05 16:21:17] DB Copy: Creating table wpstg0_duplicator_packages
[INFO]-[2023/12/05 16:21:17] DB Copy: Table wp_duplicator_packages contains 1 rows 
[INFO]-[2023/12/05 16:21:17] DB Copy: Copy data from wp_duplicator_packages to wpstg0_duplicator_packages - 0 to 10000 records
[INFO]-[2023/12/05 16:21:17] DB Copy: Table wpstg0_jetpack_sync_queue already exists, dropping it first
[INFO]-[2023/12/05 16:21:17] DB Copy: Creating table wpstg0_jetpack_sync_queue
[INFO]-[2023/12/05 16:21:17] DB Copy: Table wp_jetpack_sync_queue contains 0 rows 
[INFO]-[2023/12/05 16:21:17] DB Copy: Table wpstg0_links already exists, dropping it first
[INFO]-[2023/12/05 16:21:18] DB Copy: Creating table wpstg0_links
[INFO]-[2023/12/05 16:21:18] DB Copy: Table wp_links contains 0 rows 
[INFO]-[2023/12/05 16:21:18] DB Copy: Table wpstg0_options already exists, dropping it first
[INFO]-[2023/12/05 16:21:18] DB Copy: Creating table wpstg0_options
[INFO]-[2023/12/05 16:21:18] DB Copy: Table wp_options contains 755 rows 
[INFO]-[2023/12/05 16:21:18] DB Copy: Copy data from wp_options to wpstg0_options - 0 to 10000 records
[INFO]-[2023/12/05 16:21:19] DB Copy: Table wpstg0_postmeta already exists, dropping it first
[INFO]-[2023/12/05 16:21:19] DB Copy: Creating table wpstg0_postmeta
[INFO]-[2023/12/05 16:21:19] DB Copy: Table wp_postmeta contains 4605 rows 
[INFO]-[2023/12/05 16:21:19] DB Copy: Copy data from wp_postmeta to wpstg0_postmeta - 0 to 10000 records
[INFO]-[2023/12/05 16:21:19] DB Copy: Table wpstg0_posts already exists, dropping it first
[INFO]-[2023/12/05 16:21:19] DB Copy: Creating table wpstg0_posts
[INFO]-[2023/12/05 16:21:19] DB Copy: Table wp_posts contains 170 rows 
[INFO]-[2023/12/05 16:21:19] DB Copy: Copy data from wp_posts to wpstg0_posts - 0 to 10000 records
[INFO]-[2023/12/05 16:21:20] DB Copy: Table wpstg0_rmp_analytics already exists, dropping it first
[INFO]-[2023/12/05 16:21:20] DB Copy: Creating table wpstg0_rmp_analytics
[INFO]-[2023/12/05 16:21:20] DB Copy: Table wp_rmp_analytics contains 0 rows 
[INFO]-[2023/12/05 16:21:20] DB Copy: Table wpstg0_simply_static_pages already exists, dropping it first
[INFO]-[2023/12/05 16:21:20] DB Copy: Creating table wpstg0_simply_static_pages
[INFO]-[2023/12/05 16:21:20] DB Copy: Table wp_simply_static_pages contains 1008 rows 
[INFO]-[2023/12/05 16:21:20] DB Copy: Copy data from wp_simply_static_pages to wpstg0_simply_static_pages - 0 to 10000 records
[INFO]-[2023/12/05 16:21:21] DB Copy: Table wpstg0_term_relationships already exists, dropping it first
[INFO]-[2023/12/05 16:21:21] DB Copy: Creating table wpstg0_term_relationships
[INFO]-[2023/12/05 16:21:21] DB Copy: Table wp_term_relationships contains 448 rows 
[INFO]-[2023/12/05 16:21:21] DB Copy: Copy data from wp_term_relationships to wpstg0_term_relationships - 0 to 10000 records
[INFO]-[2023/12/05 16:21:21] DB Copy: Table wpstg0_term_taxonomy already exists, dropping it first
[INFO]-[2023/12/05 16:21:21] DB Copy: Creating table wpstg0_term_taxonomy
[INFO]-[2023/12/05 16:21:21] DB Copy: Table wp_term_taxonomy contains 310 rows 
[INFO]-[2023/12/05 16:21:21] DB Copy: Copy data from wp_term_taxonomy to wpstg0_term_taxonomy - 0 to 10000 records
[INFO]-[2023/12/05 16:21:22] DB Copy: Table wpstg0_termmeta already exists, dropping it first
[INFO]-[2023/12/05 16:21:22] DB Copy: Creating table wpstg0_termmeta
[INFO]-[2023/12/05 16:21:22] DB Copy: Table wp_termmeta contains 7 rows 
[INFO]-[2023/12/05 16:21:22] DB Copy: Copy data from wp_termmeta to wpstg0_termmeta - 0 to 10000 records
[INFO]-[2023/12/05 16:21:22] DB Copy: Table wpstg0_terms already exists, dropping it first
[INFO]-[2023/12/05 16:21:22] DB Copy: Creating table wpstg0_terms
[INFO]-[2023/12/05 16:21:22] DB Copy: Table wp_terms contains 310 rows 
[INFO]-[2023/12/05 16:21:22] DB Copy: Copy data from wp_terms to wpstg0_terms - 0 to 10000 records
[INFO]-[2023/12/05 16:21:23] DB Copy: Table wpstg0_tm_taskmeta already exists, dropping it first
[INFO]-[2023/12/05 16:21:23] DB Copy: Creating table wpstg0_tm_taskmeta
[INFO]-[2023/12/05 16:21:23] DB Copy: Table wp_tm_taskmeta contains 0 rows 
[INFO]-[2023/12/05 16:21:23] DB Copy: Table wpstg0_tm_tasks already exists, dropping it first
[INFO]-[2023/12/05 16:21:23] DB Copy: Creating table wpstg0_tm_tasks
[INFO]-[2023/12/05 16:21:23] DB Copy: Table wp_tm_tasks contains 0 rows 
[INFO]-[2023/12/05 16:21:24] DB Copy: Table wpstg0_usermeta already exists, dropping it first
[INFO]-[2023/12/05 16:21:24] DB Copy: Creating table wpstg0_usermeta
[INFO]-[2023/12/05 16:21:24] DB Copy: Table wp_usermeta contains 52 rows 
[INFO]-[2023/12/05 16:21:24] DB Copy: Copy data from wp_usermeta to wpstg0_usermeta - 0 to 10000 records
[INFO]-[2023/12/05 16:21:24] DB Copy: Table wpstg0_users already exists, dropping it first
[INFO]-[2023/12/05 16:21:24] DB Copy: Creating table wpstg0_users
[INFO]-[2023/12/05 16:21:24] DB Copy: Table wp_users contains 2 rows 
[INFO]-[2023/12/05 16:21:24] DB Copy: Copy data from wp_users to wpstg0_users - 0 to 10000 records
[INFO]-[2023/12/05 16:21:25] DB Copy: Table wpstg0_wpforms_payment_meta already exists, dropping it first
[INFO]-[2023/12/05 16:21:25] DB Copy: Creating table wpstg0_wpforms_payment_meta
[INFO]-[2023/12/05 16:21:25] DB Copy: Table wp_wpforms_payment_meta contains 0 rows 
[INFO]-[2023/12/05 16:21:25] DB Copy: Table wpstg0_wpforms_payments already exists, dropping it first
[INFO]-[2023/12/05 16:21:25] DB Copy: Creating table wpstg0_wpforms_payments
[INFO]-[2023/12/05 16:21:25] DB Copy: Table wp_wpforms_payments contains 0 rows 
[INFO]-[2023/12/05 16:21:26] DB Copy: Table wpstg0_wpforms_tasks_meta already exists, dropping it first
[INFO]-[2023/12/05 16:21:26] DB Copy: Creating table wpstg0_wpforms_tasks_meta
[INFO]-[2023/12/05 16:21:26] DB Copy: Table wp_wpforms_tasks_meta contains 3 rows 
[INFO]-[2023/12/05 16:21:26] DB Copy: Copy data from wp_wpforms_tasks_meta to wpstg0_wpforms_tasks_meta - 0 to 10000 records
[INFO]-[2023/12/05 16:21:26] DB Copy: Creating table wpstg0_wpstg0_actionscheduler_actions
[INFO]-[2023/12/05 16:21:26] DB Copy: Table wpstg0_actionscheduler_actions contains 20 rows 
[INFO]-[2023/12/05 16:21:26] DB Copy: Copy data from wpstg0_actionscheduler_actions to wpstg0_wpstg0_actionscheduler_actions - 0 to 10000 records
[INFO]-[2023/12/05 16:21:27] DB Copy: Creating table wpstg0_wpstg0_actionscheduler_claims
[INFO]-[2023/12/05 16:21:27] DB Copy: Table wpstg0_actionscheduler_claims contains 0 rows 
[INFO]-[2023/12/05 16:21:27] DB Copy: Creating table wpstg0_wpstg0_actionscheduler_groups
[INFO]-[2023/12/05 16:21:27] DB Copy: Table wpstg0_actionscheduler_groups contains 3 rows 
[INFO]-[2023/12/05 16:21:27] DB Copy: Copy data from wpstg0_actionscheduler_groups to wpstg0_wpstg0_actionscheduler_groups - 0 to 10000 records
[INFO]-[2023/12/05 16:21:28] DB Copy: Creating table wpstg0_wpstg0_actionscheduler_logs
[INFO]-[2023/12/05 16:21:28] DB Copy: Table wpstg0_actionscheduler_logs contains 48 rows 
[INFO]-[2023/12/05 16:21:28] DB Copy: Copy data from wpstg0_actionscheduler_logs to wpstg0_wpstg0_actionscheduler_logs - 0 to 10000 records
[INFO]-[2023/12/05 16:21:28] DB Copy: Creating table wpstg0_wpstg0_aioseo_cache
[INFO]-[2023/12/05 16:21:28] DB Copy: Table wpstg0_aioseo_cache contains 42 rows 
[INFO]-[2023/12/05 16:21:28] DB Copy: Copy data from wpstg0_aioseo_cache to wpstg0_wpstg0_aioseo_cache - 0 to 10000 records
[INFO]-[2023/12/05 16:21:29] DB Copy: Creating table wpstg0_wpstg0_aioseo_notifications
[INFO]-[2023/12/05 16:21:29] DB Copy: Table wpstg0_aioseo_notifications contains 0 rows 
[INFO]-[2023/12/05 16:21:29] DB Copy: Creating table wpstg0_wpstg0_aioseo_posts
[INFO]-[2023/12/05 16:21:29] DB Copy: Table wpstg0_aioseo_posts contains 125 rows 
[INFO]-[2023/12/05 16:21:29] DB Copy: Copy data from wpstg0_aioseo_posts to wpstg0_wpstg0_aioseo_posts - 0 to 10000 records
[INFO]-[2023/12/05 16:21:30] DB Copy: Creating table wpstg0_wpstg0_commentmeta
[INFO]-[2023/12/05 16:21:30] DB Copy: Table wpstg0_commentmeta contains 0 rows 
[INFO]-[2023/12/05 16:21:30] DB Copy: Creating table wpstg0_wpstg0_comments
[INFO]-[2023/12/05 16:21:30] DB Copy: Table wpstg0_comments contains 0 rows 
[INFO]-[2023/12/05 16:21:31] DB Copy: Creating table wpstg0_wpstg0_duplicator_packages
[INFO]-[2023/12/05 16:21:31] DB Copy: Table wpstg0_duplicator_packages contains 1 rows 
[INFO]-[2023/12/05 16:21:31] DB Copy: Copy data from wpstg0_duplicator_packages to wpstg0_wpstg0_duplicator_packages - 0 to 10000 records
[INFO]-[2023/12/05 16:21:31] DB Copy: Creating table wpstg0_wpstg0_jetpack_sync_queue
[INFO]-[2023/12/05 16:21:31] DB Copy: Table wpstg0_jetpack_sync_queue contains 0 rows 
[INFO]-[2023/12/05 16:21:32] DB Copy: Creating table wpstg0_wpstg0_links
[INFO]-[2023/12/05 16:21:32] DB Copy: Table wpstg0_links contains 0 rows 
[INFO]-[2023/12/05 16:21:32] DB Copy: Creating table wpstg0_wpstg0_options
[INFO]-[2023/12/05 16:21:33] DB Copy: Table wpstg0_options contains 755 rows 
[INFO]-[2023/12/05 16:21:33] DB Copy: Copy data from wpstg0_options to wpstg0_wpstg0_options - 0 to 10000 records
[INFO]-[2023/12/05 16:21:33] DB Copy: Creating table wpstg0_wpstg0_postmeta
[INFO]-[2023/12/05 16:21:33] DB Copy: Table wpstg0_postmeta contains 4605 rows 
[INFO]-[2023/12/05 16:21:33] DB Copy: Copy data from wpstg0_postmeta to wpstg0_wpstg0_postmeta - 0 to 10000 records
[INFO]-[2023/12/05 16:21:34] DB Copy: Creating table wpstg0_wpstg0_posts
[INFO]-[2023/12/05 16:21:34] DB Copy: Table wpstg0_posts contains 170 rows 
[INFO]-[2023/12/05 16:21:34] DB Copy: Copy data from wpstg0_posts to wpstg0_wpstg0_posts - 0 to 10000 records
[INFO]-[2023/12/05 16:21:34] DB Copy: Creating table wpstg0_wpstg0_rmp_analytics
[INFO]-[2023/12/05 16:21:34] DB Copy: Table wpstg0_rmp_analytics contains 0 rows 
[INFO]-[2023/12/05 16:21:35] DB Copy: Creating table wpstg0_wpstg0_simply_static_pages
[INFO]-[2023/12/05 16:21:35] DB Copy: Table wpstg0_simply_static_pages contains 1008 rows 
[INFO]-[2023/12/05 16:21:35] DB Copy: Copy data from wpstg0_simply_static_pages to wpstg0_wpstg0_simply_static_pages - 0 to 10000 records
[INFO]-[2023/12/05 16:21:35] DB Copy: Creating table wpstg0_wpstg0_term_relationships
[INFO]-[2023/12/05 16:21:35] DB Copy: Table wpstg0_term_relationships contains 448 rows 
[INFO]-[2023/12/05 16:21:35] DB Copy: Copy data from wpstg0_term_relationships to wpstg0_wpstg0_term_relationships - 0 to 10000 records
[INFO]-[2023/12/05 16:21:36] DB Copy: Creating table wpstg0_wpstg0_term_taxonomy
[INFO]-[2023/12/05 16:21:36] DB Copy: Table wpstg0_term_taxonomy contains 310 rows 
[INFO]-[2023/12/05 16:21:36] DB Copy: Copy data from wpstg0_term_taxonomy to wpstg0_wpstg0_term_taxonomy - 0 to 10000 records
[INFO]-[2023/12/05 16:21:36] DB Copy: Creating table wpstg0_wpstg0_termmeta
[INFO]-[2023/12/05 16:21:36] DB Copy: Table wpstg0_termmeta contains 7 rows 
[INFO]-[2023/12/05 16:21:36] DB Copy: Copy data from wpstg0_termmeta to wpstg0_wpstg0_termmeta - 0 to 10000 records
[INFO]-[2023/12/05 16:21:37] DB Copy: Creating table wpstg0_wpstg0_terms
[INFO]-[2023/12/05 16:21:37] DB Copy: Table wpstg0_terms contains 310 rows 
[INFO]-[2023/12/05 16:21:37] DB Copy: Copy data from wpstg0_terms to wpstg0_wpstg0_terms - 0 to 10000 records
[INFO]-[2023/12/05 16:21:38] DB Copy: Creating table wpstg0_wpstg0_tm_taskmeta
[INFO]-[2023/12/05 16:21:38] DB Copy: Table wpstg0_tm_taskmeta contains 0 rows 
[INFO]-[2023/12/05 16:21:38] DB Copy: Creating table wpstg0_wpstg0_tm_tasks
[INFO]-[2023/12/05 16:21:38] DB Copy: Table wpstg0_tm_tasks contains 0 rows 
[INFO]-[2023/12/05 16:21:39] DB Copy: Creating table wpstg0_wpstg0_usermeta
[INFO]-[2023/12/05 16:21:39] DB Copy: Table wpstg0_usermeta contains 52 rows 
[INFO]-[2023/12/05 16:21:39] DB Copy: Copy data from wpstg0_usermeta to wpstg0_wpstg0_usermeta - 0 to 10000 records
[INFO]-[2023/12/05 16:21:39] DB Copy: Creating table wpstg0_wpstg0_users
[INFO]-[2023/12/05 16:21:39] DB Copy: Table wpstg0_users contains 2 rows 
[INFO]-[2023/12/05 16:21:39] DB Copy: Copy data from wpstg0_users to wpstg0_wpstg0_users - 0 to 10000 records
[INFO]-[2023/12/05 16:21:40] DB Copy: Creating table wpstg0_wpstg0_wpforms_payment_meta
[INFO]-[2023/12/05 16:21:40] DB Copy: Table wpstg0_wpforms_payment_meta contains 0 rows 
[INFO]-[2023/12/05 16:21:40] DB Copy: Creating table wpstg0_wpstg0_wpforms_payments
[INFO]-[2023/12/05 16:21:40] DB Copy: Table wpstg0_wpforms_payments contains 0 rows 
[INFO]-[2023/12/05 16:21:41] DB Copy: Creating table wpstg0_wpstg0_wpforms_tasks_meta
[INFO]-[2023/12/05 16:21:41] DB Copy: Table wpstg0_wpforms_tasks_meta contains 3 rows 
[INFO]-[2023/12/05 16:21:41] DB Copy: Copy data from wpstg0_wpforms_tasks_meta to wpstg0_wpstg0_wpforms_tasks_meta - 0 to 10000 records
[INFO]-[2023/12/05 16:21:42] DB Search & Replace:  Table wpstg0_actionscheduler_actions 0 to 20000 records
[INFO]-[2023/12/05 16:21:43] DB Search & Replace:  Table wpstg0_actionscheduler_groups 0 to 20000 records
[INFO]-[2023/12/05 16:21:44] DB Search & Replace:  Table wpstg0_actionscheduler_logs 0 to 20000 records
[INFO]-[2023/12/05 16:21:44] DB Search & Replace:  Table wpstg0_aioseo_cache 0 to 20000 records
[INFO]-[2023/12/05 16:21:45] DB Search & Replace:  Table wpstg0_aioseo_posts 0 to 20000 records
[INFO]-[2023/12/05 16:21:47] DB Search & Replace:  Table wpstg0_duplicator_packages 0 to 20000 records
[INFO]-[2023/12/05 16:21:48] DB Search & Replace:  Table wpstg0_options 0 to 20000 records
[INFO]-[2023/12/05 16:21:49] DB Search & Replace:  Table wpstg0_postmeta 0 to 20000 records
[INFO]-[2023/12/05 16:21:50] DB Search & Replace:  Table wpstg0_posts 0 to 20000 records
[INFO]-[2023/12/05 16:21:51] DB Search & Replace:  Table wpstg0_simply_static_pages 0 to 20000 records
[INFO]-[2023/12/05 16:21:52] DB Search & Replace:  Table wpstg0_term_relationships 0 to 20000 records
[INFO]-[2023/12/05 16:21:52] DB Search & Replace:  Table wpstg0_term_taxonomy 0 to 20000 records
[INFO]-[2023/12/05 16:21:53] DB Search & Replace:  Table wpstg0_termmeta 0 to 20000 records
[INFO]-[2023/12/05 16:21:53] DB Search & Replace:  Table wpstg0_terms 0 to 20000 records
[INFO]-[2023/12/05 16:21:55] DB Search & Replace:  Table wpstg0_usermeta 0 to 20000 records
[INFO]-[2023/12/05 16:21:55] DB Search & Replace:  Table wpstg0_users 0 to 20000 records
[INFO]-[2023/12/05 16:21:57] DB Search & Replace:  Table wpstg0_wpforms_tasks_meta 0 to 20000 records
[INFO]-[2023/12/05 16:22:12] Scanning / for its files
[INFO]-[2023/12/05 16:22:12] Scanning wp-content/plugins/ and its sub-directories and files
[INFO]-[2023/12/05 16:22:15] Scanning wp-content/mu-plugins/ and its sub-directories and files
[INFO]-[2023/12/05 16:22:15] Scanning wp-content/themes/ and its sub-directories and files
[INFO]-[2023/12/05 16:22:16] Scanning wp-content/uploads/ and its sub-directories and files
[INFO]-[2023/12/05 16:22:16] Scanning wp-content/ for other directories and files
[INFO]-[2023/12/05 16:22:17] Scanning wp-includes/ for its sub-directories and files
[INFO]-[2023/12/05 16:22:17] Scanning wp-admin/ for its sub-directories and files
[INFO]-[2023/12/05 16:22:18] Scanning 1701612430547 for its sub-directories and files
[INFO]-[2023/12/05 16:22:21] Scanning licenses for its sub-directories and files
[INFO]-[2023/12/05 16:22:22] Scanning tmp for its sub-directories and files
[INFO]-[2023/12/05 16:22:23] Copying files...
[INFO]-[2023/12/05 16:22:23] Total 50 files processed
[INFO]-[2023/12/05 16:22:24] Total 100 files processed
[INFO]-[2023/12/05 16:22:25] Total 150 files processed
[INFO]-[2023/12/05 16:22:25] Total 200 files processed
[INFO]-[2023/12/05 16:22:26] Total 250 files processed
[INFO]-[2023/12/05 16:22:26] Total 300 files processed
[INFO]-[2023/12/05 16:22:27] Total 350 files processed
[INFO]-[2023/12/05 16:22:27] Total 400 files processed
[INFO]-[2023/12/05 16:22:28] Total 450 files processed
[INFO]-[2023/12/05 16:22:28] Total 500 files processed
[INFO]-[2023/12/05 16:22:29] Total 550 files processed
[INFO]-[2023/12/05 16:22:29] Total 600 files processed
[INFO]-[2023/12/05 16:22:30] Total 650 files processed
[INFO]-[2023/12/05 16:22:30] Total 700 files processed
[INFO]-[2023/12/05 16:22:31] Total 750 files processed
[INFO]-[2023/12/05 16:22:31] Total 800 files processed
[INFO]-[2023/12/05 16:22:32] Total 850 files processed
[INFO]-[2023/12/05 16:22:32] Total 900 files processed
[INFO]-[2023/12/05 16:22:33] Total 950 files processed
[INFO]-[2023/12/05 16:22:33] Total 1000 files processed
[INFO]-[2023/12/05 16:22:34] Total 1050 files processed
[INFO]-[2023/12/05 16:22:34] Total 1100 files processed
[INFO]-[2023/12/05 16:22:35] Total 1150 files processed
[INFO]-[2023/12/05 16:22:35] Total 1200 files processed
[INFO]-[2023/12/05 16:22:36] Total 1250 files processed
[INFO]-[2023/12/05 16:22:36] Total 1300 files processed
[INFO]-[2023/12/05 16:22:37] Total 1350 files processed
[INFO]-[2023/12/05 16:22:37] Total 1400 files processed
[INFO]-[2023/12/05 16:22:38] Total 1450 files processed
[INFO]-[2023/12/05 16:22:38] Total 1500 files processed
[INFO]-[2023/12/05 16:22:39] Total 1550 files processed
[INFO]-[2023/12/05 16:22:40] Total 1600 files processed
[INFO]-[2023/12/05 16:22:40] Total 1650 files processed
[INFO]-[2023/12/05 16:22:41] Total 1700 files processed
[INFO]-[2023/12/05 16:22:41] Total 1750 files processed
[INFO]-[2023/12/05 16:22:42] Total 1800 files processed
[INFO]-[2023/12/05 16:22:42] Total 1850 files processed
[INFO]-[2023/12/05 16:22:43] Total 1900 files processed
[INFO]-[2023/12/05 16:22:43] Total 1950 files processed
[INFO]-[2023/12/05 16:22:44] Total 2000 files processed
[INFO]-[2023/12/05 16:22:44] Total 2050 files processed
[INFO]-[2023/12/05 16:22:45] Total 2100 files processed
[INFO]-[2023/12/05 16:22:45] Total 2150 files processed
[INFO]-[2023/12/05 16:22:46] Total 2200 files processed
[INFO]-[2023/12/05 16:22:46] Total 2250 files processed
[INFO]-[2023/12/05 16:22:47] Total 2300 files processed
[INFO]-[2023/12/05 16:22:47] Total 2350 files processed
[INFO]-[2023/12/05 16:22:48] Total 2400 files processed
[INFO]-[2023/12/05 16:22:49] Total 2450 files processed
[INFO]-[2023/12/05 16:22:49] Total 2500 files processed
[INFO]-[2023/12/05 16:22:50] Total 2550 files processed
[INFO]-[2023/12/05 16:22:50] Total 2600 files processed
[INFO]-[2023/12/05 16:22:51] Total 2650 files processed
[INFO]-[2023/12/05 16:22:51] Total 2700 files processed
[INFO]-[2023/12/05 16:22:52] Total 2750 files processed
[INFO]-[2023/12/05 16:22:52] Total 2800 files processed
[INFO]-[2023/12/05 16:22:53] Total 2850 files processed
[INFO]-[2023/12/05 16:22:53] Total 2900 files processed
[INFO]-[2023/12/05 16:22:54] Total 2950 files processed
[INFO]-[2023/12/05 16:22:54] Total 3000 files processed
[INFO]-[2023/12/05 16:22:55] Total 3050 files processed
[INFO]-[2023/12/05 16:22:55] Total 3100 files processed
[INFO]-[2023/12/05 16:22:56] Total 3150 files processed
[INFO]-[2023/12/05 16:22:56] Total 3200 files processed
[INFO]-[2023/12/05 16:22:57] Total 3250 files processed
[INFO]-[2023/12/05 16:22:57] Total 3300 files processed
[INFO]-[2023/12/05 16:22:58] Total 3350 files processed
[INFO]-[2023/12/05 16:22:58] Total 3400 files processed
[INFO]-[2023/12/05 16:22:59] Total 3450 files processed
[INFO]-[2023/12/05 16:22:59] Total 3500 files processed
[INFO]-[2023/12/05 16:23:00] Total 3550 files processed
[INFO]-[2023/12/05 16:23:01] Total 3600 files processed
[INFO]-[2023/12/05 16:23:01] Total 3650 files processed
[INFO]-[2023/12/05 16:23:02] Total 3700 files processed
[INFO]-[2023/12/05 16:23:02] Total 3750 files processed
[INFO]-[2023/12/05 16:23:03] Total 3800 files processed
[INFO]-[2023/12/05 16:23:03] Total 3850 files processed
[INFO]-[2023/12/05 16:23:04] Total 3900 files processed
[INFO]-[2023/12/05 16:23:05] Total 3950 files processed
[INFO]-[2023/12/05 16:23:05] Total 4000 files processed
[INFO]-[2023/12/05 16:23:06] Total 4050 files processed
[INFO]-[2023/12/05 16:23:06] Total 4100 files processed
[INFO]-[2023/12/05 16:23:07] Total 4150 files processed
[INFO]-[2023/12/05 16:23:07] Total 4200 files processed
[INFO]-[2023/12/05 16:23:08] Total 4250 files processed
[INFO]-[2023/12/05 16:23:08] Total 4300 files processed
[INFO]-[2023/12/05 16:23:09] Total 4350 files processed
[INFO]-[2023/12/05 16:23:10] Total 4400 files processed
[INFO]-[2023/12/05 16:23:10] Total 4450 files processed
[INFO]-[2023/12/05 16:23:11] Total 4500 files processed
[INFO]-[2023/12/05 16:23:11] Total 4550 files processed
[INFO]-[2023/12/05 16:23:12] Total 4600 files processed
[INFO]-[2023/12/05 16:23:12] Total 4650 files processed
[INFO]-[2023/12/05 16:23:13] Total 4700 files processed
[INFO]-[2023/12/05 16:23:13] Total 4750 files processed
[INFO]-[2023/12/05 16:23:14] Total 4800 files processed
[INFO]-[2023/12/05 16:23:14] Total 4850 files processed
[INFO]-[2023/12/05 16:23:15] Total 4900 files processed
[INFO]-[2023/12/05 16:23:15] Total 4950 files processed
[INFO]-[2023/12/05 16:23:16] Total 5000 files processed
[INFO]-[2023/12/05 16:23:16] Total 5050 files processed
[INFO]-[2023/12/05 16:23:17] Total 5100 files processed
[INFO]-[2023/12/05 16:23:18] Total 5150 files processed
[INFO]-[2023/12/05 16:23:18] Total 5200 files processed
[INFO]-[2023/12/05 16:23:19] Total 5250 files processed
[INFO]-[2023/12/05 16:23:19] Total 5300 files processed
[INFO]-[2023/12/05 16:23:20] Total 5350 files processed
[INFO]-[2023/12/05 16:23:20] Skipping big file: /opt/bitnami/wordpress/wp-content/plugins/optinmonster/vue/dist/wp-om-app-62e98525.js.map
[INFO]-[2023/12/05 16:23:20] Total 5400 files processed
[INFO]-[2023/12/05 16:23:21] Total 5450 files processed
[INFO]-[2023/12/05 16:23:21] Total 5500 files processed
[INFO]-[2023/12/05 16:23:22] Skipping big file: /opt/bitnami/wordpress/wp-content/plugins/optinmonster/vue/dist/wp-om-app-5cdc4e27.js.map
[INFO]-[2023/12/05 16:23:22] Total 5550 files processed
[INFO]-[2023/12/05 16:23:22] Total 5600 files processed
[INFO]-[2023/12/05 16:23:23] Total 5650 files processed
[INFO]-[2023/12/05 16:23:23] Total 5700 files processed
[INFO]-[2023/12/05 16:23:24] Total 5750 files processed
[INFO]-[2023/12/05 16:23:24] Total 5800 files processed
[INFO]-[2023/12/05 16:23:25] Total 5850 files processed
[INFO]-[2023/12/05 16:23:25] Total 5900 files processed
[INFO]-[2023/12/05 16:23:26] Total 5950 files processed
[INFO]-[2023/12/05 16:23:26] Total 6000 files processed
[INFO]-[2023/12/05 16:23:27] Total 6050 files processed
[INFO]-[2023/12/05 16:23:27] Total 6100 files processed
[INFO]-[2023/12/05 16:23:28] Total 6150 files processed
[INFO]-[2023/12/05 16:23:29] Total 6200 files processed
[INFO]-[2023/12/05 16:23:29] Total 6250 files processed
[INFO]-[2023/12/05 16:23:30] Total 6300 files processed
[INFO]-[2023/12/05 16:23:30] Total 6350 files processed
[INFO]-[2023/12/05 16:23:31] Total 6400 files processed
[INFO]-[2023/12/05 16:23:31] Total 6450 files processed
[INFO]-[2023/12/05 16:23:32] Total 6500 files processed
[INFO]-[2023/12/05 16:23:32] Total 6550 files processed
[INFO]-[2023/12/05 16:23:33] Total 6600 files processed
[INFO]-[2023/12/05 16:23:33] Total 6650 files processed
[INFO]-[2023/12/05 16:23:34] Total 6700 files processed
[INFO]-[2023/12/05 16:23:34] Total 6750 files processed
[INFO]-[2023/12/05 16:23:35] Total 6800 files processed
[INFO]-[2023/12/05 16:23:35] Total 6850 files processed
[INFO]-[2023/12/05 16:23:36] Total 6900 files processed
[INFO]-[2023/12/05 16:23:36] Total 6950 files processed
[INFO]-[2023/12/05 16:23:37] Total 7000 files processed
[INFO]-[2023/12/05 16:23:38] Total 7050 files processed
[INFO]-[2023/12/05 16:23:38] Total 7100 files processed
[INFO]-[2023/12/05 16:23:39] Total 7150 files processed
[INFO]-[2023/12/05 16:23:39] Total 7200 files processed
[INFO]-[2023/12/05 16:23:40] Total 7250 files processed
[INFO]-[2023/12/05 16:23:40] Total 7300 files processed
[INFO]-[2023/12/05 16:23:41] Total 7350 files processed
[INFO]-[2023/12/05 16:23:41] Total 7400 files processed
[INFO]-[2023/12/05 16:23:42] Total 7450 files processed
[INFO]-[2023/12/05 16:23:42] Total 7500 files processed
[INFO]-[2023/12/05 16:23:43] Total 7550 files processed
[INFO]-[2023/12/05 16:23:43] Total 7600 files processed
[INFO]-[2023/12/05 16:23:44] Total 7650 files processed
[INFO]-[2023/12/05 16:23:44] Total 7700 files processed
[INFO]-[2023/12/05 16:23:45] Total 7750 files processed
[INFO]-[2023/12/05 16:23:45] Total 7800 files processed
[INFO]-[2023/12/05 16:23:46] Total 7850 files processed
[INFO]-[2023/12/05 16:23:46] Total 7900 files processed
[INFO]-[2023/12/05 16:23:47] Total 7950 files processed
[INFO]-[2023/12/05 16:23:47] Total 8000 files processed
[INFO]-[2023/12/05 16:23:48] Total 8050 files processed
[INFO]-[2023/12/05 16:23:48] Total 8100 files processed
[INFO]-[2023/12/05 16:23:49] Total 8150 files processed
[INFO]-[2023/12/05 16:23:49] Total 8200 files processed
[INFO]-[2023/12/05 16:23:50] Total 8250 files processed
[INFO]-[2023/12/05 16:23:51] Total 8300 files processed
[INFO]-[2023/12/05 16:23:51] Total 8350 files processed
[INFO]-[2023/12/05 16:23:52] Total 8400 files processed
[INFO]-[2023/12/05 16:23:52] Total 8450 files processed
[INFO]-[2023/12/05 16:23:53] Total 8500 files processed
[INFO]-[2023/12/05 16:23:53] Total 8550 files processed
[INFO]-[2023/12/05 16:23:54] Total 8600 files processed
[INFO]-[2023/12/05 16:23:55] Total 8650 files processed
[INFO]-[2023/12/05 16:23:55] Total 8700 files processed
[INFO]-[2023/12/05 16:23:56] Total 8750 files processed
[INFO]-[2023/12/05 16:23:56] Total 8800 files processed
[INFO]-[2023/12/05 16:23:57] Total 8850 files processed
[INFO]-[2023/12/05 16:23:57] Total 8900 files processed
[INFO]-[2023/12/05 16:23:58] Total 8950 files processed
[INFO]-[2023/12/05 16:23:58] Total 9000 files processed
[INFO]-[2023/12/05 16:23:59] Total 9050 files processed
[INFO]-[2023/12/05 16:24:00] Total 9100 files processed
[INFO]-[2023/12/05 16:24:00] Total 9150 files processed
[INFO]-[2023/12/05 16:24:01] Total 9200 files processed
[INFO]-[2023/12/05 16:24:01] Total 9250 files processed
[INFO]-[2023/12/05 16:24:02] Total 9300 files processed
[INFO]-[2023/12/05 16:24:03] Total 9350 files processed
[INFO]-[2023/12/05 16:24:03] Total 9400 files processed
[INFO]-[2023/12/05 16:24:04] Total 9450 files processed
[INFO]-[2023/12/05 16:24:04] Total 9500 files processed
[INFO]-[2023/12/05 16:24:05] Total 9550 files processed
[INFO]-[2023/12/05 16:24:05] Total 9600 files processed
[INFO]-[2023/12/05 16:24:06] Total 9650 files processed
[INFO]-[2023/12/05 16:24:06] Total 9700 files processed
[INFO]-[2023/12/05 16:24:07] Total 9750 files processed
[INFO]-[2023/12/05 16:24:07] Total 9800 files processed
[INFO]-[2023/12/05 16:24:08] Total 9850 files processed
[INFO]-[2023/12/05 16:24:08] Total 9900 files processed
[INFO]-[2023/12/05 16:24:09] Total 9950 files processed
[INFO]-[2023/12/05 16:24:09] Total 10000 files processed
[INFO]-[2023/12/05 16:24:10] Total 10050 files processed
[INFO]-[2023/12/05 16:24:10] Total 10100 files processed
[INFO]-[2023/12/05 16:24:11] Total 10150 files processed
[INFO]-[2023/12/05 16:24:11] Total 10200 files processed
[INFO]-[2023/12/05 16:24:12] Total 10250 files processed
[INFO]-[2023/12/05 16:24:13] Total 10300 files processed
[INFO]-[2023/12/05 16:24:13] Total 10350 files processed
[INFO]-[2023/12/05 16:24:14] Total 10400 files processed
[INFO]-[2023/12/05 16:24:14] Total 10450 files processed
[INFO]-[2023/12/05 16:24:15] Total 10500 files processed
[INFO]-[2023/12/05 16:24:15] Total 10550 files processed
[INFO]-[2023/12/05 16:24:16] Total 10600 files processed
[INFO]-[2023/12/05 16:24:16] Total 10650 files processed
[INFO]-[2023/12/05 16:24:17] Total 10700 files processed
[INFO]-[2023/12/05 16:24:17] Total 10750 files processed
[INFO]-[2023/12/05 16:24:18] Total 10800 files processed
[INFO]-[2023/12/05 16:24:18] Total 10850 files processed
[INFO]-[2023/12/05 16:24:19] Total 10900 files processed
[INFO]-[2023/12/05 16:24:19] Total 10950 files processed
[INFO]-[2023/12/05 16:24:20] Total 11000 files processed
[INFO]-[2023/12/05 16:24:20] Total 11050 files processed
[INFO]-[2023/12/05 16:24:21] Total 11100 files processed
[INFO]-[2023/12/05 16:24:21] Total 11150 files processed
[INFO]-[2023/12/05 16:24:22] Total 11200 files processed
[INFO]-[2023/12/05 16:24:22] Total 11250 files processed
[INFO]-[2023/12/05 16:24:23] Total 11300 files processed
[INFO]-[2023/12/05 16:24:23] Total 11350 files processed
[INFO]-[2023/12/05 16:24:24] Total 11400 files processed
[INFO]-[2023/12/05 16:24:24] Total 11450 files processed
[INFO]-[2023/12/05 16:24:25] Total 11500 files processed
[INFO]-[2023/12/05 16:24:25] Total 11550 files processed
[INFO]-[2023/12/05 16:24:26] Total 11600 files processed
[INFO]-[2023/12/05 16:24:26] Total 11650 files processed
[INFO]-[2023/12/05 16:24:27] Total 11700 files processed
[INFO]-[2023/12/05 16:24:28] Total 11750 files processed
[INFO]-[2023/12/05 16:24:28] Total 11800 files processed
[INFO]-[2023/12/05 16:24:29] Total 11850 files processed
[INFO]-[2023/12/05 16:24:29] Total 11900 files processed
[INFO]-[2023/12/05 16:24:30] Total 11950 files processed
[INFO]-[2023/12/05 16:24:30] Total 12000 files processed
[INFO]-[2023/12/05 16:24:31] Total 12050 files processed
[INFO]-[2023/12/05 16:24:31] Total 12100 files processed
[INFO]-[2023/12/05 16:24:32] Total 12150 files processed
[INFO]-[2023/12/05 16:24:32] Total 12200 files processed
[INFO]-[2023/12/05 16:24:33] Total 12250 files processed
[INFO]-[2023/12/05 16:24:33] Total 12300 files processed
[INFO]-[2023/12/05 16:24:34] Total 12350 files processed
[INFO]-[2023/12/05 16:24:34] Total 12400 files processed
[INFO]-[2023/12/05 16:24:35] Total 12450 files processed
[INFO]-[2023/12/05 16:24:35] Total 12500 files processed
[INFO]-[2023/12/05 16:24:36] Total 12550 files processed
[INFO]-[2023/12/05 16:24:36] Total 12600 files processed
[INFO]-[2023/12/05 16:24:37] Total 12650 files processed
[INFO]-[2023/12/05 16:24:37] Total 12700 files processed
[INFO]-[2023/12/05 16:24:38] Total 12750 files processed
[INFO]-[2023/12/05 16:24:38] Total 12800 files processed
[INFO]-[2023/12/05 16:24:39] Total 12850 files processed
[INFO]-[2023/12/05 16:24:40] Total 12900 files processed
[INFO]-[2023/12/05 16:24:40] Total 12950 files processed
[INFO]-[2023/12/05 16:24:41] Total 13000 files processed
[INFO]-[2023/12/05 16:24:41] Total 13050 files processed
[INFO]-[2023/12/05 16:24:42] Total 13100 files processed
[INFO]-[2023/12/05 16:24:42] Total 13150 files processed
[INFO]-[2023/12/05 16:24:43] Total 13200 files processed
[INFO]-[2023/12/05 16:24:43] Total 13250 files processed
[INFO]-[2023/12/05 16:24:44] Total 13300 files processed
[INFO]-[2023/12/05 16:24:44] Total 13350 files processed
[INFO]-[2023/12/05 16:24:45] Total 13400 files processed
[INFO]-[2023/12/05 16:24:45] Total 13450 files processed
[INFO]-[2023/12/05 16:24:46] Total 13500 files processed
[INFO]-[2023/12/05 16:24:46] Total 13550 files processed
[INFO]-[2023/12/05 16:24:47] Total 13600 files processed
[INFO]-[2023/12/05 16:24:47] Total 13650 files processed
[INFO]-[2023/12/05 16:24:48] Total 13700 files processed
[INFO]-[2023/12/05 16:24:49] Total 13750 files processed
[INFO]-[2023/12/05 16:24:49] Total 13800 files processed
[INFO]-[2023/12/05 16:24:50] Total 13850 files processed
[INFO]-[2023/12/05 16:24:50] Total 13900 files processed
[INFO]-[2023/12/05 16:24:51] Total 13950 files processed
[INFO]-[2023/12/05 16:24:51] Total 14000 files processed
[INFO]-[2023/12/05 16:24:52] Total 14050 files processed
[INFO]-[2023/12/05 16:24:52] Total 14100 files processed
[INFO]-[2023/12/05 16:24:53] Total 14150 files processed
[INFO]-[2023/12/05 16:24:53] Total 14200 files processed
[INFO]-[2023/12/05 16:24:54] Total 14250 files processed
[INFO]-[2023/12/05 16:24:54] Total 14300 files processed
[INFO]-[2023/12/05 16:24:55] Total 14350 files processed
[INFO]-[2023/12/05 16:24:55] Total 14400 files processed
[INFO]-[2023/12/05 16:24:56] Total 14450 files processed
[INFO]-[2023/12/05 16:24:56] Total 14500 files processed
[INFO]-[2023/12/05 16:24:57] Total 14550 files processed
[INFO]-[2023/12/05 16:24:58] Total 14600 files processed
[INFO]-[2023/12/05 16:24:58] Total 14650 files processed
[INFO]-[2023/12/05 16:24:59] Total 14700 files processed
[INFO]-[2023/12/05 16:24:59] Total 14750 files processed
[INFO]-[2023/12/05 16:25:00] Total 14800 files processed
[INFO]-[2023/12/05 16:25:00] Total 14850 files processed
[INFO]-[2023/12/05 16:25:01] Total 14900 files processed
[INFO]-[2023/12/05 16:25:01] Total 14950 files processed
[INFO]-[2023/12/05 16:25:02] Total 15000 files processed
[INFO]-[2023/12/05 16:25:03] Total 15050 files processed
[INFO]-[2023/12/05 16:25:03] Total 15100 files processed
[INFO]-[2023/12/05 16:25:04] Total 15150 files processed
[INFO]-[2023/12/05 16:25:04] Total 15200 files processed
[INFO]-[2023/12/05 16:25:05] Total 15250 files processed
[INFO]-[2023/12/05 16:25:05] Total 15300 files processed
[INFO]-[2023/12/05 16:25:06] Total 15350 files processed
[INFO]-[2023/12/05 16:25:06] Total 15400 files processed
[INFO]-[2023/12/05 16:25:07] Total 15450 files processed
[INFO]-[2023/12/05 16:25:07] Total 15500 files processed
[INFO]-[2023/12/05 16:25:08] Total 15550 files processed
[INFO]-[2023/12/05 16:25:08] Total 15600 files processed
[INFO]-[2023/12/05 16:25:09] Total 15650 files processed
[INFO]-[2023/12/05 16:25:09] Total 15700 files processed
[INFO]-[2023/12/05 16:25:10] Total 15750 files processed
[INFO]-[2023/12/05 16:25:10] Total 15800 files processed
[INFO]-[2023/12/05 16:25:11] Total 15850 files processed
[INFO]-[2023/12/05 16:25:11] Total 15900 files processed
[INFO]-[2023/12/05 16:25:12] Total 15950 files processed
[INFO]-[2023/12/05 16:25:13] Total 16000 files processed
[INFO]-[2023/12/05 16:25:13] Total 16050 files processed
[INFO]-[2023/12/05 16:25:14] Total 16100 files processed
[INFO]-[2023/12/05 16:25:14] Total 16150 files processed
[INFO]-[2023/12/05 16:25:15] Total 16200 files processed
[INFO]-[2023/12/05 16:25:15] Total 16250 files processed
[INFO]-[2023/12/05 16:25:16] Total 16300 files processed
[INFO]-[2023/12/05 16:25:16] Total 16350 files processed
[INFO]-[2023/12/05 16:25:17] Total 16400 files processed
[INFO]-[2023/12/05 16:25:17] Total 16450 files processed
[INFO]-[2023/12/05 16:25:18] Total 16500 files processed
[INFO]-[2023/12/05 16:25:18] Total 16550 files processed
[INFO]-[2023/12/05 16:25:19] Total 16600 files processed
[INFO]-[2023/12/05 16:25:19] Total 16650 files processed
[INFO]-[2023/12/05 16:25:20] Total 16700 files processed
[INFO]-[2023/12/05 16:25:20] Total 16750 files processed
[INFO]-[2023/12/05 16:25:21] Total 16800 files processed
[INFO]-[2023/12/05 16:25:21] Total 16850 files processed
[INFO]-[2023/12/05 16:25:22] Total 16900 files processed
[INFO]-[2023/12/05 16:25:23] Total 16950 files processed
[INFO]-[2023/12/05 16:25:23] Total 17000 files processed
[INFO]-[2023/12/05 16:25:24] Total 17050 files processed
[INFO]-[2023/12/05 16:25:24] Total 17100 files processed
[INFO]-[2023/12/05 16:25:25] Total 17150 files processed
[INFO]-[2023/12/05 16:25:25] Total 17200 files processed
[INFO]-[2023/12/05 16:25:26] Total 17250 files processed
[INFO]-[2023/12/05 16:25:27] Total 17300 files processed
[INFO]-[2023/12/05 16:25:27] Total 17350 files processed
[INFO]-[2023/12/05 16:25:28] Total 17400 files processed
[INFO]-[2023/12/05 16:25:28] Total 17450 files processed
[INFO]-[2023/12/05 16:25:29] Total 17500 files processed
[INFO]-[2023/12/05 16:25:29] Total 17550 files processed
[INFO]-[2023/12/05 16:25:30] Total 17600 files processed
[INFO]-[2023/12/05 16:25:30] Total 17650 files processed
[INFO]-[2023/12/05 16:25:31] Total 17700 files processed
[INFO]-[2023/12/05 16:25:31] Total 17750 files processed
[INFO]-[2023/12/05 16:25:32] Total 17800 files processed
[INFO]-[2023/12/05 16:25:33] Total 17850 files processed
[INFO]-[2023/12/05 16:25:33] Total 17900 files processed
[INFO]-[2023/12/05 16:25:34] Total 17950 files processed
[INFO]-[2023/12/05 16:25:34] Total 18000 files processed
[INFO]-[2023/12/05 16:25:35] Total 18050 files processed
[INFO]-[2023/12/05 16:25:35] Total 18100 files processed
[INFO]-[2023/12/05 16:25:36] Total 18150 files processed
[INFO]-[2023/12/05 16:25:36] Total 18200 files processed
[INFO]-[2023/12/05 16:25:37] Total 18250 files processed
[INFO]-[2023/12/05 16:25:37] Total 18300 files processed
[INFO]-[2023/12/05 16:25:38] Total 18350 files processed
[INFO]-[2023/12/05 16:25:38] Total 18400 files processed
[INFO]-[2023/12/05 16:25:39] Total 18450 files processed
[INFO]-[2023/12/05 16:25:39] Total 18500 files processed
[INFO]-[2023/12/05 16:25:40] Total 18550 files processed
[INFO]-[2023/12/05 16:25:40] Total 18600 files processed
[INFO]-[2023/12/05 16:25:41] Total 18650 files processed
[INFO]-[2023/12/05 16:25:41] Total 18700 files processed
[INFO]-[2023/12/05 16:25:42] Total 18750 files processed
[INFO]-[2023/12/05 16:25:43] Total 18800 files processed
[INFO]-[2023/12/05 16:25:43] Skipping big file: /opt/bitnami/wordpress/wp-content/backups-dup-lite/20231203_addisonmods_f648fb77e450792f8337_20231203135812_archive.zip
[INFO]-[2023/12/05 16:25:43] Total 18850 files processed
[INFO]-[2023/12/05 16:25:44] Total 18900 files processed
[INFO]-[2023/12/05 16:25:44] Total 18950 files processed
[INFO]-[2023/12/05 16:25:45] Total 19000 files processed
[INFO]-[2023/12/05 16:25:45] Total 19050 files processed
[INFO]-[2023/12/05 16:25:46] Total 19100 files processed
[INFO]-[2023/12/05 16:25:46] Total 19150 files processed
[INFO]-[2023/12/05 16:25:47] Total 19200 files processed
[INFO]-[2023/12/05 16:25:47] Total 19250 files processed
[INFO]-[2023/12/05 16:25:48] Total 19300 files processed
[INFO]-[2023/12/05 16:25:48] Total 19350 files processed
[INFO]-[2023/12/05 16:25:49] Total 19400 files processed
[INFO]-[2023/12/05 16:25:50] Total 19450 files processed
[INFO]-[2023/12/05 16:25:50] Total 19500 files processed
[INFO]-[2023/12/05 16:25:51] Total 19550 files processed
[INFO]-[2023/12/05 16:25:51] Total 19600 files processed
[INFO]-[2023/12/05 16:25:52] Total 19650 files processed
[INFO]-[2023/12/05 16:25:52] Total 19700 files processed
[INFO]-[2023/12/05 16:25:53] Total 19750 files processed
[INFO]-[2023/12/05 16:25:53] Total 19800 files processed
[INFO]-[2023/12/05 16:25:54] Total 19850 files processed
[INFO]-[2023/12/05 16:25:54] Total 19900 files processed
[INFO]-[2023/12/05 16:25:55] Total 19950 files processed
[INFO]-[2023/12/05 16:25:55] Total 20000 files processed
[INFO]-[2023/12/05 16:25:56] Total 20050 files processed
[INFO]-[2023/12/05 16:25:56] Total 20100 files processed
[INFO]-[2023/12/05 16:25:57] Total 20150 files processed
[INFO]-[2023/12/05 16:25:57] Total 20200 files processed
[INFO]-[2023/12/05 16:25:58] Total 20250 files processed
[INFO]-[2023/12/05 16:25:59] Total 20300 files processed
[INFO]-[2023/12/05 16:25:59] Total 20350 files processed
[INFO]-[2023/12/05 16:26:00] Total 20400 files processed
[INFO]-[2023/12/05 16:26:00] Total 20450 files processed
[INFO]-[2023/12/05 16:26:01] Total 20500 files processed
[INFO]-[2023/12/05 16:26:01] Total 20550 files processed
[INFO]-[2023/12/05 16:26:02] Total 20600 files processed
[INFO]-[2023/12/05 16:26:02] Total 20650 files processed
[INFO]-[2023/12/05 16:26:03] Total 20700 files processed
[INFO]-[2023/12/05 16:26:04] Total 20750 files processed
[INFO]-[2023/12/05 16:26:04] Total 20800 files processed
[INFO]-[2023/12/05 16:26:05] Total 20850 files processed
[INFO]-[2023/12/05 16:26:05] Total 20900 files processed
[INFO]-[2023/12/05 16:26:06] Total 20950 files processed
[INFO]-[2023/12/05 16:26:06] Total 21000 files processed
[INFO]-[2023/12/05 16:26:07] Total 21050 files processed
[INFO]-[2023/12/05 16:26:07] Total 21100 files processed
[INFO]-[2023/12/05 16:26:08] Total 21150 files processed
[INFO]-[2023/12/05 16:26:08] Total 21200 files processed
[INFO]-[2023/12/05 16:26:09] Total 21250 files processed
[INFO]-[2023/12/05 16:26:09] Total 21300 files processed
[INFO]-[2023/12/05 16:26:10] Total 21350 files processed
[INFO]-[2023/12/05 16:26:10] Total 21400 files processed
[INFO]-[2023/12/05 16:26:11] Total 21450 files processed
[INFO]-[2023/12/05 16:26:11] Total 21500 files processed
[INFO]-[2023/12/05 16:26:12] Total 21550 files processed
[INFO]-[2023/12/05 16:26:12] Total 21600 files processed
[INFO]-[2023/12/05 16:26:13] Total 21650 files processed
[INFO]-[2023/12/05 16:26:13] Total 21700 files processed
[INFO]-[2023/12/05 16:26:14] Total 21750 files processed
[INFO]-[2023/12/05 16:26:14] Total 21800 files processed
[INFO]-[2023/12/05 16:26:15] Total 21850 files processed
[INFO]-[2023/12/05 16:26:15] Total 21900 files processed
[INFO]-[2023/12/05 16:26:16] Total 21950 files processed
[INFO]-[2023/12/05 16:26:16] Total 22000 files processed
[INFO]-[2023/12/05 16:26:17] Total 22050 files processed
[INFO]-[2023/12/05 16:26:17] Total 22100 files processed
[INFO]-[2023/12/05 16:26:17] Total 22150 files processed
[INFO]-[2023/12/05 16:26:18] Total 22200 files processed
[INFO]-[2023/12/05 16:26:19] Total 22250 files processed
[INFO]-[2023/12/05 16:26:19] Total 22300 files processed
[INFO]-[2023/12/05 16:26:20] Total 22350 files processed
[INFO]-[2023/12/05 16:26:20] Total 22400 files processed
[INFO]-[2023/12/05 16:26:21] Total 22450 files processed
[INFO]-[2023/12/05 16:26:21] Total 22500 files processed
[INFO]-[2023/12/05 16:26:22] Total 22550 files processed
[INFO]-[2023/12/05 16:26:22] Total 22600 files processed
[INFO]-[2023/12/05 16:26:23] Total 22650 files processed
[INFO]-[2023/12/05 16:26:23] Total 22700 files processed
[INFO]-[2023/12/05 16:26:24] Total 22750 files processed
[INFO]-[2023/12/05 16:26:24] Total 22800 files processed
[INFO]-[2023/12/05 16:26:25] Total 22850 files processed
[INFO]-[2023/12/05 16:26:25] Total 22900 files processed
[INFO]-[2023/12/05 16:26:25] Total 22950 files processed
[INFO]-[2023/12/05 16:26:26] Total 23000 files processed
[INFO]-[2023/12/05 16:26:26] Total 23050 files processed
[INFO]-[2023/12/05 16:26:27] Total 23100 files processed
[INFO]-[2023/12/05 16:26:27] Total 23150 files processed
[INFO]-[2023/12/05 16:26:28] Total 23200 files processed
[INFO]-[2023/12/05 16:26:28] Total 23250 files processed
[INFO]-[2023/12/05 16:26:29] Total 23300 files processed
[INFO]-[2023/12/05 16:26:29] Total 23350 files processed
[INFO]-[2023/12/05 16:26:30] Total 23400 files processed
[INFO]-[2023/12/05 16:26:30] Total 23450 files processed
[INFO]-[2023/12/05 16:26:31] Total 23500 files processed
[INFO]-[2023/12/05 16:26:31] Total 23550 files processed
[INFO]-[2023/12/05 16:26:32] Total 23600 files processed
[INFO]-[2023/12/05 16:26:32] Total 23650 files processed
[INFO]-[2023/12/05 16:26:33] Total 23700 files processed
[INFO]-[2023/12/05 16:26:33] Total 23750 files processed
[INFO]-[2023/12/05 16:26:34] Total 23800 files processed
[INFO]-[2023/12/05 16:26:34] Total 23850 files processed
[INFO]-[2023/12/05 16:26:35] Total 23900 files processed
[INFO]-[2023/12/05 16:26:35] Total 23950 files processed
[INFO]-[2023/12/05 16:26:36] Total 24000 files processed
[INFO]-[2023/12/05 16:26:36] Total 24050 files processed
[INFO]-[2023/12/05 16:26:37] Total 24100 files processed
[INFO]-[2023/12/05 16:26:37] Total 24150 files processed
[INFO]-[2023/12/05 16:26:38] Total 24200 files processed
[INFO]-[2023/12/05 16:26:38] Total 24250 files processed
[INFO]-[2023/12/05 16:26:39] Total 24300 files processed
[INFO]-[2023/12/05 16:26:39] Total 24350 files processed
[INFO]-[2023/12/05 16:26:40] Total 24400 files processed
[INFO]-[2023/12/05 16:26:40] Total 24450 files processed
[INFO]-[2023/12/05 16:26:41] Total 24500 files processed
[INFO]-[2023/12/05 16:26:42] Total 24550 files processed
[INFO]-[2023/12/05 16:26:42] Total 24600 files processed
[INFO]-[2023/12/05 16:26:43] Total 24650 files processed
[INFO]-[2023/12/05 16:26:43] Total 24700 files processed
[INFO]-[2023/12/05 16:26:44] Total 24750 files processed
[INFO]-[2023/12/05 16:26:44] Total 24800 files processed
[INFO]-[2023/12/05 16:26:45] Total 24850 files processed
[INFO]-[2023/12/05 16:26:45] Total 24900 files processed
[INFO]-[2023/12/05 16:26:46] Total 24950 files processed
[INFO]-[2023/12/05 16:26:46] Total 25000 files processed
[INFO]-[2023/12/05 16:26:47] Total 25050 files processed
[INFO]-[2023/12/05 16:26:47] Total 25100 files processed
[INFO]-[2023/12/05 16:26:48] Total 25150 files processed
[INFO]-[2023/12/05 16:26:48] Total 25200 files processed
[INFO]-[2023/12/05 16:26:49] Total 25250 files processed
[INFO]-[2023/12/05 16:26:49] Total 25300 files processed
[INFO]-[2023/12/05 16:26:50] Total 25350 files processed
[INFO]-[2023/12/05 16:26:50] Total 25400 files processed
[INFO]-[2023/12/05 16:26:51] Total 25450 files processed
[INFO]-[2023/12/05 16:26:51] Total 25500 files processed
[INFO]-[2023/12/05 16:26:52] Total 25550 files processed
[INFO]-[2023/12/05 16:26:52] Total 25600 files processed
[INFO]-[2023/12/05 16:26:53] Total 25650 files processed
[INFO]-[2023/12/05 16:26:53] Total 25700 files processed
[INFO]-[2023/12/05 16:26:54] Total 25750 files processed
[INFO]-[2023/12/05 16:26:54] Total 25800 files processed
[INFO]-[2023/12/05 16:26:55] Total 25850 files processed
[INFO]-[2023/12/05 16:26:55] Total 25900 files processed
[INFO]-[2023/12/05 16:26:56] Total 25950 files processed
[INFO]-[2023/12/05 16:26:56] Total 26000 files processed
[INFO]-[2023/12/05 16:26:57] Total 26050 files processed
[INFO]-[2023/12/05 16:26:57] Total 26100 files processed
[INFO]-[2023/12/05 16:26:58] Total 26150 files processed
[INFO]-[2023/12/05 16:26:58] Total 26200 files processed
[INFO]-[2023/12/05 16:26:59] Total 26250 files processed
[INFO]-[2023/12/05 16:27:00] Total 26300 files processed
[INFO]-[2023/12/05 16:27:00] Total 26350 files processed
[INFO]-[2023/12/05 16:27:01] Total 26400 files processed
[INFO]-[2023/12/05 16:27:01] Total 26450 files processed
[INFO]-[2023/12/05 16:27:02] Total 26500 files processed
[INFO]-[2023/12/05 16:27:02] Total 26550 files processed
[INFO]-[2023/12/05 16:27:03] Total 26600 files processed
[INFO]-[2023/12/05 16:27:03] Total 26650 files processed
[INFO]-[2023/12/05 16:27:04] Total 26700 files processed
[INFO]-[2023/12/05 16:27:04] Total 26750 files processed
[INFO]-[2023/12/05 16:27:05] Total 26800 files processed
[INFO]-[2023/12/05 16:27:05] Total 26850 files processed
[INFO]-[2023/12/05 16:27:06] Total 26900 files processed
[INFO]-[2023/12/05 16:27:06] Total 26950 files processed
[INFO]-[2023/12/05 16:27:07] Total 27000 files processed
[INFO]-[2023/12/05 16:27:08] Total 27050 files processed
[INFO]-[2023/12/05 16:27:08] Total 27100 files processed
[INFO]-[2023/12/05 16:27:09] Total 27150 files processed
[INFO]-[2023/12/05 16:27:09] Total 27200 files processed
[INFO]-[2023/12/05 16:27:10] Total 27250 files processed
[INFO]-[2023/12/05 16:27:10] Total 27300 files processed
[INFO]-[2023/12/05 16:27:11] Total 27350 files processed
[INFO]-[2023/12/05 16:27:11] Total 27400 files processed
[INFO]-[2023/12/05 16:27:12] Total 27450 files processed
[INFO]-[2023/12/05 16:27:12] Total 27500 files processed
[INFO]-[2023/12/05 16:27:13] Total 27550 files processed
[INFO]-[2023/12/05 16:27:13] Total 27600 files processed
[INFO]-[2023/12/05 16:27:14] Total 27650 files processed
[INFO]-[2023/12/05 16:27:15] Total 27700 files processed
[INFO]-[2023/12/05 16:27:15] Total 27750 files processed
[INFO]-[2023/12/05 16:27:16] Total 27800 files processed
[INFO]-[2023/12/05 16:27:16] Total 27850 files processed
[INFO]-[2023/12/05 16:27:17] Total 27900 files processed
[INFO]-[2023/12/05 16:27:17] Total 27950 files processed
[INFO]-[2023/12/05 16:27:18] Total 28000 files processed
[INFO]-[2023/12/05 16:27:18] Total 28050 files processed
[INFO]-[2023/12/05 16:27:19] Total 28100 files processed
[INFO]-[2023/12/05 16:27:19] Total 28150 files processed
[INFO]-[2023/12/05 16:27:20] Total 28200 files processed
[INFO]-[2023/12/05 16:27:20] Total 28250 files processed
[INFO]-[2023/12/05 16:27:21] Total 28300 files processed
[INFO]-[2023/12/05 16:27:21] Total 28350 files processed
[INFO]-[2023/12/05 16:27:22] Total 28400 files processed
[INFO]-[2023/12/05 16:27:22] Total 28450 files processed
[INFO]-[2023/12/05 16:27:23] Total 28500 files processed
[INFO]-[2023/12/05 16:27:23] Total 28550 files processed
[INFO]-[2023/12/05 16:27:24] Total 28600 files processed
[INFO]-[2023/12/05 16:27:24] Total 28650 files processed
[INFO]-[2023/12/05 16:27:25] Total 28700 files processed
[INFO]-[2023/12/05 16:27:25] Total 28750 files processed
[INFO]-[2023/12/05 16:27:26] Total 28800 files processed
[INFO]-[2023/12/05 16:27:27] Total 28850 files processed
[INFO]-[2023/12/05 16:27:27] Total 28900 files processed
[INFO]-[2023/12/05 16:27:28] Total 28950 files processed
[INFO]-[2023/12/05 16:27:28] Total 29000 files processed
[INFO]-[2023/12/05 16:27:29] Total 29050 files processed
[INFO]-[2023/12/05 16:27:29] Total 29100 files processed
[INFO]-[2023/12/05 16:27:30] Total 29150 files processed
[INFO]-[2023/12/05 16:27:31] Total 29200 files processed
[INFO]-[2023/12/05 16:27:31] Total 29250 files processed
[INFO]-[2023/12/05 16:27:32] Total 29300 files processed
[INFO]-[2023/12/05 16:27:32] Total 29350 files processed
[INFO]-[2023/12/05 16:27:33] Total 29400 files processed
[INFO]-[2023/12/05 16:27:33] Total 29450 files processed
[INFO]-[2023/12/05 16:27:34] Total 29500 files processed
[INFO]-[2023/12/05 16:27:35] Total 29550 files processed
[INFO]-[2023/12/05 16:27:35] Total 29600 files processed
[INFO]-[2023/12/05 16:27:36] Total 29650 files processed
[INFO]-[2023/12/05 16:27:36] Total 29700 files processed
[INFO]-[2023/12/05 16:27:37] Total 29750 files processed
[INFO]-[2023/12/05 16:27:37] Total 29800 files processed
[INFO]-[2023/12/05 16:27:38] Total 29850 files processed
[INFO]-[2023/12/05 16:27:38] Total 29900 files processed
[INFO]-[2023/12/05 16:27:39] Total 29950 files processed
[INFO]-[2023/12/05 16:27:39] Total 30000 files processed
[INFO]-[2023/12/05 16:27:40] Total 30050 files processed
[INFO]-[2023/12/05 16:27:40] Total 30100 files processed
[INFO]-[2023/12/05 16:27:41] Total 30150 files processed
[INFO]-[2023/12/05 16:27:41] Total 30200 files processed
[INFO]-[2023/12/05 16:27:42] Total 30250 files processed
[INFO]-[2023/12/05 16:27:43] Total 30300 files processed
[INFO]-[2023/12/05 16:27:43] Total 30350 files processed
[INFO]-[2023/12/05 16:27:44] Total 30400 files processed
[INFO]-[2023/12/05 16:27:44] Total 30450 files processed
[INFO]-[2023/12/05 16:27:45] Total 30500 files processed
[INFO]-[2023/12/05 16:27:45] Total 30550 files processed
[INFO]-[2023/12/05 16:27:46] Total 30600 files processed
[INFO]-[2023/12/05 16:27:46] Total 30650 files processed
[INFO]-[2023/12/05 16:27:47] Total 30700 files processed
[INFO]-[2023/12/05 16:27:47] Total 30750 files processed
[INFO]-[2023/12/05 16:27:48] Total 30800 files processed
[INFO]-[2023/12/05 16:27:48] Total 30850 files processed
[INFO]-[2023/12/05 16:27:49] Total 30900 files processed
[INFO]-[2023/12/05 16:27:50] Total 30950 files processed
[INFO]-[2023/12/05 16:27:50] Total 31000 files processed
[INFO]-[2023/12/05 16:27:51] Total 31050 files processed
[INFO]-[2023/12/05 16:27:51] Total 31100 files processed
[INFO]-[2023/12/05 16:27:52] Total 31150 files processed
[INFO]-[2023/12/05 16:27:52] Total 31200 files processed
[INFO]-[2023/12/05 16:27:53] Total 31250 files processed
[INFO]-[2023/12/05 16:27:53] Total 31300 files processed
[INFO]-[2023/12/05 16:27:54] Total 31350 files processed
[INFO]-[2023/12/05 16:27:54] Total 31400 files processed
[INFO]-[2023/12/05 16:27:55] Total 31450 files processed
[INFO]-[2023/12/05 16:27:55] Total 31500 files processed
[INFO]-[2023/12/05 16:27:56] Total 31550 files processed
[INFO]-[2023/12/05 16:27:56] Total 31600 files processed
[INFO]-[2023/12/05 16:27:57] Total 31650 files processed
[INFO]-[2023/12/05 16:27:58] Total 31700 files processed
[INFO]-[2023/12/05 16:27:58] Total 31750 files processed
[INFO]-[2023/12/05 16:27:59] Total 31800 files processed
[INFO]-[2023/12/05 16:27:59] Total 31850 files processed
[INFO]-[2023/12/05 16:28:00] Total 31900 files processed
[INFO]-[2023/12/05 16:28:00] Total 31950 files processed
[INFO]-[2023/12/05 16:28:01] Total 32000 files processed
[INFO]-[2023/12/05 16:28:01] Total 32050 files processed
[INFO]-[2023/12/05 16:28:02] Total 32100 files processed
[INFO]-[2023/12/05 16:28:02] Total 32150 files processed
[INFO]-[2023/12/05 16:28:03] Total 32200 files processed
[INFO]-[2023/12/05 16:28:03] Total 32250 files processed
[INFO]-[2023/12/05 16:28:04] Total 32300 files processed
[INFO]-[2023/12/05 16:28:05] Total 32350 files processed
[INFO]-[2023/12/05 16:28:05] Total 32400 files processed
[INFO]-[2023/12/05 16:28:06] Total 32450 files processed
[INFO]-[2023/12/05 16:28:06] Total 32500 files processed
[INFO]-[2023/12/05 16:28:07] Total 32550 files processed
[INFO]-[2023/12/05 16:28:08] Total 32600 files processed
[INFO]-[2023/12/05 16:28:08] Total 32650 files processed
[INFO]-[2023/12/05 16:28:09] Total 32700 files processed
[INFO]-[2023/12/05 16:28:09] Total 32750 files processed
[INFO]-[2023/12/05 16:28:10] Total 32800 files processed
[INFO]-[2023/12/05 16:28:10] Total 32850 files processed
[INFO]-[2023/12/05 16:28:11] Total 32900 files processed
[INFO]-[2023/12/05 16:28:11] Total 32950 files processed
[INFO]-[2023/12/05 16:28:12] Total 33000 files processed
[INFO]-[2023/12/05 16:28:12] Total 33050 files processed
[INFO]-[2023/12/05 16:28:13] Total 33100 files processed
[INFO]-[2023/12/05 16:28:13] Total 33150 files processed
[INFO]-[2023/12/05 16:28:14] Total 33200 files processed
[INFO]-[2023/12/05 16:28:14] Total 33250 files processed
[INFO]-[2023/12/05 16:28:15] Total 33300 files processed
[INFO]-[2023/12/05 16:28:15] Total 33350 files processed
[INFO]-[2023/12/05 16:28:16] Total 33400 files processed
[INFO]-[2023/12/05 16:28:16] Total 33450 files processed
[INFO]-[2023/12/05 16:28:17] Total 33500 files processed
[INFO]-[2023/12/05 16:28:17] Total 33550 files processed
[INFO]-[2023/12/05 16:28:18] Total 33600 files processed
[INFO]-[2023/12/05 16:28:19] Total 33650 files processed
[INFO]-[2023/12/05 16:28:19] Total 33700 files processed
[INFO]-[2023/12/05 16:28:20] Total 33750 files processed
[INFO]-[2023/12/05 16:28:20] Total 33800 files processed
[INFO]-[2023/12/05 16:28:21] Total 33850 files processed
[INFO]-[2023/12/05 16:28:22] Total 33900 files processed
[INFO]-[2023/12/05 16:28:22] Total 33950 files processed
[INFO]-[2023/12/05 16:28:23] Total 34000 files processed
[INFO]-[2023/12/05 16:28:23] Total 34050 files processed
[INFO]-[2023/12/05 16:28:24] Total 34100 files processed
[INFO]-[2023/12/05 16:28:24] Total 34150 files processed
[INFO]-[2023/12/05 16:28:25] Total 34200 files processed
[INFO]-[2023/12/05 16:28:25] Total 34250 files processed
[INFO]-[2023/12/05 16:28:26] Total 34300 files processed
[INFO]-[2023/12/05 16:28:27] Total 34350 files processed
[INFO]-[2023/12/05 16:28:27] Total 34400 files processed
[INFO]-[2023/12/05 16:28:28] Total 34450 files processed
[INFO]-[2023/12/05 16:28:28] Total 34500 files processed
[INFO]-[2023/12/05 16:28:29] Total 34550 files processed
[INFO]-[2023/12/05 16:28:29] Total 34600 files processed
[INFO]-[2023/12/05 16:28:30] Total 34650 files processed
[INFO]-[2023/12/05 16:28:31] Total 34700 files processed
[INFO]-[2023/12/05 16:28:31] Total 34750 files processed
[INFO]-[2023/12/05 16:28:32] Total 34800 files processed
[INFO]-[2023/12/05 16:28:32] Total 34850 files processed
[INFO]-[2023/12/05 16:28:33] Total 34900 files processed
[INFO]-[2023/12/05 16:28:33] Total 34950 files processed
[INFO]-[2023/12/05 16:28:34] Total 35000 files processed
[INFO]-[2023/12/05 16:28:34] Total 35050 files processed
[INFO]-[2023/12/05 16:28:35] Total 35100 files processed
[INFO]-[2023/12/05 16:28:35] Total 35150 files processed
[INFO]-[2023/12/05 16:28:36] Total 35200 files processed
[INFO]-[2023/12/05 16:28:36] Total 35250 files processed
[INFO]-[2023/12/05 16:28:37] Total 35300 files processed
[INFO]-[2023/12/05 16:28:37] Total 35350 files processed
[INFO]-[2023/12/05 16:28:38] Total 35400 files processed
[INFO]-[2023/12/05 16:28:38] Total 35450 files processed
[INFO]-[2023/12/05 16:28:39] Total 35500 files processed
[INFO]-[2023/12/05 16:28:40] Total 35550 files processed
[INFO]-[2023/12/05 16:28:40] Total 35600 files processed
[INFO]-[2023/12/05 16:28:41] Total 35650 files processed
[INFO]-[2023/12/05 16:28:41] Total 35700 files processed
[INFO]-[2023/12/05 16:28:42] Total 35750 files processed
[INFO]-[2023/12/05 16:28:42] Total 35800 files processed
[INFO]-[2023/12/05 16:28:43] Total 35850 files processed
[INFO]-[2023/12/05 16:28:43] Total 35900 files processed
[INFO]-[2023/12/05 16:28:44] Total 35950 files processed
[INFO]-[2023/12/05 16:28:44] Total 36000 files processed
[INFO]-[2023/12/05 16:28:45] Total 36050 files processed
[INFO]-[2023/12/05 16:28:45] Total 36100 files processed
[INFO]-[2023/12/05 16:28:46] Total 36150 files processed
[INFO]-[2023/12/05 16:28:46] Total 36200 files processed
[INFO]-[2023/12/05 16:28:47] Total 36250 files processed
[INFO]-[2023/12/05 16:28:48] Total 36300 files processed
[INFO]-[2023/12/05 16:28:48] Total 36350 files processed
[INFO]-[2023/12/05 16:28:49] Total 36400 files processed
[INFO]-[2023/12/05 16:28:49] Total 36450 files processed
[INFO]-[2023/12/05 16:28:50] Total 36500 files processed
[INFO]-[2023/12/05 16:28:50] Total 36550 files processed
[INFO]-[2023/12/05 16:28:51] Total 36600 files processed
[INFO]-[2023/12/05 16:28:52] Total 36650 files processed
[INFO]-[2023/12/05 16:28:52] Total 36700 files processed
[INFO]-[2023/12/05 16:28:53] Total 36750 files processed
[INFO]-[2023/12/05 16:28:53] Total 36800 files processed
[INFO]-[2023/12/05 16:28:54] Total 36850 files processed
[INFO]-[2023/12/05 16:28:54] Total 36900 files processed
[INFO]-[2023/12/05 16:28:55] Total 36950 files processed
[INFO]-[2023/12/05 16:28:55] Total 37000 files processed
[INFO]-[2023/12/05 16:28:56] Total 37050 files processed
[INFO]-[2023/12/05 16:28:56] Total 37100 files processed
[INFO]-[2023/12/05 16:28:57] Total 37150 files processed
[INFO]-[2023/12/05 16:28:57] Total 37200 files processed
[INFO]-[2023/12/05 16:28:58] Total 37250 files processed
[INFO]-[2023/12/05 16:28:58] Total 37300 files processed
[INFO]-[2023/12/05 16:28:59] Total 37350 files processed
[INFO]-[2023/12/05 16:28:59] Total 37400 files processed
[INFO]-[2023/12/05 16:29:00] Total 37450 files processed
[INFO]-[2023/12/05 16:29:00] Total 37500 files processed
[INFO]-[2023/12/05 16:29:01] Total 37550 files processed
[INFO]-[2023/12/05 16:29:01] Total 37600 files processed
[INFO]-[2023/12/05 16:29:02] Total 37650 files processed
[INFO]-[2023/12/05 16:29:03] Total 37700 files processed
[INFO]-[2023/12/05 16:29:03] Total 37750 files processed
[INFO]-[2023/12/05 16:29:04] Total 37800 files processed
[INFO]-[2023/12/05 16:29:04] Total 37850 files processed
[INFO]-[2023/12/05 16:29:05] Total 37900 files processed
[INFO]-[2023/12/05 16:29:05] Total 37950 files processed
[INFO]-[2023/12/05 16:29:06] Total 38000 files processed
[INFO]-[2023/12/05 16:29:06] Total 38050 files processed
[INFO]-[2023/12/05 16:29:07] Total 38100 files processed
[INFO]-[2023/12/05 16:29:07] Total 38150 files processed
[INFO]-[2023/12/05 16:29:08] Total 38200 files processed
[INFO]-[2023/12/05 16:29:08] Total 38250 files processed
[INFO]-[2023/12/05 16:29:09] Total 38300 files processed
[INFO]-[2023/12/05 16:29:09] Total 38350 files processed
[INFO]-[2023/12/05 16:29:10] Total 38400 files processed
[INFO]-[2023/12/05 16:29:10] Total 38450 files processed
[INFO]-[2023/12/05 16:29:11] Total 38500 files processed
[INFO]-[2023/12/05 16:29:12] Total 38550 files processed
[INFO]-[2023/12/05 16:29:12] Total 38600 files processed
[INFO]-[2023/12/05 16:29:13] Total 38650 files processed
[INFO]-[2023/12/05 16:29:14] Total 38700 files processed
[INFO]-[2023/12/05 16:29:14] Total 38750 files processed
[INFO]-[2023/12/05 16:29:15] Total 38800 files processed
[INFO]-[2023/12/05 16:29:15] Total 38850 files processed
[INFO]-[2023/12/05 16:29:16] Total 38900 files processed
[INFO]-[2023/12/05 16:29:17] Total 38950 files processed
[INFO]-[2023/12/05 16:29:17] Total 39000 files processed
[INFO]-[2023/12/05 16:29:18] Total 39050 files processed
[INFO]-[2023/12/05 16:29:18] Total 39100 files processed
[INFO]-[2023/12/05 16:29:19] Total 39150 files processed
[INFO]-[2023/12/05 16:29:19] Total 39200 files processed
[INFO]-[2023/12/05 16:29:20] Total 39250 files processed
[INFO]-[2023/12/05 16:29:20] Total 39300 files processed
[INFO]-[2023/12/05 16:29:21] Total 39350 files processed
[INFO]-[2023/12/05 16:29:21] Total 39400 files processed
[INFO]-[2023/12/05 16:29:22] Total 39450 files processed
[INFO]-[2023/12/05 16:29:22] Total 39500 files processed
[INFO]-[2023/12/05 16:29:23] Total 39550 files processed
[INFO]-[2023/12/05 16:29:23] Total 39600 files processed
[INFO]-[2023/12/05 16:29:24] Total 39650 files processed
[INFO]-[2023/12/05 16:29:25] Total 39700 files processed
[INFO]-[2023/12/05 16:29:25] Total 39750 files processed
[INFO]-[2023/12/05 16:29:26] Total 39800 files processed
[INFO]-[2023/12/05 16:29:26] Total 39850 files processed
[INFO]-[2023/12/05 16:29:27] Total 39900 files processed
[INFO]-[2023/12/05 16:29:27] Total 39950 files processed
[INFO]-[2023/12/05 16:29:28] Total 40000 files processed
[INFO]-[2023/12/05 16:29:28] Total 40050 files processed
[INFO]-[2023/12/05 16:29:29] Total 40100 files processed
[INFO]-[2023/12/05 16:29:29] Total 40150 files processed
[INFO]-[2023/12/05 16:29:30] Total 40200 files processed
[INFO]-[2023/12/05 16:29:30] Total 40250 files processed
[INFO]-[2023/12/05 16:29:31] Total 40300 files processed
[INFO]-[2023/12/05 16:29:31] Total 40350 files processed
[INFO]-[2023/12/05 16:29:32] Total 40400 files processed
[INFO]-[2023/12/05 16:29:32] Total 40450 files processed
[INFO]-[2023/12/05 16:29:33] Total 40500 files processed
[INFO]-[2023/12/05 16:29:34] Total 40550 files processed
[INFO]-[2023/12/05 16:29:34] Total 40600 files processed
[INFO]-[2023/12/05 16:29:35] Total 40650 files processed
[INFO]-[2023/12/05 16:29:35] Total 40700 files processed
[INFO]-[2023/12/05 16:29:36] Total 40750 files processed
[INFO]-[2023/12/05 16:29:36] Total 40800 files processed
[INFO]-[2023/12/05 16:29:37] Total 40850 files processed
[INFO]-[2023/12/05 16:29:37] Total 40900 files processed
[INFO]-[2023/12/05 16:29:38] Total 40950 files processed
[INFO]-[2023/12/05 16:29:39] Total 41000 files processed
[INFO]-[2023/12/05 16:29:39] Total 41050 files processed
[INFO]-[2023/12/05 16:29:40] Total 41100 files processed
[INFO]-[2023/12/05 16:29:40] Total 41150 files processed
[INFO]-[2023/12/05 16:29:41] Total 41200 files processed
[INFO]-[2023/12/05 16:29:41] Total 41250 files processed
[INFO]-[2023/12/05 16:29:42] Total 41300 files processed
[INFO]-[2023/12/05 16:29:42] Total 41350 files processed
[INFO]-[2023/12/05 16:29:43] Total 41400 files processed
[INFO]-[2023/12/05 16:29:43] Total 41450 files processed
[INFO]-[2023/12/05 16:29:44] Total 41500 files processed
[INFO]-[2023/12/05 16:29:44] Total 41550 files processed
[INFO]-[2023/12/05 16:29:45] Total 41600 files processed
[INFO]-[2023/12/05 16:29:45] Total 41650 files processed
[INFO]-[2023/12/05 16:29:46] Total 41700 files processed
[INFO]-[2023/12/05 16:29:46] Total 41750 files processed
[INFO]-[2023/12/05 16:29:47] Total 41800 files processed
[INFO]-[2023/12/05 16:29:48] Total 41850 files processed
[INFO]-[2023/12/05 16:29:48] Total 41900 files processed
[INFO]-[2023/12/05 16:29:49] Total 41950 files processed
[INFO]-[2023/12/05 16:29:49] Total 42000 files processed
[INFO]-[2023/12/05 16:29:50] Total 42050 files processed
[INFO]-[2023/12/05 16:29:50] Total 42100 files processed
[INFO]-[2023/12/05 16:29:51] Total 42150 files processed
[INFO]-[2023/12/05 16:29:51] Total 42200 files processed
[INFO]-[2023/12/05 16:29:52] Total 42250 files processed
[INFO]-[2023/12/05 16:29:52] Total 42300 files processed
[INFO]-[2023/12/05 16:29:53] Total 42350 files processed
[INFO]-[2023/12/05 16:29:53] Total 42400 files processed
[INFO]-[2023/12/05 16:29:54] Total 42450 files processed
[INFO]-[2023/12/05 16:29:54] Total 42500 files processed
[INFO]-[2023/12/05 16:29:55] Total 42550 files processed
[INFO]-[2023/12/05 16:29:55] Total 42600 files processed
[INFO]-[2023/12/05 16:29:56] Total 42650 files processed
[INFO]-[2023/12/05 16:29:57] Total 42700 files processed
[INFO]-[2023/12/05 16:29:57] Total 42750 files processed
[INFO]-[2023/12/05 16:29:58] Total 42800 files processed
[INFO]-[2023/12/05 16:29:58] Total 42850 files processed
[INFO]-[2023/12/05 16:29:59] Total 42900 files processed
[INFO]-[2023/12/05 16:29:59] Total 42950 files processed
[INFO]-[2023/12/05 16:30:00] Total 43000 files processed
[INFO]-[2023/12/05 16:30:00] Total 43050 files processed
[INFO]-[2023/12/05 16:30:01] Total 43100 files processed
[INFO]-[2023/12/05 16:30:02] Total 43150 files processed
[INFO]-[2023/12/05 16:30:02] Total 43200 files processed
[INFO]-[2023/12/05 16:30:03] Total 43250 files processed
[INFO]-[2023/12/05 16:30:03] Total 43300 files processed
[INFO]-[2023/12/05 16:30:04] Total 43350 files processed
[INFO]-[2023/12/05 16:30:04] Total 43400 files processed
[INFO]-[2023/12/05 16:30:05] Total 43450 files processed
[INFO]-[2023/12/05 16:30:05] Total 43500 files processed
[INFO]-[2023/12/05 16:30:06] Total 43550 files processed
[INFO]-[2023/12/05 16:30:06] Total 43600 files processed
[INFO]-[2023/12/05 16:30:07] Total 43650 files processed
[INFO]-[2023/12/05 16:30:07] Total 43700 files processed
[INFO]-[2023/12/05 16:30:08] Total 43750 files processed
[INFO]-[2023/12/05 16:30:08] Total 43800 files processed
[INFO]-[2023/12/05 16:30:09] Total 43850 files processed
[INFO]-[2023/12/05 16:30:09] Total 43900 files processed
[INFO]-[2023/12/05 16:30:10] Total 43950 files processed
[INFO]-[2023/12/05 16:30:11] Total 44000 files processed
[INFO]-[2023/12/05 16:30:11] Total 44050 files processed
[INFO]-[2023/12/05 16:30:12] Total 44100 files processed
[INFO]-[2023/12/05 16:30:12] Total 44150 files processed
[INFO]-[2023/12/05 16:30:13] Total 44200 files processed
[INFO]-[2023/12/05 16:30:14] Copying files finished
[INFO]-[2023/12/05 16:30:14] DB Data Step 0: Copy wp-config.php file
[INFO]-[2023/12/05 16:30:14] DB Data Step 0: Excluded: wp-config.php is excluded by filter
[INFO]-[2023/12/05 16:30:15] DB Data Step 1: Updating siteurl and homeurl in wpstg0_options to https://realaddison.xyz/1701612430547
[INFO]-[2023/12/05 16:30:16] DB Data Step 3: Updating db prefix in wpstg0_usermeta.
[INFO]-[2023/12/05 16:30:16] DB Data Step 4: Updating table_prefix in /opt/bitnami/wordpress/1701612430547/wp-config.php to wpstg0_
[INFO]-[2023/12/05 16:30:16] DB Data Step 4: Excluded: wp-config.php is excluded by filter
[INFO]-[2023/12/05 16:30:17] DB Data Step 5: WP installation is not in a subdirectory! Skipping this step
[INFO]-[2023/12/05 16:30:17] DB Data Step 6: Updating db prefix in wpstg0_options.
[INFO]-[2023/12/05 16:30:18] DB Data Step 7: Updating constants in wp-config.php
[INFO]-[2023/12/05 16:30:18] DB Data Step 7: Excluded: wp-config.php is excluded by filter
[INFO]-[2023/12/05 16:30:19] Finish: Deleting clone job's cache files...
[INFO]-[2023/12/05 16:30:19] Finish: Clone job's cache files have been deleted!
[INFO]-[2023/12/05 16:30:19] Finish: Verifying existing clones...
[INFO]-[2023/12/05 16:30:19] Finish: The job finished!
[info]-[2023/12/05 16:30:19] ################## FINISH ##################
