[INFO]-[2023/12/04 18:10:51] #################### Start Update Job ####################
[info]-[2023/12/04 18:10:51] Staging Site ID: 1701612430547
[info]-[2023/12/04 18:10:51] Staging Site: 1701612430547
[info]-[2023/12/04 18:10:51] WP Staging Version: 3.1.3
[info]-[2023/12/04 18:10:51] PHP Version: 8.2.12
[info]-[2023/12/04 18:10:51] Server: Apache
[info]-[2023/12/04 18:10:51] MySQL: 11.1.2
[info]-[2023/12/04 18:10:51] WP Version: 6.4.1
[info]-[2023/12/04 18:10:51] PHP Memory Limit: 536870912
[info]-[2023/12/04 18:10:51] WP Memory Limit: 41943040
[info]-[2023/12/04 18:10:51] PHP Max Execution Time: 30
[INFO]-[2023/12/04 18:10:52] DB Copy: Creating table wpstg0_actionscheduler_actions
[INFO]-[2023/12/04 18:10:52] DB Copy: Table wp_actionscheduler_actions contains 17 rows 
[INFO]-[2023/12/04 18:10:52] DB Copy: Copy data from wp_actionscheduler_actions to wpstg0_actionscheduler_actions - 0 to 10000 records
[INFO]-[2023/12/04 18:10:52] DB Copy: Creating table wpstg0_actionscheduler_claims
[INFO]-[2023/12/04 18:10:52] DB Copy: Table wp_actionscheduler_claims contains 0 rows 
[INFO]-[2023/12/04 18:10:53] DB Copy: Creating table wpstg0_actionscheduler_groups
[INFO]-[2023/12/04 18:10:53] DB Copy: Table wp_actionscheduler_groups contains 3 rows 
[INFO]-[2023/12/04 18:10:53] DB Copy: Copy data from wp_actionscheduler_groups to wpstg0_actionscheduler_groups - 0 to 10000 records
[INFO]-[2023/12/04 18:10:54] DB Copy: Creating table wpstg0_actionscheduler_logs
[INFO]-[2023/12/04 18:10:54] DB Copy: Table wp_actionscheduler_logs contains 39 rows 
[INFO]-[2023/12/04 18:10:54] DB Copy: Copy data from wp_actionscheduler_logs to wpstg0_actionscheduler_logs - 0 to 10000 records
[INFO]-[2023/12/04 18:10:54] DB Copy: Creating table wpstg0_aioseo_cache
[INFO]-[2023/12/04 18:10:54] DB Copy: Table wp_aioseo_cache contains 35 rows 
[INFO]-[2023/12/04 18:10:54] DB Copy: Copy data from wp_aioseo_cache to wpstg0_aioseo_cache - 0 to 10000 records
[INFO]-[2023/12/04 18:10:55] DB Copy: Creating table wpstg0_aioseo_notifications
[INFO]-[2023/12/04 18:10:55] DB Copy: Table wp_aioseo_notifications contains 0 rows 
[INFO]-[2023/12/04 18:10:55] DB Copy: Creating table wpstg0_aioseo_posts
[INFO]-[2023/12/04 18:10:55] DB Copy: Table wp_aioseo_posts contains 76 rows 
[INFO]-[2023/12/04 18:10:55] DB Copy: Copy data from wp_aioseo_posts to wpstg0_aioseo_posts - 0 to 10000 records
[INFO]-[2023/12/04 18:10:56] DB Copy: Creating table wpstg0_commentmeta
[INFO]-[2023/12/04 18:10:56] DB Copy: Table wp_commentmeta contains 0 rows 
[INFO]-[2023/12/04 18:10:56] DB Copy: Creating table wpstg0_comments
[INFO]-[2023/12/04 18:10:56] DB Copy: Table wp_comments contains 0 rows 
[INFO]-[2023/12/04 18:10:57] DB Copy: Creating table wpstg0_duplicator_packages
[INFO]-[2023/12/04 18:10:57] DB Copy: Table wp_duplicator_packages contains 1 rows 
[INFO]-[2023/12/04 18:10:57] DB Copy: Copy data from wp_duplicator_packages to wpstg0_duplicator_packages - 0 to 10000 records
[INFO]-[2023/12/04 18:10:57] DB Copy: Creating table wpstg0_jetpack_sync_queue
[INFO]-[2023/12/04 18:10:57] DB Copy: Table wp_jetpack_sync_queue contains 0 rows 
[INFO]-[2023/12/04 18:10:58] DB Copy: Creating table wpstg0_links
[INFO]-[2023/12/04 18:10:58] DB Copy: Table wp_links contains 0 rows 
[INFO]-[2023/12/04 18:10:58] DB Copy: Creating table wpstg0_options
[INFO]-[2023/12/04 18:10:58] DB Copy: Table wp_options contains 456 rows 
[INFO]-[2023/12/04 18:10:58] DB Copy: Copy data from wp_options to wpstg0_options - 0 to 10000 records
[INFO]-[2023/12/04 18:10:59] DB Copy: Creating table wpstg0_postmeta
[INFO]-[2023/12/04 18:10:59] DB Copy: Table wp_postmeta contains 2693 rows 
[INFO]-[2023/12/04 18:10:59] DB Copy: Copy data from wp_postmeta to wpstg0_postmeta - 0 to 10000 records
[INFO]-[2023/12/04 18:10:59] DB Copy: Creating table wpstg0_posts
[INFO]-[2023/12/04 18:10:59] DB Copy: Table wp_posts contains 87 rows 
[INFO]-[2023/12/04 18:10:59] DB Copy: Copy data from wp_posts to wpstg0_posts - 0 to 10000 records
[INFO]-[2023/12/04 18:11:00] DB Copy: Creating table wpstg0_rmp_analytics
[INFO]-[2023/12/04 18:11:00] DB Copy: Table wp_rmp_analytics contains 0 rows 
[INFO]-[2023/12/04 18:11:00] DB Copy: Creating table wpstg0_simply_static_pages
[INFO]-[2023/12/04 18:11:00] DB Copy: Table wp_simply_static_pages contains 1008 rows 
[INFO]-[2023/12/04 18:11:00] DB Copy: Copy data from wp_simply_static_pages to wpstg0_simply_static_pages - 0 to 10000 records
[INFO]-[2023/12/04 18:11:01] DB Copy: Creating table wpstg0_term_relationships
[INFO]-[2023/12/04 18:11:01] DB Copy: Table wp_term_relationships contains 263 rows 
[INFO]-[2023/12/04 18:11:01] DB Copy: Copy data from wp_term_relationships to wpstg0_term_relationships - 0 to 10000 records
[INFO]-[2023/12/04 18:11:01] DB Copy: Creating table wpstg0_term_taxonomy
[INFO]-[2023/12/04 18:11:01] DB Copy: Table wp_term_taxonomy contains 207 rows 
[INFO]-[2023/12/04 18:11:01] DB Copy: Copy data from wp_term_taxonomy to wpstg0_term_taxonomy - 0 to 10000 records
[INFO]-[2023/12/04 18:11:02] DB Copy: Creating table wpstg0_termmeta
[INFO]-[2023/12/04 18:11:02] DB Copy: Table wp_termmeta contains 7 rows 
[INFO]-[2023/12/04 18:11:02] DB Copy: Copy data from wp_termmeta to wpstg0_termmeta - 0 to 10000 records
[INFO]-[2023/12/04 18:11:03] DB Copy: Creating table wpstg0_terms
[INFO]-[2023/12/04 18:11:03] DB Copy: Table wp_terms contains 207 rows 
[INFO]-[2023/12/04 18:11:03] DB Copy: Copy data from wp_terms to wpstg0_terms - 0 to 10000 records
[INFO]-[2023/12/04 18:11:03] DB Copy: Creating table wpstg0_tm_taskmeta
[INFO]-[2023/12/04 18:11:03] DB Copy: Table wp_tm_taskmeta contains 0 rows 
[INFO]-[2023/12/04 18:11:04] DB Copy: Creating table wpstg0_tm_tasks
[INFO]-[2023/12/04 18:11:04] DB Copy: Table wp_tm_tasks contains 0 rows 
[INFO]-[2023/12/04 18:11:04] DB Copy: Creating table wpstg0_usermeta
[INFO]-[2023/12/04 18:11:04] DB Copy: Table wp_usermeta contains 48 rows 
[INFO]-[2023/12/04 18:11:04] DB Copy: Copy data from wp_usermeta to wpstg0_usermeta - 0 to 10000 records
[INFO]-[2023/12/04 18:11:05] DB Copy: Creating table wpstg0_users
[INFO]-[2023/12/04 18:11:05] DB Copy: Table wp_users contains 2 rows 
[INFO]-[2023/12/04 18:11:05] DB Copy: Copy data from wp_users to wpstg0_users - 0 to 10000 records
[INFO]-[2023/12/04 18:11:05] DB Copy: Creating table wpstg0_wpforms_payment_meta
[INFO]-[2023/12/04 18:11:05] DB Copy: Table wp_wpforms_payment_meta contains 0 rows 
[INFO]-[2023/12/04 18:11:06] DB Copy: Creating table wpstg0_wpforms_payments
[INFO]-[2023/12/04 18:11:06] DB Copy: Table wp_wpforms_payments contains 0 rows 
[INFO]-[2023/12/04 18:11:06] DB Copy: Creating table wpstg0_wpforms_tasks_meta
[INFO]-[2023/12/04 18:11:06] DB Copy: Table wp_wpforms_tasks_meta contains 3 rows 
[INFO]-[2023/12/04 18:11:06] DB Copy: Copy data from wp_wpforms_tasks_meta to wpstg0_wpforms_tasks_meta - 0 to 10000 records
[INFO]-[2023/12/04 18:11:08] DB Search & Replace:  Table wpstg0_actionscheduler_actions 0 to 20000 records
[INFO]-[2023/12/04 18:11:09] DB Search & Replace:  Table wpstg0_actionscheduler_groups 0 to 20000 records
[INFO]-[2023/12/04 18:11:09] DB Search & Replace:  Table wpstg0_actionscheduler_logs 0 to 20000 records
[INFO]-[2023/12/04 18:11:10] DB Search & Replace:  Table wpstg0_aioseo_cache 0 to 20000 records
[INFO]-[2023/12/04 18:11:11] DB Search & Replace:  Table wpstg0_aioseo_posts 0 to 20000 records
[INFO]-[2023/12/04 18:11:12] DB Search & Replace:  Table wpstg0_duplicator_packages 0 to 20000 records
[INFO]-[2023/12/04 18:11:14] DB Search & Replace:  Table wpstg0_options 0 to 20000 records
[INFO]-[2023/12/04 18:11:15] DB Search & Replace:  Table wpstg0_postmeta 0 to 20000 records
[INFO]-[2023/12/04 18:11:15] DB Search & Replace:  Table wpstg0_posts 0 to 20000 records
[INFO]-[2023/12/04 18:11:16] DB Search & Replace:  Table wpstg0_simply_static_pages 0 to 20000 records
[INFO]-[2023/12/04 18:11:19] DB Search & Replace:  Table wpstg0_term_relationships 0 to 20000 records
[INFO]-[2023/12/04 18:11:19] DB Search & Replace:  Table wpstg0_term_taxonomy 0 to 20000 records
[INFO]-[2023/12/04 18:11:20] DB Search & Replace:  Table wpstg0_termmeta 0 to 20000 records
[INFO]-[2023/12/04 18:11:20] DB Search & Replace:  Table wpstg0_terms 0 to 20000 records
[INFO]-[2023/12/04 18:11:22] DB Search & Replace:  Table wpstg0_usermeta 0 to 20000 records
[INFO]-[2023/12/04 18:11:22] DB Search & Replace:  Table wpstg0_users 0 to 20000 records
[INFO]-[2023/12/04 18:11:24] DB Search & Replace:  Table wpstg0_wpforms_tasks_meta 0 to 20000 records
[INFO]-[2023/12/04 18:11:25] Scanning / for its files
[INFO]-[2023/12/04 18:11:26] Scanning wp-content/plugins/ and its sub-directories and files
[INFO]-[2023/12/04 18:11:28] Scanning wp-content/mu-plugins/ and its sub-directories and files
[INFO]-[2023/12/04 18:11:29] Scanning wp-content/themes/ and its sub-directories and files
[INFO]-[2023/12/04 18:11:29] Scanning wp-content/uploads/ and its sub-directories and files
[INFO]-[2023/12/04 18:11:30] Scanning wp-content/ for other directories and files
[INFO]-[2023/12/04 18:11:30] Scanning wp-includes/ for its sub-directories and files
[INFO]-[2023/12/04 18:11:31] Scanning wp-admin/ for its sub-directories and files
[INFO]-[2023/12/04 18:11:31] Scanning 1701612430547 for its sub-directories and files
[INFO]-[2023/12/04 18:11:32] Scanning licenses for its sub-directories and files
[INFO]-[2023/12/04 18:11:32] Scanning tmp for its sub-directories and files
[INFO]-[2023/12/04 18:11:34] Copying files...
[INFO]-[2023/12/04 18:11:34] Total 50 files processed
[INFO]-[2023/12/04 18:11:35] Total 100 files processed
[INFO]-[2023/12/04 18:11:35] Total 150 files processed
[INFO]-[2023/12/04 18:11:36] Total 200 files processed
[INFO]-[2023/12/04 18:11:36] Total 250 files processed
[INFO]-[2023/12/04 18:11:37] Total 300 files processed
[INFO]-[2023/12/04 18:11:37] Total 350 files processed
[INFO]-[2023/12/04 18:11:38] Total 400 files processed
[INFO]-[2023/12/04 18:11:38] Total 450 files processed
[INFO]-[2023/12/04 18:11:39] Total 500 files processed
[INFO]-[2023/12/04 18:11:40] Total 550 files processed
[INFO]-[2023/12/04 18:11:40] Total 600 files processed
[INFO]-[2023/12/04 18:11:41] Total 650 files processed
[INFO]-[2023/12/04 18:11:41] Total 700 files processed
[INFO]-[2023/12/04 18:11:42] Total 750 files processed
[INFO]-[2023/12/04 18:11:42] Total 800 files processed
[INFO]-[2023/12/04 18:11:43] Total 850 files processed
[INFO]-[2023/12/04 18:11:43] Total 900 files processed
[INFO]-[2023/12/04 18:11:44] Total 950 files processed
[INFO]-[2023/12/04 18:11:44] Total 1000 files processed
[INFO]-[2023/12/04 18:11:45] Total 1050 files processed
[INFO]-[2023/12/04 18:11:46] Total 1100 files processed
[INFO]-[2023/12/04 18:11:46] Total 1150 files processed
[INFO]-[2023/12/04 18:11:47] Total 1200 files processed
[INFO]-[2023/12/04 18:11:47] Total 1250 files processed
[INFO]-[2023/12/04 18:11:50] Total 1300 files processed
[INFO]-[2023/12/04 18:11:51] Total 1350 files processed
[INFO]-[2023/12/04 18:11:52] Total 1400 files processed
[INFO]-[2023/12/04 18:11:52] Total 1450 files processed
[INFO]-[2023/12/04 18:11:53] Total 1500 files processed
[INFO]-[2023/12/04 18:11:53] Total 1550 files processed
[INFO]-[2023/12/04 18:11:54] Total 1600 files processed
[INFO]-[2023/12/04 18:11:54] Total 1650 files processed
[INFO]-[2023/12/04 18:11:55] Total 1700 files processed
[INFO]-[2023/12/04 18:11:55] Total 1750 files processed
[INFO]-[2023/12/04 18:11:56] Total 1800 files processed
[INFO]-[2023/12/04 18:11:57] Total 1850 files processed
[INFO]-[2023/12/04 18:11:57] Total 1900 files processed
[INFO]-[2023/12/04 18:11:58] Total 1950 files processed
[INFO]-[2023/12/04 18:11:59] Total 2000 files processed
[INFO]-[2023/12/04 18:11:59] Total 2050 files processed
[INFO]-[2023/12/04 18:12:00] Total 2100 files processed
[INFO]-[2023/12/04 18:12:00] Total 2150 files processed
[INFO]-[2023/12/04 18:12:01] Total 2200 files processed
[INFO]-[2023/12/04 18:12:01] Total 2250 files processed
[INFO]-[2023/12/04 18:12:02] Total 2300 files processed
[INFO]-[2023/12/04 18:12:02] Total 2350 files processed
[INFO]-[2023/12/04 18:12:03] Total 2400 files processed
[INFO]-[2023/12/04 18:12:04] Total 2450 files processed
[INFO]-[2023/12/04 18:12:07] Total 2500 files processed
[INFO]-[2023/12/04 18:12:09] Total 2550 files processed
[INFO]-[2023/12/04 18:12:11] Total 2600 files processed
[INFO]-[2023/12/04 18:12:11] Total 2650 files processed
[INFO]-[2023/12/04 18:12:12] Total 2700 files processed
[INFO]-[2023/12/04 18:12:12] Total 2750 files processed
[INFO]-[2023/12/04 18:12:13] Total 2800 files processed
[INFO]-[2023/12/04 18:12:13] Total 2850 files processed
[INFO]-[2023/12/04 18:12:14] Total 2900 files processed
[INFO]-[2023/12/04 18:12:15] Total 2950 files processed
[INFO]-[2023/12/04 18:12:15] Total 3000 files processed
[INFO]-[2023/12/04 18:12:16] Total 3050 files processed
[INFO]-[2023/12/04 18:12:16] Total 3100 files processed
[INFO]-[2023/12/04 18:12:17] Total 3150 files processed
[INFO]-[2023/12/04 18:12:17] Total 3200 files processed
[INFO]-[2023/12/04 18:12:18] Total 3250 files processed
[INFO]-[2023/12/04 18:12:18] Total 3300 files processed
[INFO]-[2023/12/04 18:12:19] Total 3350 files processed
[INFO]-[2023/12/04 18:12:19] Total 3400 files processed
[INFO]-[2023/12/04 18:12:20] Total 3450 files processed
[INFO]-[2023/12/04 18:12:20] Total 3500 files processed
[INFO]-[2023/12/04 18:12:21] Total 3550 files processed
[INFO]-[2023/12/04 18:12:22] Total 3600 files processed
[INFO]-[2023/12/04 18:12:22] Total 3650 files processed
[INFO]-[2023/12/04 18:12:23] Total 3700 files processed
[INFO]-[2023/12/04 18:12:23] Total 3750 files processed
[INFO]-[2023/12/04 18:12:24] Total 3800 files processed
[INFO]-[2023/12/04 18:12:24] Total 3850 files processed
[INFO]-[2023/12/04 18:12:25] Total 3900 files processed
[INFO]-[2023/12/04 18:12:25] Total 3950 files processed
[INFO]-[2023/12/04 18:12:26] Total 4000 files processed
[INFO]-[2023/12/04 18:12:27] Total 4050 files processed
[INFO]-[2023/12/04 18:12:27] Total 4100 files processed
[INFO]-[2023/12/04 18:12:28] Total 4150 files processed
[INFO]-[2023/12/04 18:12:28] Total 4200 files processed
[INFO]-[2023/12/04 18:12:29] Total 4250 files processed
[INFO]-[2023/12/04 18:12:29] Total 4300 files processed
[INFO]-[2023/12/04 18:12:30] Total 4350 files processed
[INFO]-[2023/12/04 18:12:31] Total 4400 files processed
[INFO]-[2023/12/04 18:12:31] Total 4450 files processed
[INFO]-[2023/12/04 18:12:32] Total 4500 files processed
[INFO]-[2023/12/04 18:12:32] Total 4550 files processed
[INFO]-[2023/12/04 18:12:33] Total 4600 files processed
[INFO]-[2023/12/04 18:12:33] Total 4650 files processed
[INFO]-[2023/12/04 18:12:34] Total 4700 files processed
[INFO]-[2023/12/04 18:12:34] Total 4750 files processed
[INFO]-[2023/12/04 18:12:35] Total 4800 files processed
[INFO]-[2023/12/04 18:12:35] Total 4850 files processed
[INFO]-[2023/12/04 18:12:36] Total 4900 files processed
[INFO]-[2023/12/04 18:12:37] Total 4950 files processed
[INFO]-[2023/12/04 18:12:37] Total 5000 files processed
[INFO]-[2023/12/04 18:12:38] Total 5050 files processed
[INFO]-[2023/12/04 18:12:38] Total 5100 files processed
[INFO]-[2023/12/04 18:12:39] Total 5150 files processed
[INFO]-[2023/12/04 18:12:39] Total 5200 files processed
[INFO]-[2023/12/04 18:12:40] Total 5250 files processed
[INFO]-[2023/12/04 18:12:40] Total 5300 files processed
[INFO]-[2023/12/04 18:12:41] Total 5350 files processed
[INFO]-[2023/12/04 18:12:42] Skipping big file: /opt/bitnami/wordpress/wp-content/plugins/optinmonster/vue/dist/wp-om-app-62e98525.js.map
[INFO]-[2023/12/04 18:12:42] Total 5400 files processed
[INFO]-[2023/12/04 18:12:42] Total 5450 files processed
[INFO]-[2023/12/04 18:12:43] Total 5500 files processed
[INFO]-[2023/12/04 18:12:44] Skipping big file: /opt/bitnami/wordpress/wp-content/plugins/optinmonster/vue/dist/wp-om-app-5cdc4e27.js.map
[INFO]-[2023/12/04 18:12:44] Total 5550 files processed
[INFO]-[2023/12/04 18:12:44] Total 5600 files processed
[INFO]-[2023/12/04 18:12:45] Total 5650 files processed
[INFO]-[2023/12/04 18:12:45] Total 5700 files processed
[INFO]-[2023/12/04 18:12:46] Total 5750 files processed
[INFO]-[2023/12/04 18:12:46] Total 5800 files processed
[INFO]-[2023/12/04 18:12:47] Total 5850 files processed
[INFO]-[2023/12/04 18:12:47] Total 5900 files processed
[INFO]-[2023/12/04 18:12:48] Total 5950 files processed
[INFO]-[2023/12/04 18:12:48] Total 6000 files processed
[INFO]-[2023/12/04 18:12:49] Total 6050 files processed
[INFO]-[2023/12/04 18:12:49] Total 6100 files processed
[INFO]-[2023/12/04 18:12:50] Total 6150 files processed
[INFO]-[2023/12/04 18:12:51] Total 6200 files processed
[INFO]-[2023/12/04 18:12:51] Total 6250 files processed
[INFO]-[2023/12/04 18:12:52] Total 6300 files processed
[INFO]-[2023/12/04 18:12:52] Total 6350 files processed
[INFO]-[2023/12/04 18:12:53] Total 6400 files processed
[INFO]-[2023/12/04 18:12:53] Total 6450 files processed
[INFO]-[2023/12/04 18:12:54] Total 6500 files processed
[INFO]-[2023/12/04 18:12:54] Total 6550 files processed
[INFO]-[2023/12/04 18:12:55] Total 6600 files processed
[INFO]-[2023/12/04 18:12:55] Total 6650 files processed
[INFO]-[2023/12/04 18:12:56] Total 6700 files processed
[INFO]-[2023/12/04 18:12:56] Total 6750 files processed
[INFO]-[2023/12/04 18:12:57] Total 6800 files processed
[INFO]-[2023/12/04 18:12:58] Total 6850 files processed
[INFO]-[2023/12/04 18:12:58] Total 6900 files processed
[INFO]-[2023/12/04 18:12:59] Total 6950 files processed
[INFO]-[2023/12/04 18:13:00] Total 7000 files processed
[INFO]-[2023/12/04 18:13:02] Total 7050 files processed
[INFO]-[2023/12/04 18:13:03] Total 7100 files processed
[INFO]-[2023/12/04 18:13:04] Total 7150 files processed
[INFO]-[2023/12/04 18:13:04] Total 7200 files processed
[INFO]-[2023/12/04 18:13:05] Total 7250 files processed
[INFO]-[2023/12/04 18:13:05] Total 7300 files processed
[INFO]-[2023/12/04 18:13:06] Total 7350 files processed
[INFO]-[2023/12/04 18:13:06] Total 7400 files processed
[INFO]-[2023/12/04 18:13:07] Total 7450 files processed
[INFO]-[2023/12/04 18:13:08] Total 7500 files processed
[INFO]-[2023/12/04 18:13:09] Total 7550 files processed
[INFO]-[2023/12/04 18:13:09] Total 7600 files processed
[INFO]-[2023/12/04 18:13:10] Total 7650 files processed
[INFO]-[2023/12/04 18:13:10] Total 7700 files processed
[INFO]-[2023/12/04 18:13:11] Total 7750 files processed
[INFO]-[2023/12/04 18:13:11] Total 7800 files processed
[INFO]-[2023/12/04 18:13:12] Total 7850 files processed
[INFO]-[2023/12/04 18:13:13] Total 7900 files processed
[INFO]-[2023/12/04 18:13:13] Total 7950 files processed
[INFO]-[2023/12/04 18:13:14] Total 8000 files processed
[INFO]-[2023/12/04 18:13:14] Total 8050 files processed
[INFO]-[2023/12/04 18:13:15] Total 8100 files processed
[INFO]-[2023/12/04 18:13:15] Total 8150 files processed
[INFO]-[2023/12/04 18:13:16] Total 8200 files processed
[INFO]-[2023/12/04 18:13:16] Total 8250 files processed
[INFO]-[2023/12/04 18:13:17] Total 8300 files processed
[INFO]-[2023/12/04 18:13:17] Total 8350 files processed
[INFO]-[2023/12/04 18:13:18] Total 8400 files processed
[INFO]-[2023/12/04 18:13:19] Total 8450 files processed
[INFO]-[2023/12/04 18:13:19] Total 8500 files processed
[INFO]-[2023/12/04 18:13:20] Total 8550 files processed
[INFO]-[2023/12/04 18:13:20] Total 8600 files processed
[INFO]-[2023/12/04 18:13:21] Total 8650 files processed
[INFO]-[2023/12/04 18:13:21] Total 8700 files processed
[INFO]-[2023/12/04 18:13:22] Total 8750 files processed
[INFO]-[2023/12/04 18:13:22] Total 8800 files processed
[INFO]-[2023/12/04 18:13:23] Total 8850 files processed
[INFO]-[2023/12/04 18:13:23] Total 8900 files processed
[INFO]-[2023/12/04 18:13:24] Total 8950 files processed
[INFO]-[2023/12/04 18:13:24] Total 9000 files processed
[INFO]-[2023/12/04 18:13:25] Total 9050 files processed
[INFO]-[2023/12/04 18:13:26] Total 9100 files processed
[INFO]-[2023/12/04 18:13:27] Total 9150 files processed
[INFO]-[2023/12/04 18:13:30] Total 9200 files processed
[INFO]-[2023/12/04 18:13:30] Total 9250 files processed
[INFO]-[2023/12/04 18:13:31] Total 9300 files processed
[INFO]-[2023/12/04 18:13:31] Total 9350 files processed
[INFO]-[2023/12/04 18:13:32] Total 9400 files processed
[INFO]-[2023/12/04 18:13:33] Total 9450 files processed
[INFO]-[2023/12/04 18:13:33] Total 9500 files processed
[INFO]-[2023/12/04 18:13:34] Total 9550 files processed
[INFO]-[2023/12/04 18:13:34] Total 9600 files processed
[INFO]-[2023/12/04 18:13:35] Total 9650 files processed
[INFO]-[2023/12/04 18:13:35] Total 9700 files processed
[INFO]-[2023/12/04 18:13:36] Total 9750 files processed
[INFO]-[2023/12/04 18:13:36] Total 9800 files processed
[INFO]-[2023/12/04 18:13:37] Total 9850 files processed
[INFO]-[2023/12/04 18:13:37] Total 9900 files processed
[INFO]-[2023/12/04 18:13:38] Total 9950 files processed
[INFO]-[2023/12/04 18:13:39] Total 10000 files processed
[INFO]-[2023/12/04 18:13:39] Total 10050 files processed
[INFO]-[2023/12/04 18:13:40] Total 10100 files processed
[INFO]-[2023/12/04 18:13:40] Total 10150 files processed
[INFO]-[2023/12/04 18:13:41] Total 10200 files processed
[INFO]-[2023/12/04 18:13:41] Total 10250 files processed
[INFO]-[2023/12/04 18:13:42] Total 10300 files processed
[INFO]-[2023/12/04 18:13:42] Total 10350 files processed
[INFO]-[2023/12/04 18:13:43] Total 10400 files processed
[INFO]-[2023/12/04 18:13:44] Total 10450 files processed
[INFO]-[2023/12/04 18:13:44] Total 10500 files processed
[INFO]-[2023/12/04 18:13:45] Total 10550 files processed
[INFO]-[2023/12/04 18:13:45] Total 10600 files processed
[INFO]-[2023/12/04 18:13:46] Total 10650 files processed
[INFO]-[2023/12/04 18:13:46] Total 10700 files processed
[INFO]-[2023/12/04 18:13:47] Total 10750 files processed
[INFO]-[2023/12/04 18:13:47] Total 10800 files processed
[INFO]-[2023/12/04 18:13:48] Total 10850 files processed
[INFO]-[2023/12/04 18:13:48] Total 10900 files processed
[INFO]-[2023/12/04 18:13:49] Total 10950 files processed
[INFO]-[2023/12/04 18:13:49] Total 11000 files processed
[INFO]-[2023/12/04 18:13:50] Total 11050 files processed
[INFO]-[2023/12/04 18:13:51] Total 11100 files processed
[INFO]-[2023/12/04 18:13:51] Total 11150 files processed
[INFO]-[2023/12/04 18:13:52] Total 11200 files processed
[INFO]-[2023/12/04 18:13:52] Total 11250 files processed
[INFO]-[2023/12/04 18:13:53] Total 11300 files processed
[INFO]-[2023/12/04 18:13:54] Total 11350 files processed
[INFO]-[2023/12/04 18:13:55] Total 11400 files processed
[INFO]-[2023/12/04 18:13:56] Total 11450 files processed
[INFO]-[2023/12/04 18:13:56] Total 11500 files processed
[INFO]-[2023/12/04 18:13:57] Total 11550 files processed
[INFO]-[2023/12/04 18:13:57] Total 11600 files processed
[INFO]-[2023/12/04 18:13:58] Total 11650 files processed
[INFO]-[2023/12/04 18:13:58] Total 11700 files processed
[INFO]-[2023/12/04 18:13:59] Total 11750 files processed
[INFO]-[2023/12/04 18:13:59] Total 11800 files processed
[INFO]-[2023/12/04 18:14:00] Total 11850 files processed
[INFO]-[2023/12/04 18:14:01] Total 11900 files processed
[INFO]-[2023/12/04 18:14:01] Total 11950 files processed
[INFO]-[2023/12/04 18:14:02] Total 12000 files processed
[INFO]-[2023/12/04 18:14:02] Total 12050 files processed
[INFO]-[2023/12/04 18:14:03] Total 12100 files processed
[INFO]-[2023/12/04 18:14:03] Total 12150 files processed
[INFO]-[2023/12/04 18:14:04] Total 12200 files processed
[INFO]-[2023/12/04 18:14:05] Total 12250 files processed
[INFO]-[2023/12/04 18:14:05] Total 12300 files processed
[INFO]-[2023/12/04 18:14:06] Total 12350 files processed
[INFO]-[2023/12/04 18:14:06] Total 12400 files processed
[INFO]-[2023/12/04 18:14:07] Total 12450 files processed
[INFO]-[2023/12/04 18:14:09] Total 12500 files processed
[INFO]-[2023/12/04 18:14:10] Total 12550 files processed
[INFO]-[2023/12/04 18:14:11] Total 12600 files processed
[INFO]-[2023/12/04 18:14:11] Total 12650 files processed
[INFO]-[2023/12/04 18:14:12] Total 12700 files processed
[INFO]-[2023/12/04 18:14:12] Total 12750 files processed
[INFO]-[2023/12/04 18:14:13] Total 12800 files processed
[INFO]-[2023/12/04 18:14:14] Total 12850 files processed
[INFO]-[2023/12/04 18:14:14] Total 12900 files processed
[INFO]-[2023/12/04 18:14:15] Total 12950 files processed
[INFO]-[2023/12/04 18:14:15] Total 13000 files processed
[INFO]-[2023/12/04 18:14:16] Total 13050 files processed
[INFO]-[2023/12/04 18:14:16] Total 13100 files processed
[INFO]-[2023/12/04 18:14:17] Total 13150 files processed
[INFO]-[2023/12/04 18:14:17] Total 13200 files processed
[INFO]-[2023/12/04 18:14:18] Total 13250 files processed
[INFO]-[2023/12/04 18:14:19] Total 13300 files processed
[INFO]-[2023/12/04 18:14:19] Total 13350 files processed
[INFO]-[2023/12/04 18:14:20] Total 13400 files processed
[INFO]-[2023/12/04 18:14:21] Total 13450 files processed
[INFO]-[2023/12/04 18:14:21] Total 13500 files processed
[INFO]-[2023/12/04 18:14:22] Total 13550 files processed
[INFO]-[2023/12/04 18:14:22] Total 13600 files processed
[INFO]-[2023/12/04 18:14:23] Total 13650 files processed
[INFO]-[2023/12/04 18:14:23] Total 13700 files processed
[INFO]-[2023/12/04 18:14:24] Total 13750 files processed
[INFO]-[2023/12/04 18:14:24] Total 13800 files processed
[INFO]-[2023/12/04 18:14:25] Total 13850 files processed
[INFO]-[2023/12/04 18:14:26] Total 13900 files processed
[INFO]-[2023/12/04 18:14:26] Total 13950 files processed
[INFO]-[2023/12/04 18:14:27] Total 14000 files processed
[INFO]-[2023/12/04 18:14:27] Total 14050 files processed
[INFO]-[2023/12/04 18:14:28] Total 14100 files processed
[INFO]-[2023/12/04 18:14:28] Total 14150 files processed
[INFO]-[2023/12/04 18:14:31] Total 14200 files processed
[INFO]-[2023/12/04 18:14:32] Total 14250 files processed
[INFO]-[2023/12/04 18:14:34] Total 14300 files processed
[INFO]-[2023/12/04 18:14:35] Total 14350 files processed
[INFO]-[2023/12/04 18:14:36] Total 14400 files processed
[INFO]-[2023/12/04 18:14:37] Total 14450 files processed
[INFO]-[2023/12/04 18:14:37] Total 14500 files processed
[INFO]-[2023/12/04 18:14:38] Total 14550 files processed
[INFO]-[2023/12/04 18:14:39] Total 14600 files processed
[INFO]-[2023/12/04 18:14:39] Total 14650 files processed
[INFO]-[2023/12/04 18:14:40] Total 14700 files processed
[INFO]-[2023/12/04 18:14:40] Total 14750 files processed
[INFO]-[2023/12/04 18:14:41] Total 14800 files processed
[INFO]-[2023/12/04 18:14:41] Total 14850 files processed
[INFO]-[2023/12/04 18:14:42] Total 14900 files processed
[INFO]-[2023/12/04 18:14:43] Total 14950 files processed
[INFO]-[2023/12/04 18:14:43] Total 15000 files processed
[INFO]-[2023/12/04 18:14:44] Total 15050 files processed
[INFO]-[2023/12/04 18:14:44] Total 15100 files processed
[INFO]-[2023/12/04 18:14:46] Total 15150 files processed
[INFO]-[2023/12/04 18:14:49] Total 15200 files processed
[INFO]-[2023/12/04 18:14:50] Total 15250 files processed
[INFO]-[2023/12/04 18:14:52] Total 15300 files processed
[INFO]-[2023/12/04 18:14:53] Total 15350 files processed
[INFO]-[2023/12/04 18:14:54] Total 15400 files processed
[INFO]-[2023/12/04 18:14:55] Total 15450 files processed
[INFO]-[2023/12/04 18:14:56] Total 15500 files processed
[INFO]-[2023/12/04 18:14:56] Total 15550 files processed
[INFO]-[2023/12/04 18:14:57] Total 15600 files processed
[INFO]-[2023/12/04 18:14:57] Total 15650 files processed
[INFO]-[2023/12/04 18:14:58] Total 15700 files processed
[INFO]-[2023/12/04 18:14:58] Total 15750 files processed
[INFO]-[2023/12/04 18:14:59] Total 15800 files processed
[INFO]-[2023/12/04 18:14:59] Total 15850 files processed
[INFO]-[2023/12/04 18:15:00] Total 15900 files processed
[INFO]-[2023/12/04 18:15:01] Total 15950 files processed
[INFO]-[2023/12/04 18:15:02] Total 16000 files processed
[INFO]-[2023/12/04 18:15:04] Total 16050 files processed
[INFO]-[2023/12/04 18:15:05] Total 16100 files processed
[INFO]-[2023/12/04 18:15:06] Total 16150 files processed
[INFO]-[2023/12/04 18:15:06] Total 16200 files processed
[INFO]-[2023/12/04 18:15:07] Total 16250 files processed
[INFO]-[2023/12/04 18:15:07] Total 16300 files processed
[INFO]-[2023/12/04 18:15:08] Total 16350 files processed
[INFO]-[2023/12/04 18:15:09] Total 16400 files processed
[INFO]-[2023/12/04 18:15:10] Total 16450 files processed
[INFO]-[2023/12/04 18:15:10] Total 16500 files processed
[INFO]-[2023/12/04 18:15:11] Total 16550 files processed
[INFO]-[2023/12/04 18:15:12] Total 16600 files processed
[INFO]-[2023/12/04 18:15:12] Total 16650 files processed
[INFO]-[2023/12/04 18:15:13] Total 16700 files processed
[INFO]-[2023/12/04 18:15:13] Total 16750 files processed
[INFO]-[2023/12/04 18:15:14] Total 16800 files processed
[INFO]-[2023/12/04 18:15:14] Total 16850 files processed
[INFO]-[2023/12/04 18:15:15] Total 16900 files processed
[INFO]-[2023/12/04 18:15:16] Total 16950 files processed
[INFO]-[2023/12/04 18:15:16] Total 17000 files processed
[INFO]-[2023/12/04 18:15:17] Total 17050 files processed
[INFO]-[2023/12/04 18:15:17] Total 17100 files processed
[INFO]-[2023/12/04 18:15:18] Total 17150 files processed
[INFO]-[2023/12/04 18:15:18] Total 17200 files processed
[INFO]-[2023/12/04 18:15:19] Total 17250 files processed
[INFO]-[2023/12/04 18:15:19] Total 17300 files processed
[INFO]-[2023/12/04 18:15:20] Total 17350 files processed
[INFO]-[2023/12/04 18:15:21] Total 17400 files processed
[INFO]-[2023/12/04 18:15:21] Total 17450 files processed
[INFO]-[2023/12/04 18:15:22] Total 17500 files processed
[INFO]-[2023/12/04 18:15:22] Total 17550 files processed
[INFO]-[2023/12/04 18:15:23] Total 17600 files processed
[INFO]-[2023/12/04 18:15:23] Total 17650 files processed
[INFO]-[2023/12/04 18:15:24] Total 17700 files processed
[INFO]-[2023/12/04 18:15:24] Total 17750 files processed
[INFO]-[2023/12/04 18:15:25] Total 17800 files processed
[INFO]-[2023/12/04 18:15:26] Total 17850 files processed
[INFO]-[2023/12/04 18:15:26] Total 17900 files processed
[INFO]-[2023/12/04 18:15:27] Total 17950 files processed
[INFO]-[2023/12/04 18:15:27] Total 18000 files processed
[INFO]-[2023/12/04 18:15:28] Total 18050 files processed
[INFO]-[2023/12/04 18:15:28] Total 18100 files processed
[INFO]-[2023/12/04 18:15:29] Total 18150 files processed
[INFO]-[2023/12/04 18:15:30] Total 18200 files processed
[INFO]-[2023/12/04 18:15:31] Total 18250 files processed
[INFO]-[2023/12/04 18:15:32] Total 18300 files processed
[INFO]-[2023/12/04 18:15:33] Total 18350 files processed
[INFO]-[2023/12/04 18:15:33] Total 18400 files processed
[INFO]-[2023/12/04 18:15:34] Total 18450 files processed
[INFO]-[2023/12/04 18:15:35] Total 18500 files processed
[INFO]-[2023/12/04 18:15:35] Total 18550 files processed
[INFO]-[2023/12/04 18:15:36] Total 18600 files processed
[INFO]-[2023/12/04 18:15:36] Total 18650 files processed
[INFO]-[2023/12/04 18:15:37] Total 18700 files processed
[INFO]-[2023/12/04 18:15:38] Total 18750 files processed
[INFO]-[2023/12/04 18:15:38] Total 18800 files processed
[INFO]-[2023/12/04 18:15:39] Total 18850 files processed
[INFO]-[2023/12/04 18:15:39] Total 18900 files processed
[INFO]-[2023/12/04 18:15:40] Total 18950 files processed
[INFO]-[2023/12/04 18:15:40] Total 19000 files processed
[INFO]-[2023/12/04 18:15:41] Total 19050 files processed
[INFO]-[2023/12/04 18:15:42] Total 19100 files processed
[INFO]-[2023/12/04 18:15:42] Total 19150 files processed
[INFO]-[2023/12/04 18:15:43] Total 19200 files processed
[INFO]-[2023/12/04 18:15:45] Total 19250 files processed
[INFO]-[2023/12/04 18:15:47] Total 19300 files processed
[INFO]-[2023/12/04 18:15:48] Total 19350 files processed
[INFO]-[2023/12/04 18:15:49] Total 19400 files processed
[INFO]-[2023/12/04 18:15:49] Total 19450 files processed
[INFO]-[2023/12/04 18:15:50] Total 19500 files processed
[INFO]-[2023/12/04 18:15:51] Total 19550 files processed
[INFO]-[2023/12/04 18:15:51] Total 19600 files processed
[INFO]-[2023/12/04 18:15:52] Total 19650 files processed
[INFO]-[2023/12/04 18:15:52] Total 19700 files processed
[INFO]-[2023/12/04 18:15:53] Total 19750 files processed
[INFO]-[2023/12/04 18:15:54] Total 19800 files processed
[INFO]-[2023/12/04 18:15:54] Total 19850 files processed
[INFO]-[2023/12/04 18:15:55] Total 19900 files processed
[INFO]-[2023/12/04 18:15:55] Total 19950 files processed
[INFO]-[2023/12/04 18:15:56] Total 20000 files processed
[INFO]-[2023/12/04 18:15:56] Total 20050 files processed
[INFO]-[2023/12/04 18:15:57] Total 20100 files processed
[INFO]-[2023/12/04 18:15:58] Total 20150 files processed
[INFO]-[2023/12/04 18:15:58] Skipping big file: /opt/bitnami/wordpress/wp-content/backups-dup-lite/20231203_addisonmods_f648fb77e450792f8337_20231203135812_archive.zip
[INFO]-[2023/12/04 18:15:58] Total 20200 files processed
[INFO]-[2023/12/04 18:15:59] Total 20250 files processed
[INFO]-[2023/12/04 18:15:59] Total 20300 files processed
[INFO]-[2023/12/04 18:16:00] Total 20350 files processed
[INFO]-[2023/12/04 18:16:01] Total 20400 files processed
[INFO]-[2023/12/04 18:16:01] Total 20450 files processed
[INFO]-[2023/12/04 18:16:02] Total 20500 files processed
[INFO]-[2023/12/04 18:16:02] Total 20550 files processed
[INFO]-[2023/12/04 18:16:03] Total 20600 files processed
[INFO]-[2023/12/04 18:16:04] Total 20650 files processed
[INFO]-[2023/12/04 18:16:04] Total 20700 files processed
[INFO]-[2023/12/04 18:16:05] Total 20750 files processed
[INFO]-[2023/12/04 18:16:05] Total 20800 files processed
[INFO]-[2023/12/04 18:16:06] Total 20850 files processed
[INFO]-[2023/12/04 18:16:06] Total 20900 files processed
[INFO]-[2023/12/04 18:16:07] Total 20950 files processed
[INFO]-[2023/12/04 18:16:07] Total 21000 files processed
[INFO]-[2023/12/04 18:16:08] Total 21050 files processed
[INFO]-[2023/12/04 18:16:09] Total 21100 files processed
[INFO]-[2023/12/04 18:16:09] Total 21150 files processed
[INFO]-[2023/12/04 18:16:10] Total 21200 files processed
[INFO]-[2023/12/04 18:16:10] Total 21250 files processed
[INFO]-[2023/12/04 18:16:11] Total 21300 files processed
[INFO]-[2023/12/04 18:16:11] Total 21350 files processed
[INFO]-[2023/12/04 18:16:12] Total 21400 files processed
[INFO]-[2023/12/04 18:16:12] Total 21450 files processed
[INFO]-[2023/12/04 18:16:13] Total 21500 files processed
[INFO]-[2023/12/04 18:16:14] Total 21550 files processed
[INFO]-[2023/12/04 18:16:14] Total 21600 files processed
[INFO]-[2023/12/04 18:16:15] Total 21650 files processed
[INFO]-[2023/12/04 18:16:15] Total 21700 files processed
[INFO]-[2023/12/04 18:16:16] Total 21750 files processed
[INFO]-[2023/12/04 18:16:16] Total 21800 files processed
[INFO]-[2023/12/04 18:16:17] Total 21850 files processed
[INFO]-[2023/12/04 18:16:17] Total 21900 files processed
[INFO]-[2023/12/04 18:16:18] Total 21950 files processed
[INFO]-[2023/12/04 18:16:18] Total 22000 files processed
[INFO]-[2023/12/04 18:16:19] Total 22050 files processed
[INFO]-[2023/12/04 18:16:20] Total 22100 files processed
[INFO]-[2023/12/04 18:16:20] Total 22150 files processed
[INFO]-[2023/12/04 18:16:21] Total 22200 files processed
[INFO]-[2023/12/04 18:16:21] Total 22250 files processed
[INFO]-[2023/12/04 18:16:22] Total 22300 files processed
[INFO]-[2023/12/04 18:16:22] Total 22350 files processed
[INFO]-[2023/12/04 18:16:23] Total 22400 files processed
[INFO]-[2023/12/04 18:16:23] Total 22450 files processed
[INFO]-[2023/12/04 18:16:24] Total 22500 files processed
[INFO]-[2023/12/04 18:16:25] Total 22550 files processed
[INFO]-[2023/12/04 18:16:25] Total 22600 files processed
[INFO]-[2023/12/04 18:16:29] Total 22650 files processed
[INFO]-[2023/12/04 18:16:30] Total 22700 files processed
[INFO]-[2023/12/04 18:16:32] Total 22750 files processed
[INFO]-[2023/12/04 18:16:33] Copying files finished
[INFO]-[2023/12/04 18:16:34] DB Data Step 0: Copy wp-config.php file
[INFO]-[2023/12/04 18:16:34] DB Data Step 0: Excluded: wp-config.php is excluded by filter
[INFO]-[2023/12/04 18:16:34] DB Data Step 1: Updating siteurl and homeurl in wpstg0_options to https://realaddison.xyz/1701612430547
[INFO]-[2023/12/04 18:16:36] DB Data Step 3: Updating db prefix in wpstg0_usermeta.
[INFO]-[2023/12/04 18:16:36] DB Data Step 4: Updating table_prefix in /opt/bitnami/wordpress/1701612430547/wp-config.php to wpstg0_
[INFO]-[2023/12/04 18:16:36] DB Data Step 4: Excluded: wp-config.php is excluded by filter
[INFO]-[2023/12/04 18:16:37] DB Data Step 5: WP installation is not in a subdirectory! Skipping this step
[INFO]-[2023/12/04 18:16:37] DB Data Step 6: Updating db prefix in wpstg0_options.
[INFO]-[2023/12/04 18:16:38] DB Data Step 7: Updating constants in wp-config.php
[INFO]-[2023/12/04 18:16:38] DB Data Step 7: Excluded: wp-config.php is excluded by filter
[INFO]-[2023/12/04 18:16:41] Finish: Deleting clone job's cache files...
[INFO]-[2023/12/04 18:16:41] Finish: Clone job's cache files have been deleted!
[INFO]-[2023/12/04 18:16:41] Finish: Verifying existing clones...
[INFO]-[2023/12/04 18:16:41] Finish: The job finished!
[info]-[2023/12/04 18:16:41] ################## FINISH ##################
