Dec 11 2023 14:56:16
{"type":8192,"message":"Creation of dynamic property edd_updater_admin::$beta is deprecated","file":"C:\\xampp\\htdocs\\apkmodded\\wp-content\\themes\\moddroid\\libs\\plugins\\tallu.php(18) : eval()'d code(1) : eval()'d code(1) : eval()'d code(1) : eval()'d code(1) : eval()'d code(1) : eval()'d code(1) : eval()'d code(1) : eval()'d code(1) : eval()'d code(1) : eval()'d code(1) : eval()'d code(1) : eval()'d code(1) : eval()'d code(1) : eval()'d code(1) : eval()'d code(1) : eval()'d code(1) : eval()'d code(1) : eval()'d code(1) : eval()'d code(1) : eval()'d code","line":1}

Dec 11 2023 14:56:16
{"type":8192,"message":"Creation of dynamic property edd_updater_admin::$beta is deprecated","file":"C:\\xampp\\htdocs\\apkmodded\\wp-content\\themes\\moddroid\\libs\\plugins\\tallu.php(18) : eval()'d code(1) : eval()'d code(1) : eval()'d code(1) : eval()'d code(1) : eval()'d code(1) : eval()'d code(1) : eval()'d code(1) : eval()'d code(1) : eval()'d code(1) : eval()'d code(1) : eval()'d code(1) : eval()'d code(1) : eval()'d code(1) : eval()'d code(1) : eval()'d code(1) : eval()'d code(1) : eval()'d code(1) : eval()'d code(1) : eval()'d code(1) : eval()'d code","line":1}

Dec 11 2023 14:56:17
{"type":8192,"message":"Creation of dynamic property edd_updater_admin::$beta is deprecated","file":"C:\\xampp\\htdocs\\apkmodded\\wp-content\\themes\\moddroid\\libs\\plugins\\tallu.php(18) : eval()'d code(1) : eval()'d code(1) : eval()'d code(1) : eval()'d code(1) : eval()'d code(1) : eval()'d code(1) : eval()'d code(1) : eval()'d code(1) : eval()'d code(1) : eval()'d code(1) : eval()'d code(1) : eval()'d code(1) : eval()'d code(1) : eval()'d code(1) : eval()'d code(1) : eval()'d code(1) : eval()'d code(1) : eval()'d code(1) : eval()'d code(1) : eval()'d code","line":1}

Dec 11 2023 14:56:17
{"type":8192,"message":"Creation of dynamic property edd_updater_admin::$beta is deprecated","file":"C:\\xampp\\htdocs\\apkmodded\\wp-content\\themes\\moddroid\\libs\\plugins\\tallu.php(18) : eval()'d code(1) : eval()'d code(1) : eval()'d code(1) : eval()'d code(1) : eval()'d code(1) : eval()'d code(1) : eval()'d code(1) : eval()'d code(1) : eval()'d code(1) : eval()'d code(1) : eval()'d code(1) : eval()'d code(1) : eval()'d code(1) : eval()'d code(1) : eval()'d code(1) : eval()'d code(1) : eval()'d code(1) : eval()'d code(1) : eval()'d code(1) : eval()'d code","line":1}

Dec 11 2023 14:56:18
{"type":8192,"message":"Creation of dynamic property edd_updater_admin::$beta is deprecated","file":"C:\\xampp\\htdocs\\apkmodded\\wp-content\\themes\\moddroid\\libs\\plugins\\tallu.php(18) : eval()'d code(1) : eval()'d code(1) : eval()'d code(1) : eval()'d code(1) : eval()'d code(1) : eval()'d code(1) : eval()'d code(1) : eval()'d code(1) : eval()'d code(1) : eval()'d code(1) : eval()'d code(1) : eval()'d code(1) : eval()'d code(1) : eval()'d code(1) : eval()'d code(1) : eval()'d code(1) : eval()'d code(1) : eval()'d code(1) : eval()'d code(1) : eval()'d code","line":1}

Dec 11 2023 14:56:18
{"type":8192,"message":"Creation of dynamic property edd_updater_admin::$beta is deprecated","file":"C:\\xampp\\htdocs\\apkmodded\\wp-content\\themes\\moddroid\\libs\\plugins\\tallu.php(18) : eval()'d code(1) : eval()'d code(1) : eval()'d code(1) : eval()'d code(1) : eval()'d code(1) : eval()'d code(1) : eval()'d code(1) : eval()'d code(1) : eval()'d code(1) : eval()'d code(1) : eval()'d code(1) : eval()'d code(1) : eval()'d code(1) : eval()'d code(1) : eval()'d code(1) : eval()'d code(1) : eval()'d code(1) : eval()'d code(1) : eval()'d code(1) : eval()'d code","line":1}

Dec 11 2023 14:56:19
{"type":8192,"message":"Creation of dynamic property edd_updater_admin::$beta is deprecated","file":"C:\\xampp\\htdocs\\apkmodded\\wp-content\\themes\\moddroid\\libs\\plugins\\tallu.php(18) : eval()'d code(1) : eval()'d code(1) : eval()'d code(1) : eval()'d code(1) : eval()'d code(1) : eval()'d code(1) : eval()'d code(1) : eval()'d code(1) : eval()'d code(1) : eval()'d code(1) : eval()'d code(1) : eval()'d code(1) : eval()'d code(1) : eval()'d code(1) : eval()'d code(1) : eval()'d code(1) : eval()'d code(1) : eval()'d code(1) : eval()'d code(1) : eval()'d code","line":1}

Dec 11 2023 14:56:20
{"type":8192,"message":"Creation of dynamic property edd_updater_admin::$beta is deprecated","file":"C:\\xampp\\htdocs\\apkmodded\\wp-content\\themes\\moddroid\\libs\\plugins\\tallu.php(18) : eval()'d code(1) : eval()'d code(1) : eval()'d code(1) : eval()'d code(1) : eval()'d code(1) : eval()'d code(1) : eval()'d code(1) : eval()'d code(1) : eval()'d code(1) : eval()'d code(1) : eval()'d code(1) : eval()'d code(1) : eval()'d code(1) : eval()'d code(1) : eval()'d code(1) : eval()'d code(1) : eval()'d code(1) : eval()'d code(1) : eval()'d code(1) : eval()'d code","line":1}

Dec 11 2023 14:56:24
{"type":8192,"message":"Creation of dynamic property edd_updater_admin::$beta is deprecated","file":"C:\\xampp\\htdocs\\apkmodded\\wp-content\\themes\\moddroid\\libs\\plugins\\tallu.php(18) : eval()'d code(1) : eval()'d code(1) : eval()'d code(1) : eval()'d code(1) : eval()'d code(1) : eval()'d code(1) : eval()'d code(1) : eval()'d code(1) : eval()'d code(1) : eval()'d code(1) : eval()'d code(1) : eval()'d code(1) : eval()'d code(1) : eval()'d code(1) : eval()'d code(1) : eval()'d code(1) : eval()'d code(1) : eval()'d code(1) : eval()'d code(1) : eval()'d code","line":1}

Dec 11 2023 14:56:25
{"type":8192,"message":"Creation of dynamic property edd_updater_admin::$beta is deprecated","file":"C:\\xampp\\htdocs\\apkmodded\\wp-content\\themes\\moddroid\\libs\\plugins\\tallu.php(18) : eval()'d code(1) : eval()'d code(1) : eval()'d code(1) : eval()'d code(1) : eval()'d code(1) : eval()'d code(1) : eval()'d code(1) : eval()'d code(1) : eval()'d code(1) : eval()'d code(1) : eval()'d code(1) : eval()'d code(1) : eval()'d code(1) : eval()'d code(1) : eval()'d code(1) : eval()'d code(1) : eval()'d code(1) : eval()'d code(1) : eval()'d code(1) : eval()'d code","line":1}

Dec 11 2023 14:56:25
{"type":8192,"message":"Creation of dynamic property edd_updater_admin::$beta is deprecated","file":"C:\\xampp\\htdocs\\apkmodded\\wp-content\\themes\\moddroid\\libs\\plugins\\tallu.php(18) : eval()'d code(1) : eval()'d code(1) : eval()'d code(1) : eval()'d code(1) : eval()'d code(1) : eval()'d code(1) : eval()'d code(1) : eval()'d code(1) : eval()'d code(1) : eval()'d code(1) : eval()'d code(1) : eval()'d code(1) : eval()'d code(1) : eval()'d code(1) : eval()'d code(1) : eval()'d code(1) : eval()'d code(1) : eval()'d code(1) : eval()'d code(1) : eval()'d code","line":1}

Dec 11 2023 14:56:25
{"type":8192,"message":"Creation of dynamic property edd_updater_admin::$beta is deprecated","file":"C:\\xampp\\htdocs\\apkmodded\\wp-content\\themes\\moddroid\\libs\\plugins\\tallu.php(18) : eval()'d code(1) : eval()'d code(1) : eval()'d code(1) : eval()'d code(1) : eval()'d code(1) : eval()'d code(1) : eval()'d code(1) : eval()'d code(1) : eval()'d code(1) : eval()'d code(1) : eval()'d code(1) : eval()'d code(1) : eval()'d code(1) : eval()'d code(1) : eval()'d code(1) : eval()'d code(1) : eval()'d code(1) : eval()'d code(1) : eval()'d code(1) : eval()'d code","line":1}

Dec 11 2023 14:56:26
{"Number":2,"Message":"mkdir(): Permission denied","File":"C:\\xampp\\htdocs\\apkmodded\\wp-content\\plugins\\all-in-one-wp-migration\\lib\\vendor\\servmask\\archiver\\class-ai1wm-extractor.php","Line":293}

Dec 11 2023 14:56:26
{"Number":2,"Message":"fopen(C:\\\\xampp\\\\htdocs\\\\apkmodded\\\\wp-content\\\\cache\\\\wp-rocket\\\\www.apkmodded.click\\\\tag\\\\ai-art-photo-editor-everimaging-ltd.\\\\.no-webp): Failed to open stream: Permission denied","File":"C:\\xampp\\htdocs\\apkmodded\\wp-content\\plugins\\all-in-one-wp-migration\\lib\\vendor\\servmask\\archiver\\class-ai1wm-extractor.php","Line":486}

Dec 11 2023 14:56:26
{"Number":2,"Message":"mkdir(): Permission denied","File":"C:\\xampp\\htdocs\\apkmodded\\wp-content\\plugins\\all-in-one-wp-migration\\lib\\vendor\\servmask\\archiver\\class-ai1wm-extractor.php","Line":293}

Dec 11 2023 14:56:26
{"Number":2,"Message":"fopen(C:\\\\xampp\\\\htdocs\\\\apkmodded\\\\wp-content\\\\cache\\\\wp-rocket\\\\www.apkmodded.click\\\\tag\\\\ai-art-photo-editor-everimaging-ltd.\\\\index-https.html): Failed to open stream: Permission denied","File":"C:\\xampp\\htdocs\\apkmodded\\wp-content\\plugins\\all-in-one-wp-migration\\lib\\vendor\\servmask\\archiver\\class-ai1wm-extractor.php","Line":486}

Dec 11 2023 14:56:26
{"Number":2,"Message":"mkdir(): Permission denied","File":"C:\\xampp\\htdocs\\apkmodded\\wp-content\\plugins\\all-in-one-wp-migration\\lib\\vendor\\servmask\\archiver\\class-ai1wm-extractor.php","Line":293}

Dec 11 2023 14:56:26
{"Number":2,"Message":"fopen(C:\\\\xampp\\\\htdocs\\\\apkmodded\\\\wp-content\\\\cache\\\\wp-rocket\\\\www.apkmodded.click\\\\tag\\\\ai-art-photo-editor-everimaging-ltd.\\\\index-mobile-https.html): Failed to open stream: Permission denied","File":"C:\\xampp\\htdocs\\apkmodded\\wp-content\\plugins\\all-in-one-wp-migration\\lib\\vendor\\servmask\\archiver\\class-ai1wm-extractor.php","Line":486}

Dec 11 2023 14:56:26
{"Number":2,"Message":"mkdir(): Permission denied","File":"C:\\xampp\\htdocs\\apkmodded\\wp-content\\plugins\\all-in-one-wp-migration\\lib\\vendor\\servmask\\archiver\\class-ai1wm-extractor.php","Line":293}

Dec 11 2023 14:56:26
{"Number":2,"Message":"fopen(C:\\\\xampp\\\\htdocs\\\\apkmodded\\\\wp-content\\\\cache\\\\wp-rocket\\\\www.apkmodded.click\\\\tag\\\\ai-art-photo-editor-everimaging-ltd.\\\\index-https.html_gzip): Failed to open stream: Permission denied","File":"C:\\xampp\\htdocs\\apkmodded\\wp-content\\plugins\\all-in-one-wp-migration\\lib\\vendor\\servmask\\archiver\\class-ai1wm-extractor.php","Line":486}

Dec 11 2023 14:56:26
{"Number":2,"Message":"mkdir(): Permission denied","File":"C:\\xampp\\htdocs\\apkmodded\\wp-content\\plugins\\all-in-one-wp-migration\\lib\\vendor\\servmask\\archiver\\class-ai1wm-extractor.php","Line":293}

Dec 11 2023 14:56:26
{"Number":2,"Message":"fopen(C:\\\\xampp\\\\htdocs\\\\apkmodded\\\\wp-content\\\\cache\\\\wp-rocket\\\\www.apkmodded.click\\\\tag\\\\ai-art-photo-editor-everimaging-ltd.\\\\index-mobile-https.html_gzip): Failed to open stream: Permission denied","File":"C:\\xampp\\htdocs\\apkmodded\\wp-content\\plugins\\all-in-one-wp-migration\\lib\\vendor\\servmask\\archiver\\class-ai1wm-extractor.php","Line":486}

Dec 11 2023 14:56:26
{"Number":2,"Message":"mkdir(): Permission denied","File":"C:\\xampp\\htdocs\\apkmodded\\wp-content\\plugins\\all-in-one-wp-migration\\lib\\vendor\\servmask\\archiver\\class-ai1wm-extractor.php","Line":293}

Dec 11 2023 14:56:26
{"Number":2,"Message":"fopen(C:\\\\xampp\\\\htdocs\\\\apkmodded\\\\wp-content\\\\cache\\\\wp-rocket\\\\www.apkmodded.click\\\\tag\\\\cognosphere-pte.-ltd.\\\\.no-webp): Failed to open stream: Permission denied","File":"C:\\xampp\\htdocs\\apkmodded\\wp-content\\plugins\\all-in-one-wp-migration\\lib\\vendor\\servmask\\archiver\\class-ai1wm-extractor.php","Line":486}

Dec 11 2023 14:56:26
{"Number":2,"Message":"mkdir(): Permission denied","File":"C:\\xampp\\htdocs\\apkmodded\\wp-content\\plugins\\all-in-one-wp-migration\\lib\\vendor\\servmask\\archiver\\class-ai1wm-extractor.php","Line":293}

Dec 11 2023 14:56:26
{"Number":2,"Message":"fopen(C:\\\\xampp\\\\htdocs\\\\apkmodded\\\\wp-content\\\\cache\\\\wp-rocket\\\\www.apkmodded.click\\\\tag\\\\cognosphere-pte.-ltd.\\\\index-https.html): Failed to open stream: Permission denied","File":"C:\\xampp\\htdocs\\apkmodded\\wp-content\\plugins\\all-in-one-wp-migration\\lib\\vendor\\servmask\\archiver\\class-ai1wm-extractor.php","Line":486}

Dec 11 2023 14:56:26
{"Number":2,"Message":"mkdir(): Permission denied","File":"C:\\xampp\\htdocs\\apkmodded\\wp-content\\plugins\\all-in-one-wp-migration\\lib\\vendor\\servmask\\archiver\\class-ai1wm-extractor.php","Line":293}

Dec 11 2023 14:56:26
{"Number":2,"Message":"fopen(C:\\\\xampp\\\\htdocs\\\\apkmodded\\\\wp-content\\\\cache\\\\wp-rocket\\\\www.apkmodded.click\\\\tag\\\\cognosphere-pte.-ltd.\\\\index-mobile-https.html): Failed to open stream: Permission denied","File":"C:\\xampp\\htdocs\\apkmodded\\wp-content\\plugins\\all-in-one-wp-migration\\lib\\vendor\\servmask\\archiver\\class-ai1wm-extractor.php","Line":486}

Dec 11 2023 14:56:26
{"Number":2,"Message":"mkdir(): Permission denied","File":"C:\\xampp\\htdocs\\apkmodded\\wp-content\\plugins\\all-in-one-wp-migration\\lib\\vendor\\servmask\\archiver\\class-ai1wm-extractor.php","Line":293}

Dec 11 2023 14:56:26
{"Number":2,"Message":"fopen(C:\\\\xampp\\\\htdocs\\\\apkmodded\\\\wp-content\\\\cache\\\\wp-rocket\\\\www.apkmodded.click\\\\tag\\\\cognosphere-pte.-ltd.\\\\index-https.html_gzip): Failed to open stream: Permission denied","File":"C:\\xampp\\htdocs\\apkmodded\\wp-content\\plugins\\all-in-one-wp-migration\\lib\\vendor\\servmask\\archiver\\class-ai1wm-extractor.php","Line":486}

Dec 11 2023 14:56:26
{"Number":2,"Message":"mkdir(): Permission denied","File":"C:\\xampp\\htdocs\\apkmodded\\wp-content\\plugins\\all-in-one-wp-migration\\lib\\vendor\\servmask\\archiver\\class-ai1wm-extractor.php","Line":293}

Dec 11 2023 14:56:26
{"Number":2,"Message":"fopen(C:\\\\xampp\\\\htdocs\\\\apkmodded\\\\wp-content\\\\cache\\\\wp-rocket\\\\www.apkmodded.click\\\\tag\\\\cognosphere-pte.-ltd.\\\\index-mobile-https.html_gzip): Failed to open stream: Permission denied","File":"C:\\xampp\\htdocs\\apkmodded\\wp-content\\plugins\\all-in-one-wp-migration\\lib\\vendor\\servmask\\archiver\\class-ai1wm-extractor.php","Line":486}

Dec 11 2023 14:56:26
{"Number":2,"Message":"mkdir(): Permission denied","File":"C:\\xampp\\htdocs\\apkmodded\\wp-content\\plugins\\all-in-one-wp-migration\\lib\\vendor\\servmask\\archiver\\class-ai1wm-extractor.php","Line":293}

Dec 11 2023 14:56:26
{"Number":2,"Message":"fopen(C:\\\\xampp\\\\htdocs\\\\apkmodded\\\\wp-content\\\\cache\\\\wp-rocket\\\\www.apkmodded.click\\\\tag\\\\bytedance-pte.-ltd.\\\\.no-webp): Failed to open stream: Permission denied","File":"C:\\xampp\\htdocs\\apkmodded\\wp-content\\plugins\\all-in-one-wp-migration\\lib\\vendor\\servmask\\archiver\\class-ai1wm-extractor.php","Line":486}

Dec 11 2023 14:56:26
{"Number":2,"Message":"mkdir(): Permission denied","File":"C:\\xampp\\htdocs\\apkmodded\\wp-content\\plugins\\all-in-one-wp-migration\\lib\\vendor\\servmask\\archiver\\class-ai1wm-extractor.php","Line":293}

Dec 11 2023 14:56:26
{"Number":2,"Message":"fopen(C:\\\\xampp\\\\htdocs\\\\apkmodded\\\\wp-content\\\\cache\\\\wp-rocket\\\\www.apkmodded.click\\\\tag\\\\bytedance-pte.-ltd.\\\\index-https.html): Failed to open stream: Permission denied","File":"C:\\xampp\\htdocs\\apkmodded\\wp-content\\plugins\\all-in-one-wp-migration\\lib\\vendor\\servmask\\archiver\\class-ai1wm-extractor.php","Line":486}

Dec 11 2023 14:56:26
{"Number":2,"Message":"mkdir(): Permission denied","File":"C:\\xampp\\htdocs\\apkmodded\\wp-content\\plugins\\all-in-one-wp-migration\\lib\\vendor\\servmask\\archiver\\class-ai1wm-extractor.php","Line":293}

Dec 11 2023 14:56:26
{"Number":2,"Message":"fopen(C:\\\\xampp\\\\htdocs\\\\apkmodded\\\\wp-content\\\\cache\\\\wp-rocket\\\\www.apkmodded.click\\\\tag\\\\bytedance-pte.-ltd.\\\\index-mobile-https.html): Failed to open stream: Permission denied","File":"C:\\xampp\\htdocs\\apkmodded\\wp-content\\plugins\\all-in-one-wp-migration\\lib\\vendor\\servmask\\archiver\\class-ai1wm-extractor.php","Line":486}

Dec 11 2023 14:56:26
{"Number":2,"Message":"mkdir(): Permission denied","File":"C:\\xampp\\htdocs\\apkmodded\\wp-content\\plugins\\all-in-one-wp-migration\\lib\\vendor\\servmask\\archiver\\class-ai1wm-extractor.php","Line":293}

Dec 11 2023 14:56:26
{"Number":2,"Message":"fopen(C:\\\\xampp\\\\htdocs\\\\apkmodded\\\\wp-content\\\\cache\\\\wp-rocket\\\\www.apkmodded.click\\\\tag\\\\bytedance-pte.-ltd.\\\\index-https.html_gzip): Failed to open stream: Permission denied","File":"C:\\xampp\\htdocs\\apkmodded\\wp-content\\plugins\\all-in-one-wp-migration\\lib\\vendor\\servmask\\archiver\\class-ai1wm-extractor.php","Line":486}

Dec 11 2023 14:56:26
{"Number":2,"Message":"mkdir(): Permission denied","File":"C:\\xampp\\htdocs\\apkmodded\\wp-content\\plugins\\all-in-one-wp-migration\\lib\\vendor\\servmask\\archiver\\class-ai1wm-extractor.php","Line":293}

Dec 11 2023 14:56:26
{"Number":2,"Message":"fopen(C:\\\\xampp\\\\htdocs\\\\apkmodded\\\\wp-content\\\\cache\\\\wp-rocket\\\\www.apkmodded.click\\\\tag\\\\bytedance-pte.-ltd.\\\\index-mobile-https.html_gzip): Failed to open stream: Permission denied","File":"C:\\xampp\\htdocs\\apkmodded\\wp-content\\plugins\\all-in-one-wp-migration\\lib\\vendor\\servmask\\archiver\\class-ai1wm-extractor.php","Line":486}

Dec 11 2023 14:56:26
{"Number":2,"Message":"mkdir(): Permission denied","File":"C:\\xampp\\htdocs\\apkmodded\\wp-content\\plugins\\all-in-one-wp-migration\\lib\\vendor\\servmask\\archiver\\class-ai1wm-extractor.php","Line":293}

Dec 11 2023 14:56:26
{"Number":2,"Message":"fopen(C:\\\\xampp\\\\htdocs\\\\apkmodded\\\\wp-content\\\\cache\\\\wp-rocket\\\\www.apkmodded.click\\\\tag\\\\century-games-pte.-ltd.\\\\.no-webp): Failed to open stream: Permission denied","File":"C:\\xampp\\htdocs\\apkmodded\\wp-content\\plugins\\all-in-one-wp-migration\\lib\\vendor\\servmask\\archiver\\class-ai1wm-extractor.php","Line":486}

Dec 11 2023 14:56:26
{"Number":2,"Message":"mkdir(): Permission denied","File":"C:\\xampp\\htdocs\\apkmodded\\wp-content\\plugins\\all-in-one-wp-migration\\lib\\vendor\\servmask\\archiver\\class-ai1wm-extractor.php","Line":293}

Dec 11 2023 14:56:26
{"Number":2,"Message":"fopen(C:\\\\xampp\\\\htdocs\\\\apkmodded\\\\wp-content\\\\cache\\\\wp-rocket\\\\www.apkmodded.click\\\\tag\\\\century-games-pte.-ltd.\\\\index-https.html): Failed to open stream: Permission denied","File":"C:\\xampp\\htdocs\\apkmodded\\wp-content\\plugins\\all-in-one-wp-migration\\lib\\vendor\\servmask\\archiver\\class-ai1wm-extractor.php","Line":486}

Dec 11 2023 14:56:26
{"Number":2,"Message":"mkdir(): Permission denied","File":"C:\\xampp\\htdocs\\apkmodded\\wp-content\\plugins\\all-in-one-wp-migration\\lib\\vendor\\servmask\\archiver\\class-ai1wm-extractor.php","Line":293}

Dec 11 2023 14:56:26
{"Number":2,"Message":"fopen(C:\\\\xampp\\\\htdocs\\\\apkmodded\\\\wp-content\\\\cache\\\\wp-rocket\\\\www.apkmodded.click\\\\tag\\\\century-games-pte.-ltd.\\\\index-mobile-https.html): Failed to open stream: Permission denied","File":"C:\\xampp\\htdocs\\apkmodded\\wp-content\\plugins\\all-in-one-wp-migration\\lib\\vendor\\servmask\\archiver\\class-ai1wm-extractor.php","Line":486}

Dec 11 2023 14:56:26
{"Number":2,"Message":"mkdir(): Permission denied","File":"C:\\xampp\\htdocs\\apkmodded\\wp-content\\plugins\\all-in-one-wp-migration\\lib\\vendor\\servmask\\archiver\\class-ai1wm-extractor.php","Line":293}

Dec 11 2023 14:56:26
{"Number":2,"Message":"fopen(C:\\\\xampp\\\\htdocs\\\\apkmodded\\\\wp-content\\\\cache\\\\wp-rocket\\\\www.apkmodded.click\\\\tag\\\\century-games-pte.-ltd.\\\\index-https.html_gzip): Failed to open stream: Permission denied","File":"C:\\xampp\\htdocs\\apkmodded\\wp-content\\plugins\\all-in-one-wp-migration\\lib\\vendor\\servmask\\archiver\\class-ai1wm-extractor.php","Line":486}

Dec 11 2023 14:56:26
{"Number":2,"Message":"mkdir(): Permission denied","File":"C:\\xampp\\htdocs\\apkmodded\\wp-content\\plugins\\all-in-one-wp-migration\\lib\\vendor\\servmask\\archiver\\class-ai1wm-extractor.php","Line":293}

Dec 11 2023 14:56:26
{"Number":2,"Message":"fopen(C:\\\\xampp\\\\htdocs\\\\apkmodded\\\\wp-content\\\\cache\\\\wp-rocket\\\\www.apkmodded.click\\\\tag\\\\century-games-pte.-ltd.\\\\index-mobile-https.html_gzip): Failed to open stream: Permission denied","File":"C:\\xampp\\htdocs\\apkmodded\\wp-content\\plugins\\all-in-one-wp-migration\\lib\\vendor\\servmask\\archiver\\class-ai1wm-extractor.php","Line":486}

Dec 11 2023 14:56:26
{"Number":2,"Message":"mkdir(): Permission denied","File":"C:\\xampp\\htdocs\\apkmodded\\wp-content\\plugins\\all-in-one-wp-migration\\lib\\vendor\\servmask\\archiver\\class-ai1wm-extractor.php","Line":293}

Dec 11 2023 14:56:26
{"Number":2,"Message":"fopen(C:\\\\xampp\\\\htdocs\\\\apkmodded\\\\wp-content\\\\cache\\\\wp-rocket\\\\www.apkmodded.click\\\\tag\\\\aiby-inc.\\\\.no-webp): Failed to open stream: Permission denied","File":"C:\\xampp\\htdocs\\apkmodded\\wp-content\\plugins\\all-in-one-wp-migration\\lib\\vendor\\servmask\\archiver\\class-ai1wm-extractor.php","Line":486}

Dec 11 2023 14:56:26
{"Number":2,"Message":"mkdir(): Permission denied","File":"C:\\xampp\\htdocs\\apkmodded\\wp-content\\plugins\\all-in-one-wp-migration\\lib\\vendor\\servmask\\archiver\\class-ai1wm-extractor.php","Line":293}

Dec 11 2023 14:56:26
{"Number":2,"Message":"fopen(C:\\\\xampp\\\\htdocs\\\\apkmodded\\\\wp-content\\\\cache\\\\wp-rocket\\\\www.apkmodded.click\\\\tag\\\\aiby-inc.\\\\index-https.html): Failed to open stream: Permission denied","File":"C:\\xampp\\htdocs\\apkmodded\\wp-content\\plugins\\all-in-one-wp-migration\\lib\\vendor\\servmask\\archiver\\class-ai1wm-extractor.php","Line":486}

Dec 11 2023 14:56:26
{"Number":2,"Message":"mkdir(): Permission denied","File":"C:\\xampp\\htdocs\\apkmodded\\wp-content\\plugins\\all-in-one-wp-migration\\lib\\vendor\\servmask\\archiver\\class-ai1wm-extractor.php","Line":293}

Dec 11 2023 14:56:26
{"Number":2,"Message":"fopen(C:\\\\xampp\\\\htdocs\\\\apkmodded\\\\wp-content\\\\cache\\\\wp-rocket\\\\www.apkmodded.click\\\\tag\\\\aiby-inc.\\\\index-mobile-https.html): Failed to open stream: Permission denied","File":"C:\\xampp\\htdocs\\apkmodded\\wp-content\\plugins\\all-in-one-wp-migration\\lib\\vendor\\servmask\\archiver\\class-ai1wm-extractor.php","Line":486}

Dec 11 2023 14:56:26
{"Number":2,"Message":"mkdir(): Permission denied","File":"C:\\xampp\\htdocs\\apkmodded\\wp-content\\plugins\\all-in-one-wp-migration\\lib\\vendor\\servmask\\archiver\\class-ai1wm-extractor.php","Line":293}

Dec 11 2023 14:56:26
{"Number":2,"Message":"fopen(C:\\\\xampp\\\\htdocs\\\\apkmodded\\\\wp-content\\\\cache\\\\wp-rocket\\\\www.apkmodded.click\\\\tag\\\\aiby-inc.\\\\index-https.html_gzip): Failed to open stream: Permission denied","File":"C:\\xampp\\htdocs\\apkmodded\\wp-content\\plugins\\all-in-one-wp-migration\\lib\\vendor\\servmask\\archiver\\class-ai1wm-extractor.php","Line":486}

Dec 11 2023 14:56:26
{"Number":2,"Message":"mkdir(): Permission denied","File":"C:\\xampp\\htdocs\\apkmodded\\wp-content\\plugins\\all-in-one-wp-migration\\lib\\vendor\\servmask\\archiver\\class-ai1wm-extractor.php","Line":293}

Dec 11 2023 14:56:26
{"Number":2,"Message":"fopen(C:\\\\xampp\\\\htdocs\\\\apkmodded\\\\wp-content\\\\cache\\\\wp-rocket\\\\www.apkmodded.click\\\\tag\\\\aiby-inc.\\\\index-mobile-https.html_gzip): Failed to open stream: Permission denied","File":"C:\\xampp\\htdocs\\apkmodded\\wp-content\\plugins\\all-in-one-wp-migration\\lib\\vendor\\servmask\\archiver\\class-ai1wm-extractor.php","Line":486}

Dec 11 2023 14:56:27
{"Number":2,"Message":"mkdir(): Permission denied","File":"C:\\xampp\\htdocs\\apkmodded\\wp-content\\plugins\\all-in-one-wp-migration\\lib\\vendor\\servmask\\archiver\\class-ai1wm-extractor.php","Line":293}

Dec 11 2023 14:56:27
{"Number":2,"Message":"fopen(C:\\\\xampp\\\\htdocs\\\\apkmodded\\\\wp-content\\\\cache\\\\wp-rocket\\\\www.apkmodded.click\\\\tag\\\\pixocial-technology-singapore-pte.-ltd.\\\\.no-webp): Failed to open stream: Permission denied","File":"C:\\xampp\\htdocs\\apkmodded\\wp-content\\plugins\\all-in-one-wp-migration\\lib\\vendor\\servmask\\archiver\\class-ai1wm-extractor.php","Line":486}

Dec 11 2023 14:56:27
{"Number":2,"Message":"mkdir(): Permission denied","File":"C:\\xampp\\htdocs\\apkmodded\\wp-content\\plugins\\all-in-one-wp-migration\\lib\\vendor\\servmask\\archiver\\class-ai1wm-extractor.php","Line":293}

Dec 11 2023 14:56:27
{"Number":2,"Message":"fopen(C:\\\\xampp\\\\htdocs\\\\apkmodded\\\\wp-content\\\\cache\\\\wp-rocket\\\\www.apkmodded.click\\\\tag\\\\pixocial-technology-singapore-pte.-ltd.\\\\index-https.html): Failed to open stream: Permission denied","File":"C:\\xampp\\htdocs\\apkmodded\\wp-content\\plugins\\all-in-one-wp-migration\\lib\\vendor\\servmask\\archiver\\class-ai1wm-extractor.php","Line":486}

Dec 11 2023 14:56:27
{"Number":2,"Message":"mkdir(): Permission denied","File":"C:\\xampp\\htdocs\\apkmodded\\wp-content\\plugins\\all-in-one-wp-migration\\lib\\vendor\\servmask\\archiver\\class-ai1wm-extractor.php","Line":293}

Dec 11 2023 14:56:27
{"Number":2,"Message":"fopen(C:\\\\xampp\\\\htdocs\\\\apkmodded\\\\wp-content\\\\cache\\\\wp-rocket\\\\www.apkmodded.click\\\\tag\\\\pixocial-technology-singapore-pte.-ltd.\\\\index-mobile-https.html): Failed to open stream: Permission denied","File":"C:\\xampp\\htdocs\\apkmodded\\wp-content\\plugins\\all-in-one-wp-migration\\lib\\vendor\\servmask\\archiver\\class-ai1wm-extractor.php","Line":486}

Dec 11 2023 14:56:27
{"Number":2,"Message":"mkdir(): Permission denied","File":"C:\\xampp\\htdocs\\apkmodded\\wp-content\\plugins\\all-in-one-wp-migration\\lib\\vendor\\servmask\\archiver\\class-ai1wm-extractor.php","Line":293}

Dec 11 2023 14:56:27
{"Number":2,"Message":"fopen(C:\\\\xampp\\\\htdocs\\\\apkmodded\\\\wp-content\\\\cache\\\\wp-rocket\\\\www.apkmodded.click\\\\tag\\\\pixocial-technology-singapore-pte.-ltd.\\\\index-https.html_gzip): Failed to open stream: Permission denied","File":"C:\\xampp\\htdocs\\apkmodded\\wp-content\\plugins\\all-in-one-wp-migration\\lib\\vendor\\servmask\\archiver\\class-ai1wm-extractor.php","Line":486}

Dec 11 2023 14:56:27
{"Number":2,"Message":"mkdir(): Permission denied","File":"C:\\xampp\\htdocs\\apkmodded\\wp-content\\plugins\\all-in-one-wp-migration\\lib\\vendor\\servmask\\archiver\\class-ai1wm-extractor.php","Line":293}

Dec 11 2023 14:56:27
{"Number":2,"Message":"fopen(C:\\\\xampp\\\\htdocs\\\\apkmodded\\\\wp-content\\\\cache\\\\wp-rocket\\\\www.apkmodded.click\\\\tag\\\\pixocial-technology-singapore-pte.-ltd.\\\\index-mobile-https.html_gzip): Failed to open stream: Permission denied","File":"C:\\xampp\\htdocs\\apkmodded\\wp-content\\plugins\\all-in-one-wp-migration\\lib\\vendor\\servmask\\archiver\\class-ai1wm-extractor.php","Line":486}

Dec 11 2023 14:56:27
{"Number":2,"Message":"mkdir(): Permission denied","File":"C:\\xampp\\htdocs\\apkmodded\\wp-content\\plugins\\all-in-one-wp-migration\\lib\\vendor\\servmask\\archiver\\class-ai1wm-extractor.php","Line":293}

Dec 11 2023 14:56:27
{"Number":2,"Message":"fopen(C:\\\\xampp\\\\htdocs\\\\apkmodded\\\\wp-content\\\\cache\\\\wp-rocket\\\\www.apkmodded.click\\\\tag\\\\flextech-inc.\\\\.no-webp): Failed to open stream: Permission denied","File":"C:\\xampp\\htdocs\\apkmodded\\wp-content\\plugins\\all-in-one-wp-migration\\lib\\vendor\\servmask\\archiver\\class-ai1wm-extractor.php","Line":486}

Dec 11 2023 14:56:27
{"Number":2,"Message":"mkdir(): Permission denied","File":"C:\\xampp\\htdocs\\apkmodded\\wp-content\\plugins\\all-in-one-wp-migration\\lib\\vendor\\servmask\\archiver\\class-ai1wm-extractor.php","Line":293}

Dec 11 2023 14:56:27
{"Number":2,"Message":"fopen(C:\\\\xampp\\\\htdocs\\\\apkmodded\\\\wp-content\\\\cache\\\\wp-rocket\\\\www.apkmodded.click\\\\tag\\\\flextech-inc.\\\\index-https.html): Failed to open stream: Permission denied","File":"C:\\xampp\\htdocs\\apkmodded\\wp-content\\plugins\\all-in-one-wp-migration\\lib\\vendor\\servmask\\archiver\\class-ai1wm-extractor.php","Line":486}

Dec 11 2023 14:56:27
{"Number":2,"Message":"mkdir(): Permission denied","File":"C:\\xampp\\htdocs\\apkmodded\\wp-content\\plugins\\all-in-one-wp-migration\\lib\\vendor\\servmask\\archiver\\class-ai1wm-extractor.php","Line":293}

Dec 11 2023 14:56:27
{"Number":2,"Message":"fopen(C:\\\\xampp\\\\htdocs\\\\apkmodded\\\\wp-content\\\\cache\\\\wp-rocket\\\\www.apkmodded.click\\\\tag\\\\flextech-inc.\\\\index-mobile-https.html): Failed to open stream: Permission denied","File":"C:\\xampp\\htdocs\\apkmodded\\wp-content\\plugins\\all-in-one-wp-migration\\lib\\vendor\\servmask\\archiver\\class-ai1wm-extractor.php","Line":486}

Dec 11 2023 14:56:27
{"Number":2,"Message":"mkdir(): Permission denied","File":"C:\\xampp\\htdocs\\apkmodded\\wp-content\\plugins\\all-in-one-wp-migration\\lib\\vendor\\servmask\\archiver\\class-ai1wm-extractor.php","Line":293}

Dec 11 2023 14:56:27
{"Number":2,"Message":"fopen(C:\\\\xampp\\\\htdocs\\\\apkmodded\\\\wp-content\\\\cache\\\\wp-rocket\\\\www.apkmodded.click\\\\tag\\\\flextech-inc.\\\\index-https.html_gzip): Failed to open stream: Permission denied","File":"C:\\xampp\\htdocs\\apkmodded\\wp-content\\plugins\\all-in-one-wp-migration\\lib\\vendor\\servmask\\archiver\\class-ai1wm-extractor.php","Line":486}

Dec 11 2023 14:56:27
{"Number":2,"Message":"mkdir(): Permission denied","File":"C:\\xampp\\htdocs\\apkmodded\\wp-content\\plugins\\all-in-one-wp-migration\\lib\\vendor\\servmask\\archiver\\class-ai1wm-extractor.php","Line":293}

Dec 11 2023 14:56:27
{"Number":2,"Message":"fopen(C:\\\\xampp\\\\htdocs\\\\apkmodded\\\\wp-content\\\\cache\\\\wp-rocket\\\\www.apkmodded.click\\\\tag\\\\flextech-inc.\\\\index-mobile-https.html_gzip): Failed to open stream: Permission denied","File":"C:\\xampp\\htdocs\\apkmodded\\wp-content\\plugins\\all-in-one-wp-migration\\lib\\vendor\\servmask\\archiver\\class-ai1wm-extractor.php","Line":486}

Dec 11 2023 14:56:27
{"Number":2,"Message":"mkdir(): Permission denied","File":"C:\\xampp\\htdocs\\apkmodded\\wp-content\\plugins\\all-in-one-wp-migration\\lib\\vendor\\servmask\\archiver\\class-ai1wm-extractor.php","Line":293}

Dec 11 2023 14:56:27
{"Number":2,"Message":"fopen(C:\\\\xampp\\\\htdocs\\\\apkmodded\\\\wp-content\\\\cache\\\\wp-rocket\\\\www.apkmodded.click\\\\tag\\\\matrix-mobile-pte.-ltd.\\\\.no-webp): Failed to open stream: Permission denied","File":"C:\\xampp\\htdocs\\apkmodded\\wp-content\\plugins\\all-in-one-wp-migration\\lib\\vendor\\servmask\\archiver\\class-ai1wm-extractor.php","Line":486}

Dec 11 2023 14:56:27
{"Number":2,"Message":"mkdir(): Permission denied","File":"C:\\xampp\\htdocs\\apkmodded\\wp-content\\plugins\\all-in-one-wp-migration\\lib\\vendor\\servmask\\archiver\\class-ai1wm-extractor.php","Line":293}

Dec 11 2023 14:56:27
{"Number":2,"Message":"fopen(C:\\\\xampp\\\\htdocs\\\\apkmodded\\\\wp-content\\\\cache\\\\wp-rocket\\\\www.apkmodded.click\\\\tag\\\\matrix-mobile-pte.-ltd.\\\\index-https.html): Failed to open stream: Permission denied","File":"C:\\xampp\\htdocs\\apkmodded\\wp-content\\plugins\\all-in-one-wp-migration\\lib\\vendor\\servmask\\archiver\\class-ai1wm-extractor.php","Line":486}

Dec 11 2023 14:56:27
{"Number":2,"Message":"mkdir(): Permission denied","File":"C:\\xampp\\htdocs\\apkmodded\\wp-content\\plugins\\all-in-one-wp-migration\\lib\\vendor\\servmask\\archiver\\class-ai1wm-extractor.php","Line":293}

Dec 11 2023 14:56:27
{"Number":2,"Message":"fopen(C:\\\\xampp\\\\htdocs\\\\apkmodded\\\\wp-content\\\\cache\\\\wp-rocket\\\\www.apkmodded.click\\\\tag\\\\matrix-mobile-pte.-ltd.\\\\index-mobile-https.html): Failed to open stream: Permission denied","File":"C:\\xampp\\htdocs\\apkmodded\\wp-content\\plugins\\all-in-one-wp-migration\\lib\\vendor\\servmask\\archiver\\class-ai1wm-extractor.php","Line":486}

Dec 11 2023 14:56:27
{"Number":2,"Message":"mkdir(): Permission denied","File":"C:\\xampp\\htdocs\\apkmodded\\wp-content\\plugins\\all-in-one-wp-migration\\lib\\vendor\\servmask\\archiver\\class-ai1wm-extractor.php","Line":293}

Dec 11 2023 14:56:27
{"Number":2,"Message":"fopen(C:\\\\xampp\\\\htdocs\\\\apkmodded\\\\wp-content\\\\cache\\\\wp-rocket\\\\www.apkmodded.click\\\\tag\\\\matrix-mobile-pte.-ltd.\\\\index-https.html_gzip): Failed to open stream: Permission denied","File":"C:\\xampp\\htdocs\\apkmodded\\wp-content\\plugins\\all-in-one-wp-migration\\lib\\vendor\\servmask\\archiver\\class-ai1wm-extractor.php","Line":486}

Dec 11 2023 14:56:27
{"Number":2,"Message":"mkdir(): Permission denied","File":"C:\\xampp\\htdocs\\apkmodded\\wp-content\\plugins\\all-in-one-wp-migration\\lib\\vendor\\servmask\\archiver\\class-ai1wm-extractor.php","Line":293}

Dec 11 2023 14:56:27
{"Number":2,"Message":"fopen(C:\\\\xampp\\\\htdocs\\\\apkmodded\\\\wp-content\\\\cache\\\\wp-rocket\\\\www.apkmodded.click\\\\tag\\\\matrix-mobile-pte.-ltd.\\\\index-mobile-https.html_gzip): Failed to open stream: Permission denied","File":"C:\\xampp\\htdocs\\apkmodded\\wp-content\\plugins\\all-in-one-wp-migration\\lib\\vendor\\servmask\\archiver\\class-ai1wm-extractor.php","Line":486}

Dec 11 2023 14:56:27
{"Number":2,"Message":"mkdir(): Permission denied","File":"C:\\xampp\\htdocs\\apkmodded\\wp-content\\plugins\\all-in-one-wp-migration\\lib\\vendor\\servmask\\archiver\\class-ai1wm-extractor.php","Line":293}

Dec 11 2023 14:56:27
{"Number":2,"Message":"fopen(C:\\\\xampp\\\\htdocs\\\\apkmodded\\\\wp-content\\\\cache\\\\wp-rocket\\\\www.apkmodded.click\\\\tag\\\\psiphon-inc.\\\\.no-webp): Failed to open stream: Permission denied","File":"C:\\xampp\\htdocs\\apkmodded\\wp-content\\plugins\\all-in-one-wp-migration\\lib\\vendor\\servmask\\archiver\\class-ai1wm-extractor.php","Line":486}

Dec 11 2023 14:56:27
{"Number":2,"Message":"mkdir(): Permission denied","File":"C:\\xampp\\htdocs\\apkmodded\\wp-content\\plugins\\all-in-one-wp-migration\\lib\\vendor\\servmask\\archiver\\class-ai1wm-extractor.php","Line":293}

Dec 11 2023 14:56:27
{"Number":2,"Message":"fopen(C:\\\\xampp\\\\htdocs\\\\apkmodded\\\\wp-content\\\\cache\\\\wp-rocket\\\\www.apkmodded.click\\\\tag\\\\psiphon-inc.\\\\index-https.html): Failed to open stream: Permission denied","File":"C:\\xampp\\htdocs\\apkmodded\\wp-content\\plugins\\all-in-one-wp-migration\\lib\\vendor\\servmask\\archiver\\class-ai1wm-extractor.php","Line":486}

Dec 11 2023 14:56:27
{"Number":2,"Message":"mkdir(): Permission denied","File":"C:\\xampp\\htdocs\\apkmodded\\wp-content\\plugins\\all-in-one-wp-migration\\lib\\vendor\\servmask\\archiver\\class-ai1wm-extractor.php","Line":293}

Dec 11 2023 14:56:27
{"Number":2,"Message":"fopen(C:\\\\xampp\\\\htdocs\\\\apkmodded\\\\wp-content\\\\cache\\\\wp-rocket\\\\www.apkmodded.click\\\\tag\\\\psiphon-inc.\\\\index-mobile-https.html): Failed to open stream: Permission denied","File":"C:\\xampp\\htdocs\\apkmodded\\wp-content\\plugins\\all-in-one-wp-migration\\lib\\vendor\\servmask\\archiver\\class-ai1wm-extractor.php","Line":486}

Dec 11 2023 14:56:27
{"Number":2,"Message":"mkdir(): Permission denied","File":"C:\\xampp\\htdocs\\apkmodded\\wp-content\\plugins\\all-in-one-wp-migration\\lib\\vendor\\servmask\\archiver\\class-ai1wm-extractor.php","Line":293}

Dec 11 2023 14:56:27
{"Number":2,"Message":"fopen(C:\\\\xampp\\\\htdocs\\\\apkmodded\\\\wp-content\\\\cache\\\\wp-rocket\\\\www.apkmodded.click\\\\tag\\\\psiphon-inc.\\\\index-https.html_gzip): Failed to open stream: Permission denied","File":"C:\\xampp\\htdocs\\apkmodded\\wp-content\\plugins\\all-in-one-wp-migration\\lib\\vendor\\servmask\\archiver\\class-ai1wm-extractor.php","Line":486}

Dec 11 2023 14:56:27
{"Number":2,"Message":"mkdir(): Permission denied","File":"C:\\xampp\\htdocs\\apkmodded\\wp-content\\plugins\\all-in-one-wp-migration\\lib\\vendor\\servmask\\archiver\\class-ai1wm-extractor.php","Line":293}

Dec 11 2023 14:56:27
{"Number":2,"Message":"fopen(C:\\\\xampp\\\\htdocs\\\\apkmodded\\\\wp-content\\\\cache\\\\wp-rocket\\\\www.apkmodded.click\\\\tag\\\\psiphon-inc.\\\\index-mobile-https.html_gzip): Failed to open stream: Permission denied","File":"C:\\xampp\\htdocs\\apkmodded\\wp-content\\plugins\\all-in-one-wp-migration\\lib\\vendor\\servmask\\archiver\\class-ai1wm-extractor.php","Line":486}

Dec 11 2023 14:56:27
{"Number":2,"Message":"mkdir(): Permission denied","File":"C:\\xampp\\htdocs\\apkmodded\\wp-content\\plugins\\all-in-one-wp-migration\\lib\\vendor\\servmask\\archiver\\class-ai1wm-extractor.php","Line":293}

Dec 11 2023 14:56:27
{"Number":2,"Message":"fopen(C:\\\\xampp\\\\htdocs\\\\apkmodded\\\\wp-content\\\\cache\\\\wp-rocket\\\\www.apkmodded.click\\\\tag\\\\inc.\\\\index-mobile-https-webp.html): Failed to open stream: Permission denied","File":"C:\\xampp\\htdocs\\apkmodded\\wp-content\\plugins\\all-in-one-wp-migration\\lib\\vendor\\servmask\\archiver\\class-ai1wm-extractor.php","Line":486}

Dec 11 2023 14:56:27
{"Number":2,"Message":"mkdir(): Permission denied","File":"C:\\xampp\\htdocs\\apkmodded\\wp-content\\plugins\\all-in-one-wp-migration\\lib\\vendor\\servmask\\archiver\\class-ai1wm-extractor.php","Line":293}

Dec 11 2023 14:56:27
{"Number":2,"Message":"fopen(C:\\\\xampp\\\\htdocs\\\\apkmodded\\\\wp-content\\\\cache\\\\wp-rocket\\\\www.apkmodded.click\\\\tag\\\\inc.\\\\index-mobile-https-webp.html_gzip): Failed to open stream: Permission denied","File":"C:\\xampp\\htdocs\\apkmodded\\wp-content\\plugins\\all-in-one-wp-migration\\lib\\vendor\\servmask\\archiver\\class-ai1wm-extractor.php","Line":486}

Dec 11 2023 14:56:27
{"Number":2,"Message":"mkdir(): Permission denied","File":"C:\\xampp\\htdocs\\apkmodded\\wp-content\\plugins\\all-in-one-wp-migration\\lib\\vendor\\servmask\\archiver\\class-ai1wm-extractor.php","Line":293}

Dec 11 2023 14:56:27
{"Number":2,"Message":"fopen(C:\\\\xampp\\\\htdocs\\\\apkmodded\\\\wp-content\\\\cache\\\\wp-rocket\\\\www.apkmodded.click\\\\tag\\\\inc.\\\\index-https-webp.html): Failed to open stream: Permission denied","File":"C:\\xampp\\htdocs\\apkmodded\\wp-content\\plugins\\all-in-one-wp-migration\\lib\\vendor\\servmask\\archiver\\class-ai1wm-extractor.php","Line":486}

Dec 11 2023 14:56:27
{"Number":2,"Message":"mkdir(): Permission denied","File":"C:\\xampp\\htdocs\\apkmodded\\wp-content\\plugins\\all-in-one-wp-migration\\lib\\vendor\\servmask\\archiver\\class-ai1wm-extractor.php","Line":293}

Dec 11 2023 14:56:27
{"Number":2,"Message":"fopen(C:\\\\xampp\\\\htdocs\\\\apkmodded\\\\wp-content\\\\cache\\\\wp-rocket\\\\www.apkmodded.click\\\\tag\\\\inc.\\\\index-https-webp.html_gzip): Failed to open stream: Permission denied","File":"C:\\xampp\\htdocs\\apkmodded\\wp-content\\plugins\\all-in-one-wp-migration\\lib\\vendor\\servmask\\archiver\\class-ai1wm-extractor.php","Line":486}

Dec 11 2023 14:56:27
{"Number":2,"Message":"mkdir(): Permission denied","File":"C:\\xampp\\htdocs\\apkmodded\\wp-content\\plugins\\all-in-one-wp-migration\\lib\\vendor\\servmask\\archiver\\class-ai1wm-extractor.php","Line":293}

Dec 11 2023 14:56:27
{"Number":2,"Message":"fopen(C:\\\\xampp\\\\htdocs\\\\apkmodded\\\\wp-content\\\\cache\\\\wp-rocket\\\\www.apkmodded.click\\\\tag\\\\kakao-games-corp.\\\\.no-webp): Failed to open stream: Permission denied","File":"C:\\xampp\\htdocs\\apkmodded\\wp-content\\plugins\\all-in-one-wp-migration\\lib\\vendor\\servmask\\archiver\\class-ai1wm-extractor.php","Line":486}

Dec 11 2023 14:56:27
{"Number":2,"Message":"mkdir(): Permission denied","File":"C:\\xampp\\htdocs\\apkmodded\\wp-content\\plugins\\all-in-one-wp-migration\\lib\\vendor\\servmask\\archiver\\class-ai1wm-extractor.php","Line":293}

Dec 11 2023 14:56:27
{"Number":2,"Message":"fopen(C:\\\\xampp\\\\htdocs\\\\apkmodded\\\\wp-content\\\\cache\\\\wp-rocket\\\\www.apkmodded.click\\\\tag\\\\kakao-games-corp.\\\\index-https.html): Failed to open stream: Permission denied","File":"C:\\xampp\\htdocs\\apkmodded\\wp-content\\plugins\\all-in-one-wp-migration\\lib\\vendor\\servmask\\archiver\\class-ai1wm-extractor.php","Line":486}

Dec 11 2023 14:56:27
{"Number":2,"Message":"mkdir(): Permission denied","File":"C:\\xampp\\htdocs\\apkmodded\\wp-content\\plugins\\all-in-one-wp-migration\\lib\\vendor\\servmask\\archiver\\class-ai1wm-extractor.php","Line":293}

Dec 11 2023 14:56:27
{"Number":2,"Message":"fopen(C:\\\\xampp\\\\htdocs\\\\apkmodded\\\\wp-content\\\\cache\\\\wp-rocket\\\\www.apkmodded.click\\\\tag\\\\kakao-games-corp.\\\\index-mobile-https.html): Failed to open stream: Permission denied","File":"C:\\xampp\\htdocs\\apkmodded\\wp-content\\plugins\\all-in-one-wp-migration\\lib\\vendor\\servmask\\archiver\\class-ai1wm-extractor.php","Line":486}

Dec 11 2023 14:56:27
{"Number":2,"Message":"mkdir(): Permission denied","File":"C:\\xampp\\htdocs\\apkmodded\\wp-content\\plugins\\all-in-one-wp-migration\\lib\\vendor\\servmask\\archiver\\class-ai1wm-extractor.php","Line":293}

Dec 11 2023 14:56:27
{"Number":2,"Message":"fopen(C:\\\\xampp\\\\htdocs\\\\apkmodded\\\\wp-content\\\\cache\\\\wp-rocket\\\\www.apkmodded.click\\\\tag\\\\kakao-games-corp.\\\\index-https.html_gzip): Failed to open stream: Permission denied","File":"C:\\xampp\\htdocs\\apkmodded\\wp-content\\plugins\\all-in-one-wp-migration\\lib\\vendor\\servmask\\archiver\\class-ai1wm-extractor.php","Line":486}

Dec 11 2023 14:56:27
{"Number":2,"Message":"mkdir(): Permission denied","File":"C:\\xampp\\htdocs\\apkmodded\\wp-content\\plugins\\all-in-one-wp-migration\\lib\\vendor\\servmask\\archiver\\class-ai1wm-extractor.php","Line":293}

Dec 11 2023 14:56:27
{"Number":2,"Message":"fopen(C:\\\\xampp\\\\htdocs\\\\apkmodded\\\\wp-content\\\\cache\\\\wp-rocket\\\\www.apkmodded.click\\\\tag\\\\kakao-games-corp.\\\\index-mobile-https.html_gzip): Failed to open stream: Permission denied","File":"C:\\xampp\\htdocs\\apkmodded\\wp-content\\plugins\\all-in-one-wp-migration\\lib\\vendor\\servmask\\archiver\\class-ai1wm-extractor.php","Line":486}

Dec 11 2023 14:56:27
{"Number":2,"Message":"mkdir(): Permission denied","File":"C:\\xampp\\htdocs\\apkmodded\\wp-content\\plugins\\all-in-one-wp-migration\\lib\\vendor\\servmask\\archiver\\class-ai1wm-extractor.php","Line":293}

Dec 11 2023 14:56:27
{"Number":2,"Message":"fopen(C:\\\\xampp\\\\htdocs\\\\apkmodded\\\\wp-content\\\\cache\\\\wp-rocket\\\\www.apkmodded.click\\\\tag\\\\lightricks-ltd.\\\\.no-webp): Failed to open stream: Permission denied","File":"C:\\xampp\\htdocs\\apkmodded\\wp-content\\plugins\\all-in-one-wp-migration\\lib\\vendor\\servmask\\archiver\\class-ai1wm-extractor.php","Line":486}

Dec 11 2023 14:56:27
{"Number":2,"Message":"mkdir(): Permission denied","File":"C:\\xampp\\htdocs\\apkmodded\\wp-content\\plugins\\all-in-one-wp-migration\\lib\\vendor\\servmask\\archiver\\class-ai1wm-extractor.php","Line":293}

Dec 11 2023 14:56:27
{"Number":2,"Message":"fopen(C:\\\\xampp\\\\htdocs\\\\apkmodded\\\\wp-content\\\\cache\\\\wp-rocket\\\\www.apkmodded.click\\\\tag\\\\lightricks-ltd.\\\\index-https.html): Failed to open stream: Permission denied","File":"C:\\xampp\\htdocs\\apkmodded\\wp-content\\plugins\\all-in-one-wp-migration\\lib\\vendor\\servmask\\archiver\\class-ai1wm-extractor.php","Line":486}

Dec 11 2023 14:56:27
{"Number":2,"Message":"mkdir(): Permission denied","File":"C:\\xampp\\htdocs\\apkmodded\\wp-content\\plugins\\all-in-one-wp-migration\\lib\\vendor\\servmask\\archiver\\class-ai1wm-extractor.php","Line":293}

Dec 11 2023 14:56:27
{"Number":2,"Message":"fopen(C:\\\\xampp\\\\htdocs\\\\apkmodded\\\\wp-content\\\\cache\\\\wp-rocket\\\\www.apkmodded.click\\\\tag\\\\lightricks-ltd.\\\\index-mobile-https.html): Failed to open stream: Permission denied","File":"C:\\xampp\\htdocs\\apkmodded\\wp-content\\plugins\\all-in-one-wp-migration\\lib\\vendor\\servmask\\archiver\\class-ai1wm-extractor.php","Line":486}

Dec 11 2023 14:56:27
{"Number":2,"Message":"mkdir(): Permission denied","File":"C:\\xampp\\htdocs\\apkmodded\\wp-content\\plugins\\all-in-one-wp-migration\\lib\\vendor\\servmask\\archiver\\class-ai1wm-extractor.php","Line":293}

Dec 11 2023 14:56:27
{"Number":2,"Message":"fopen(C:\\\\xampp\\\\htdocs\\\\apkmodded\\\\wp-content\\\\cache\\\\wp-rocket\\\\www.apkmodded.click\\\\tag\\\\lightricks-ltd.\\\\index-https.html_gzip): Failed to open stream: Permission denied","File":"C:\\xampp\\htdocs\\apkmodded\\wp-content\\plugins\\all-in-one-wp-migration\\lib\\vendor\\servmask\\archiver\\class-ai1wm-extractor.php","Line":486}

Dec 11 2023 14:56:27
{"Number":2,"Message":"mkdir(): Permission denied","File":"C:\\xampp\\htdocs\\apkmodded\\wp-content\\plugins\\all-in-one-wp-migration\\lib\\vendor\\servmask\\archiver\\class-ai1wm-extractor.php","Line":293}

Dec 11 2023 14:56:27
{"Number":2,"Message":"fopen(C:\\\\xampp\\\\htdocs\\\\apkmodded\\\\wp-content\\\\cache\\\\wp-rocket\\\\www.apkmodded.click\\\\tag\\\\lightricks-ltd.\\\\index-mobile-https.html_gzip): Failed to open stream: Permission denied","File":"C:\\xampp\\htdocs\\apkmodded\\wp-content\\plugins\\all-in-one-wp-migration\\lib\\vendor\\servmask\\archiver\\class-ai1wm-extractor.php","Line":486}

Dec 11 2023 14:56:27
{"Number":2,"Message":"mkdir(): Permission denied","File":"C:\\xampp\\htdocs\\apkmodded\\wp-content\\plugins\\all-in-one-wp-migration\\lib\\vendor\\servmask\\archiver\\class-ai1wm-extractor.php","Line":293}

Dec 11 2023 14:56:27
{"Number":2,"Message":"fopen(C:\\\\xampp\\\\htdocs\\\\apkmodded\\\\wp-content\\\\cache\\\\wp-rocket\\\\www.apkmodded.click\\\\tag\\\\bandai-namco-entertainment-inc.\\\\index-mobile-https-webp.html): Failed to open stream: Permission denied","File":"C:\\xampp\\htdocs\\apkmodded\\wp-content\\plugins\\all-in-one-wp-migration\\lib\\vendor\\servmask\\archiver\\class-ai1wm-extractor.php","Line":486}

Dec 11 2023 14:56:27
{"Number":2,"Message":"mkdir(): Permission denied","File":"C:\\xampp\\htdocs\\apkmodded\\wp-content\\plugins\\all-in-one-wp-migration\\lib\\vendor\\servmask\\archiver\\class-ai1wm-extractor.php","Line":293}

Dec 11 2023 14:56:27
{"Number":2,"Message":"fopen(C:\\\\xampp\\\\htdocs\\\\apkmodded\\\\wp-content\\\\cache\\\\wp-rocket\\\\www.apkmodded.click\\\\tag\\\\bandai-namco-entertainment-inc.\\\\index-mobile-https-webp.html_gzip): Failed to open stream: Permission denied","File":"C:\\xampp\\htdocs\\apkmodded\\wp-content\\plugins\\all-in-one-wp-migration\\lib\\vendor\\servmask\\archiver\\class-ai1wm-extractor.php","Line":486}

Dec 11 2023 14:56:27
{"Number":2,"Message":"mkdir(): Permission denied","File":"C:\\xampp\\htdocs\\apkmodded\\wp-content\\plugins\\all-in-one-wp-migration\\lib\\vendor\\servmask\\archiver\\class-ai1wm-extractor.php","Line":293}

Dec 11 2023 14:56:27
{"Number":2,"Message":"fopen(C:\\\\xampp\\\\htdocs\\\\apkmodded\\\\wp-content\\\\cache\\\\wp-rocket\\\\www.apkmodded.click\\\\tag\\\\bandai-namco-entertainment-inc.\\\\index-https-webp.html): Failed to open stream: Permission denied","File":"C:\\xampp\\htdocs\\apkmodded\\wp-content\\plugins\\all-in-one-wp-migration\\lib\\vendor\\servmask\\archiver\\class-ai1wm-extractor.php","Line":486}

Dec 11 2023 14:56:27
{"Number":2,"Message":"mkdir(): Permission denied","File":"C:\\xampp\\htdocs\\apkmodded\\wp-content\\plugins\\all-in-one-wp-migration\\lib\\vendor\\servmask\\archiver\\class-ai1wm-extractor.php","Line":293}

Dec 11 2023 14:56:27
{"Number":2,"Message":"fopen(C:\\\\xampp\\\\htdocs\\\\apkmodded\\\\wp-content\\\\cache\\\\wp-rocket\\\\www.apkmodded.click\\\\tag\\\\bandai-namco-entertainment-inc.\\\\index-https-webp.html_gzip): Failed to open stream: Permission denied","File":"C:\\xampp\\htdocs\\apkmodded\\wp-content\\plugins\\all-in-one-wp-migration\\lib\\vendor\\servmask\\archiver\\class-ai1wm-extractor.php","Line":486}

Dec 11 2023 14:56:27
{"Number":2,"Message":"mkdir(): Permission denied","File":"C:\\xampp\\htdocs\\apkmodded\\wp-content\\plugins\\all-in-one-wp-migration\\lib\\vendor\\servmask\\archiver\\class-ai1wm-extractor.php","Line":293}

Dec 11 2023 14:56:27
{"Number":2,"Message":"fopen(C:\\\\xampp\\\\htdocs\\\\apkmodded\\\\wp-content\\\\cache\\\\wp-rocket\\\\www.apkmodded.click\\\\tag\\\\reddit-inc.\\\\.no-webp): Failed to open stream: Permission denied","File":"C:\\xampp\\htdocs\\apkmodded\\wp-content\\plugins\\all-in-one-wp-migration\\lib\\vendor\\servmask\\archiver\\class-ai1wm-extractor.php","Line":486}

Dec 11 2023 14:56:27
{"Number":2,"Message":"mkdir(): Permission denied","File":"C:\\xampp\\htdocs\\apkmodded\\wp-content\\plugins\\all-in-one-wp-migration\\lib\\vendor\\servmask\\archiver\\class-ai1wm-extractor.php","Line":293}

Dec 11 2023 14:56:27
{"Number":2,"Message":"fopen(C:\\\\xampp\\\\htdocs\\\\apkmodded\\\\wp-content\\\\cache\\\\wp-rocket\\\\www.apkmodded.click\\\\tag\\\\reddit-inc.\\\\index-https.html): Failed to open stream: Permission denied","File":"C:\\xampp\\htdocs\\apkmodded\\wp-content\\plugins\\all-in-one-wp-migration\\lib\\vendor\\servmask\\archiver\\class-ai1wm-extractor.php","Line":486}

Dec 11 2023 14:56:27
{"Number":2,"Message":"mkdir(): Permission denied","File":"C:\\xampp\\htdocs\\apkmodded\\wp-content\\plugins\\all-in-one-wp-migration\\lib\\vendor\\servmask\\archiver\\class-ai1wm-extractor.php","Line":293}

Dec 11 2023 14:56:27
{"Number":2,"Message":"fopen(C:\\\\xampp\\\\htdocs\\\\apkmodded\\\\wp-content\\\\cache\\\\wp-rocket\\\\www.apkmodded.click\\\\tag\\\\reddit-inc.\\\\index-mobile-https.html): Failed to open stream: Permission denied","File":"C:\\xampp\\htdocs\\apkmodded\\wp-content\\plugins\\all-in-one-wp-migration\\lib\\vendor\\servmask\\archiver\\class-ai1wm-extractor.php","Line":486}

Dec 11 2023 14:56:27
{"Number":2,"Message":"mkdir(): Permission denied","File":"C:\\xampp\\htdocs\\apkmodded\\wp-content\\plugins\\all-in-one-wp-migration\\lib\\vendor\\servmask\\archiver\\class-ai1wm-extractor.php","Line":293}

Dec 11 2023 14:56:27
{"Number":2,"Message":"fopen(C:\\\\xampp\\\\htdocs\\\\apkmodded\\\\wp-content\\\\cache\\\\wp-rocket\\\\www.apkmodded.click\\\\tag\\\\reddit-inc.\\\\index-https.html_gzip): Failed to open stream: Permission denied","File":"C:\\xampp\\htdocs\\apkmodded\\wp-content\\plugins\\all-in-one-wp-migration\\lib\\vendor\\servmask\\archiver\\class-ai1wm-extractor.php","Line":486}

Dec 11 2023 14:56:27
{"Number":2,"Message":"mkdir(): Permission denied","File":"C:\\xampp\\htdocs\\apkmodded\\wp-content\\plugins\\all-in-one-wp-migration\\lib\\vendor\\servmask\\archiver\\class-ai1wm-extractor.php","Line":293}

Dec 11 2023 14:56:27
{"Number":2,"Message":"fopen(C:\\\\xampp\\\\htdocs\\\\apkmodded\\\\wp-content\\\\cache\\\\wp-rocket\\\\www.apkmodded.click\\\\tag\\\\reddit-inc.\\\\index-mobile-https.html_gzip): Failed to open stream: Permission denied","File":"C:\\xampp\\htdocs\\apkmodded\\wp-content\\plugins\\all-in-one-wp-migration\\lib\\vendor\\servmask\\archiver\\class-ai1wm-extractor.php","Line":486}

Dec 11 2023 14:56:27
{"Number":2,"Message":"mkdir(): Permission denied","File":"C:\\xampp\\htdocs\\apkmodded\\wp-content\\plugins\\all-in-one-wp-migration\\lib\\vendor\\servmask\\archiver\\class-ai1wm-extractor.php","Line":293}

Dec 11 2023 14:56:27
{"Number":2,"Message":"fopen(C:\\\\xampp\\\\htdocs\\\\apkmodded\\\\wp-content\\\\cache\\\\wp-rocket\\\\www.apkmodded.click\\\\developer\\\\aiby-inc.\\\\.no-webp): Failed to open stream: Permission denied","File":"C:\\xampp\\htdocs\\apkmodded\\wp-content\\plugins\\all-in-one-wp-migration\\lib\\vendor\\servmask\\archiver\\class-ai1wm-extractor.php","Line":486}

Dec 11 2023 14:56:27
{"Number":2,"Message":"mkdir(): Permission denied","File":"C:\\xampp\\htdocs\\apkmodded\\wp-content\\plugins\\all-in-one-wp-migration\\lib\\vendor\\servmask\\archiver\\class-ai1wm-extractor.php","Line":293}

Dec 11 2023 14:56:27
{"Number":2,"Message":"fopen(C:\\\\xampp\\\\htdocs\\\\apkmodded\\\\wp-content\\\\cache\\\\wp-rocket\\\\www.apkmodded.click\\\\developer\\\\aiby-inc.\\\\index-https.html): Failed to open stream: Permission denied","File":"C:\\xampp\\htdocs\\apkmodded\\wp-content\\plugins\\all-in-one-wp-migration\\lib\\vendor\\servmask\\archiver\\class-ai1wm-extractor.php","Line":486}

Dec 11 2023 14:56:27
{"Number":2,"Message":"mkdir(): Permission denied","File":"C:\\xampp\\htdocs\\apkmodded\\wp-content\\plugins\\all-in-one-wp-migration\\lib\\vendor\\servmask\\archiver\\class-ai1wm-extractor.php","Line":293}

Dec 11 2023 14:56:27
{"Number":2,"Message":"fopen(C:\\\\xampp\\\\htdocs\\\\apkmodded\\\\wp-content\\\\cache\\\\wp-rocket\\\\www.apkmodded.click\\\\developer\\\\aiby-inc.\\\\index-mobile-https.html): Failed to open stream: Permission denied","File":"C:\\xampp\\htdocs\\apkmodded\\wp-content\\plugins\\all-in-one-wp-migration\\lib\\vendor\\servmask\\archiver\\class-ai1wm-extractor.php","Line":486}

Dec 11 2023 14:56:27
{"Number":2,"Message":"mkdir(): Permission denied","File":"C:\\xampp\\htdocs\\apkmodded\\wp-content\\plugins\\all-in-one-wp-migration\\lib\\vendor\\servmask\\archiver\\class-ai1wm-extractor.php","Line":293}

Dec 11 2023 14:56:27
{"Number":2,"Message":"fopen(C:\\\\xampp\\\\htdocs\\\\apkmodded\\\\wp-content\\\\cache\\\\wp-rocket\\\\www.apkmodded.click\\\\developer\\\\aiby-inc.\\\\index-https.html_gzip): Failed to open stream: Permission denied","File":"C:\\xampp\\htdocs\\apkmodded\\wp-content\\plugins\\all-in-one-wp-migration\\lib\\vendor\\servmask\\archiver\\class-ai1wm-extractor.php","Line":486}

Dec 11 2023 14:56:27
{"Number":2,"Message":"mkdir(): Permission denied","File":"C:\\xampp\\htdocs\\apkmodded\\wp-content\\plugins\\all-in-one-wp-migration\\lib\\vendor\\servmask\\archiver\\class-ai1wm-extractor.php","Line":293}

Dec 11 2023 14:56:27
{"Number":2,"Message":"fopen(C:\\\\xampp\\\\htdocs\\\\apkmodded\\\\wp-content\\\\cache\\\\wp-rocket\\\\www.apkmodded.click\\\\developer\\\\aiby-inc.\\\\index-mobile-https.html_gzip): Failed to open stream: Permission denied","File":"C:\\xampp\\htdocs\\apkmodded\\wp-content\\plugins\\all-in-one-wp-migration\\lib\\vendor\\servmask\\archiver\\class-ai1wm-extractor.php","Line":486}

Dec 11 2023 14:56:27
{"Number":2,"Message":"mkdir(): Permission denied","File":"C:\\xampp\\htdocs\\apkmodded\\wp-content\\plugins\\all-in-one-wp-migration\\lib\\vendor\\servmask\\archiver\\class-ai1wm-extractor.php","Line":293}

Dec 11 2023 14:56:27
{"Number":2,"Message":"fopen(C:\\\\xampp\\\\htdocs\\\\apkmodded\\\\wp-content\\\\cache\\\\wp-rocket\\\\www.apkmodded.click\\\\developer\\\\kakao-games-corp.\\\\.no-webp): Failed to open stream: Permission denied","File":"C:\\xampp\\htdocs\\apkmodded\\wp-content\\plugins\\all-in-one-wp-migration\\lib\\vendor\\servmask\\archiver\\class-ai1wm-extractor.php","Line":486}

Dec 11 2023 14:56:27
{"Number":2,"Message":"mkdir(): Permission denied","File":"C:\\xampp\\htdocs\\apkmodded\\wp-content\\plugins\\all-in-one-wp-migration\\lib\\vendor\\servmask\\archiver\\class-ai1wm-extractor.php","Line":293}

Dec 11 2023 14:56:27
{"Number":2,"Message":"fopen(C:\\\\xampp\\\\htdocs\\\\apkmodded\\\\wp-content\\\\cache\\\\wp-rocket\\\\www.apkmodded.click\\\\developer\\\\kakao-games-corp.\\\\index-https.html): Failed to open stream: Permission denied","File":"C:\\xampp\\htdocs\\apkmodded\\wp-content\\plugins\\all-in-one-wp-migration\\lib\\vendor\\servmask\\archiver\\class-ai1wm-extractor.php","Line":486}

Dec 11 2023 14:56:27
{"Number":2,"Message":"mkdir(): Permission denied","File":"C:\\xampp\\htdocs\\apkmodded\\wp-content\\plugins\\all-in-one-wp-migration\\lib\\vendor\\servmask\\archiver\\class-ai1wm-extractor.php","Line":293}

Dec 11 2023 14:56:27
{"Number":2,"Message":"fopen(C:\\\\xampp\\\\htdocs\\\\apkmodded\\\\wp-content\\\\cache\\\\wp-rocket\\\\www.apkmodded.click\\\\developer\\\\kakao-games-corp.\\\\index-mobile-https.html): Failed to open stream: Permission denied","File":"C:\\xampp\\htdocs\\apkmodded\\wp-content\\plugins\\all-in-one-wp-migration\\lib\\vendor\\servmask\\archiver\\class-ai1wm-extractor.php","Line":486}

Dec 11 2023 14:56:27
{"Number":2,"Message":"mkdir(): Permission denied","File":"C:\\xampp\\htdocs\\apkmodded\\wp-content\\plugins\\all-in-one-wp-migration\\lib\\vendor\\servmask\\archiver\\class-ai1wm-extractor.php","Line":293}

Dec 11 2023 14:56:27
{"Number":2,"Message":"fopen(C:\\\\xampp\\\\htdocs\\\\apkmodded\\\\wp-content\\\\cache\\\\wp-rocket\\\\www.apkmodded.click\\\\developer\\\\kakao-games-corp.\\\\index-https.html_gzip): Failed to open stream: Permission denied","File":"C:\\xampp\\htdocs\\apkmodded\\wp-content\\plugins\\all-in-one-wp-migration\\lib\\vendor\\servmask\\archiver\\class-ai1wm-extractor.php","Line":486}

Dec 11 2023 14:56:27
{"Number":2,"Message":"mkdir(): Permission denied","File":"C:\\xampp\\htdocs\\apkmodded\\wp-content\\plugins\\all-in-one-wp-migration\\lib\\vendor\\servmask\\archiver\\class-ai1wm-extractor.php","Line":293}

Dec 11 2023 14:56:27
{"Number":2,"Message":"fopen(C:\\\\xampp\\\\htdocs\\\\apkmodded\\\\wp-content\\\\cache\\\\wp-rocket\\\\www.apkmodded.click\\\\developer\\\\kakao-games-corp.\\\\index-mobile-https.html_gzip): Failed to open stream: Permission denied","File":"C:\\xampp\\htdocs\\apkmodded\\wp-content\\plugins\\all-in-one-wp-migration\\lib\\vendor\\servmask\\archiver\\class-ai1wm-extractor.php","Line":486}

Dec 11 2023 14:56:28
{"Number":2,"Message":"mkdir(): Permission denied","File":"C:\\xampp\\htdocs\\apkmodded\\wp-content\\plugins\\all-in-one-wp-migration\\lib\\vendor\\servmask\\archiver\\class-ai1wm-extractor.php","Line":293}

Dec 11 2023 14:56:28
{"Number":2,"Message":"fopen(C:\\\\xampp\\\\htdocs\\\\apkmodded\\\\wp-content\\\\cache\\\\wp-rocket\\\\www.apkmodded.click\\\\developer\\\\bandai-namco-entertainment-inc.\\\\.no-webp): Failed to open stream: Permission denied","File":"C:\\xampp\\htdocs\\apkmodded\\wp-content\\plugins\\all-in-one-wp-migration\\lib\\vendor\\servmask\\archiver\\class-ai1wm-extractor.php","Line":486}

Dec 11 2023 14:56:28
{"Number":2,"Message":"mkdir(): Permission denied","File":"C:\\xampp\\htdocs\\apkmodded\\wp-content\\plugins\\all-in-one-wp-migration\\lib\\vendor\\servmask\\archiver\\class-ai1wm-extractor.php","Line":293}

Dec 11 2023 14:56:28
{"Number":2,"Message":"fopen(C:\\\\xampp\\\\htdocs\\\\apkmodded\\\\wp-content\\\\cache\\\\wp-rocket\\\\www.apkmodded.click\\\\developer\\\\bandai-namco-entertainment-inc.\\\\index-https.html): Failed to open stream: Permission denied","File":"C:\\xampp\\htdocs\\apkmodded\\wp-content\\plugins\\all-in-one-wp-migration\\lib\\vendor\\servmask\\archiver\\class-ai1wm-extractor.php","Line":486}

Dec 11 2023 14:56:28
{"Number":2,"Message":"mkdir(): Permission denied","File":"C:\\xampp\\htdocs\\apkmodded\\wp-content\\plugins\\all-in-one-wp-migration\\lib\\vendor\\servmask\\archiver\\class-ai1wm-extractor.php","Line":293}

Dec 11 2023 14:56:28
{"Number":2,"Message":"fopen(C:\\\\xampp\\\\htdocs\\\\apkmodded\\\\wp-content\\\\cache\\\\wp-rocket\\\\www.apkmodded.click\\\\developer\\\\bandai-namco-entertainment-inc.\\\\index-mobile-https.html): Failed to open stream: Permission denied","File":"C:\\xampp\\htdocs\\apkmodded\\wp-content\\plugins\\all-in-one-wp-migration\\lib\\vendor\\servmask\\archiver\\class-ai1wm-extractor.php","Line":486}

Dec 11 2023 14:56:28
{"Number":2,"Message":"mkdir(): Permission denied","File":"C:\\xampp\\htdocs\\apkmodded\\wp-content\\plugins\\all-in-one-wp-migration\\lib\\vendor\\servmask\\archiver\\class-ai1wm-extractor.php","Line":293}

Dec 11 2023 14:56:28
{"Number":2,"Message":"fopen(C:\\\\xampp\\\\htdocs\\\\apkmodded\\\\wp-content\\\\cache\\\\wp-rocket\\\\www.apkmodded.click\\\\developer\\\\bandai-namco-entertainment-inc.\\\\index-https.html_gzip): Failed to open stream: Permission denied","File":"C:\\xampp\\htdocs\\apkmodded\\wp-content\\plugins\\all-in-one-wp-migration\\lib\\vendor\\servmask\\archiver\\class-ai1wm-extractor.php","Line":486}

Dec 11 2023 14:56:28
{"Number":2,"Message":"mkdir(): Permission denied","File":"C:\\xampp\\htdocs\\apkmodded\\wp-content\\plugins\\all-in-one-wp-migration\\lib\\vendor\\servmask\\archiver\\class-ai1wm-extractor.php","Line":293}

Dec 11 2023 14:56:28
{"Number":2,"Message":"fopen(C:\\\\xampp\\\\htdocs\\\\apkmodded\\\\wp-content\\\\cache\\\\wp-rocket\\\\www.apkmodded.click\\\\developer\\\\bandai-namco-entertainment-inc.\\\\index-mobile-https.html_gzip): Failed to open stream: Permission denied","File":"C:\\xampp\\htdocs\\apkmodded\\wp-content\\plugins\\all-in-one-wp-migration\\lib\\vendor\\servmask\\archiver\\class-ai1wm-extractor.php","Line":486}

Dec 11 2023 14:56:28
{"type":8192,"message":"Creation of dynamic property edd_updater_admin::$beta is deprecated","file":"C:\\xampp\\htdocs\\apkmodded\\wp-content\\themes\\moddroid\\libs\\plugins\\tallu.php(18) : eval()'d code(1) : eval()'d code(1) : eval()'d code(1) : eval()'d code(1) : eval()'d code(1) : eval()'d code(1) : eval()'d code(1) : eval()'d code(1) : eval()'d code(1) : eval()'d code(1) : eval()'d code(1) : eval()'d code(1) : eval()'d code(1) : eval()'d code(1) : eval()'d code(1) : eval()'d code(1) : eval()'d code(1) : eval()'d code(1) : eval()'d code(1) : eval()'d code","line":1}

Dec 11 2023 14:56:28
{"Number":2,"Message":"mkdir(): Permission denied","File":"C:\\xampp\\htdocs\\apkmodded\\wp-content\\plugins\\all-in-one-wp-migration\\lib\\vendor\\servmask\\archiver\\class-ai1wm-extractor.php","Line":293}

Dec 11 2023 14:56:28
{"Number":2,"Message":"fopen(C:\\\\xampp\\\\htdocs\\\\apkmodded\\\\wp-content\\\\uploads\\\\simply-static\\\\temp-files\\\\simply-static-1-1701705084\\\\tag\\\\psiphon-inc.\\\\index.html): Failed to open stream: Permission denied","File":"C:\\xampp\\htdocs\\apkmodded\\wp-content\\plugins\\all-in-one-wp-migration\\lib\\vendor\\servmask\\archiver\\class-ai1wm-extractor.php","Line":486}

Dec 11 2023 14:56:29
{"Number":2,"Message":"mkdir(): Permission denied","File":"C:\\xampp\\htdocs\\apkmodded\\wp-content\\plugins\\all-in-one-wp-migration\\lib\\vendor\\servmask\\archiver\\class-ai1wm-extractor.php","Line":293}

Dec 11 2023 14:56:29
{"Number":2,"Message":"fopen(C:\\\\xampp\\\\htdocs\\\\apkmodded\\\\wp-content\\\\uploads\\\\simply-static\\\\temp-files\\\\simply-static-1-1701705084\\\\tag\\\\inc.\\\\index.html): Failed to open stream: Permission denied","File":"C:\\xampp\\htdocs\\apkmodded\\wp-content\\plugins\\all-in-one-wp-migration\\lib\\vendor\\servmask\\archiver\\class-ai1wm-extractor.php","Line":486}

Dec 11 2023 14:56:29
{"Number":2,"Message":"mkdir(): Permission denied","File":"C:\\xampp\\htdocs\\apkmodded\\wp-content\\plugins\\all-in-one-wp-migration\\lib\\vendor\\servmask\\archiver\\class-ai1wm-extractor.php","Line":293}

Dec 11 2023 14:56:29
{"Number":2,"Message":"fopen(C:\\\\xampp\\\\htdocs\\\\apkmodded\\\\wp-content\\\\uploads\\\\simply-static\\\\temp-files\\\\simply-static-1-1702122110\\\\tag\\\\ai-art-photo-editor-everimaging-ltd.\\\\index.html): Failed to open stream: Permission denied","File":"C:\\xampp\\htdocs\\apkmodded\\wp-content\\plugins\\all-in-one-wp-migration\\lib\\vendor\\servmask\\archiver\\class-ai1wm-extractor.php","Line":486}

Dec 11 2023 14:56:29
{"Number":2,"Message":"mkdir(): Permission denied","File":"C:\\xampp\\htdocs\\apkmodded\\wp-content\\plugins\\all-in-one-wp-migration\\lib\\vendor\\servmask\\archiver\\class-ai1wm-extractor.php","Line":293}

Dec 11 2023 14:56:29
{"Number":2,"Message":"fopen(C:\\\\xampp\\\\htdocs\\\\apkmodded\\\\wp-content\\\\uploads\\\\simply-static\\\\temp-files\\\\simply-static-1-1702122110\\\\tag\\\\cognosphere-pte.-ltd.\\\\index.html): Failed to open stream: Permission denied","File":"C:\\xampp\\htdocs\\apkmodded\\wp-content\\plugins\\all-in-one-wp-migration\\lib\\vendor\\servmask\\archiver\\class-ai1wm-extractor.php","Line":486}

Dec 11 2023 14:56:29
{"Number":2,"Message":"mkdir(): Permission denied","File":"C:\\xampp\\htdocs\\apkmodded\\wp-content\\plugins\\all-in-one-wp-migration\\lib\\vendor\\servmask\\archiver\\class-ai1wm-extractor.php","Line":293}

Dec 11 2023 14:56:29
{"Number":2,"Message":"fopen(C:\\\\xampp\\\\htdocs\\\\apkmodded\\\\wp-content\\\\uploads\\\\simply-static\\\\temp-files\\\\simply-static-1-1702122110\\\\tag\\\\bytedance-pte.-ltd.\\\\index.html): Failed to open stream: Permission denied","File":"C:\\xampp\\htdocs\\apkmodded\\wp-content\\plugins\\all-in-one-wp-migration\\lib\\vendor\\servmask\\archiver\\class-ai1wm-extractor.php","Line":486}

Dec 11 2023 14:56:29
{"Number":2,"Message":"mkdir(): Permission denied","File":"C:\\xampp\\htdocs\\apkmodded\\wp-content\\plugins\\all-in-one-wp-migration\\lib\\vendor\\servmask\\archiver\\class-ai1wm-extractor.php","Line":293}

Dec 11 2023 14:56:29
{"Number":2,"Message":"fopen(C:\\\\xampp\\\\htdocs\\\\apkmodded\\\\wp-content\\\\uploads\\\\simply-static\\\\temp-files\\\\simply-static-1-1702122110\\\\tag\\\\century-games-pte.-ltd.\\\\index.html): Failed to open stream: Permission denied","File":"C:\\xampp\\htdocs\\apkmodded\\wp-content\\plugins\\all-in-one-wp-migration\\lib\\vendor\\servmask\\archiver\\class-ai1wm-extractor.php","Line":486}

Dec 11 2023 14:56:29
{"Number":2,"Message":"mkdir(): Permission denied","File":"C:\\xampp\\htdocs\\apkmodded\\wp-content\\plugins\\all-in-one-wp-migration\\lib\\vendor\\servmask\\archiver\\class-ai1wm-extractor.php","Line":293}

Dec 11 2023 14:56:29
{"Number":2,"Message":"fopen(C:\\\\xampp\\\\htdocs\\\\apkmodded\\\\wp-content\\\\uploads\\\\simply-static\\\\temp-files\\\\simply-static-1-1702122110\\\\tag\\\\aiby-inc.\\\\index.html): Failed to open stream: Permission denied","File":"C:\\xampp\\htdocs\\apkmodded\\wp-content\\plugins\\all-in-one-wp-migration\\lib\\vendor\\servmask\\archiver\\class-ai1wm-extractor.php","Line":486}

Dec 11 2023 14:56:29
{"Number":2,"Message":"mkdir(): Permission denied","File":"C:\\xampp\\htdocs\\apkmodded\\wp-content\\plugins\\all-in-one-wp-migration\\lib\\vendor\\servmask\\archiver\\class-ai1wm-extractor.php","Line":293}

Dec 11 2023 14:56:29
{"Number":2,"Message":"fopen(C:\\\\xampp\\\\htdocs\\\\apkmodded\\\\wp-content\\\\uploads\\\\simply-static\\\\temp-files\\\\simply-static-1-1702122110\\\\tag\\\\pixocial-technology-singapore-pte.-ltd.\\\\index.html): Failed to open stream: Permission denied","File":"C:\\xampp\\htdocs\\apkmodded\\wp-content\\plugins\\all-in-one-wp-migration\\lib\\vendor\\servmask\\archiver\\class-ai1wm-extractor.php","Line":486}

Dec 11 2023 14:56:29
{"Number":2,"Message":"mkdir(): Permission denied","File":"C:\\xampp\\htdocs\\apkmodded\\wp-content\\plugins\\all-in-one-wp-migration\\lib\\vendor\\servmask\\archiver\\class-ai1wm-extractor.php","Line":293}

Dec 11 2023 14:56:29
{"Number":2,"Message":"fopen(C:\\\\xampp\\\\htdocs\\\\apkmodded\\\\wp-content\\\\uploads\\\\simply-static\\\\temp-files\\\\simply-static-1-1702122110\\\\tag\\\\flextech-inc.\\\\index.html): Failed to open stream: Permission denied","File":"C:\\xampp\\htdocs\\apkmodded\\wp-content\\plugins\\all-in-one-wp-migration\\lib\\vendor\\servmask\\archiver\\class-ai1wm-extractor.php","Line":486}

Dec 11 2023 14:56:29
{"Number":2,"Message":"mkdir(): Permission denied","File":"C:\\xampp\\htdocs\\apkmodded\\wp-content\\plugins\\all-in-one-wp-migration\\lib\\vendor\\servmask\\archiver\\class-ai1wm-extractor.php","Line":293}

Dec 11 2023 14:56:29
{"Number":2,"Message":"fopen(C:\\\\xampp\\\\htdocs\\\\apkmodded\\\\wp-content\\\\uploads\\\\simply-static\\\\temp-files\\\\simply-static-1-1702122110\\\\tag\\\\matrix-mobile-pte.-ltd.\\\\index.html): Failed to open stream: Permission denied","File":"C:\\xampp\\htdocs\\apkmodded\\wp-content\\plugins\\all-in-one-wp-migration\\lib\\vendor\\servmask\\archiver\\class-ai1wm-extractor.php","Line":486}

Dec 11 2023 14:56:29
{"Number":2,"Message":"mkdir(): Permission denied","File":"C:\\xampp\\htdocs\\apkmodded\\wp-content\\plugins\\all-in-one-wp-migration\\lib\\vendor\\servmask\\archiver\\class-ai1wm-extractor.php","Line":293}

Dec 11 2023 14:56:29
{"Number":2,"Message":"fopen(C:\\\\xampp\\\\htdocs\\\\apkmodded\\\\wp-content\\\\uploads\\\\simply-static\\\\temp-files\\\\simply-static-1-1702122110\\\\tag\\\\psiphon-inc.\\\\index.html): Failed to open stream: Permission denied","File":"C:\\xampp\\htdocs\\apkmodded\\wp-content\\plugins\\all-in-one-wp-migration\\lib\\vendor\\servmask\\archiver\\class-ai1wm-extractor.php","Line":486}

Dec 11 2023 14:56:29
{"Number":2,"Message":"mkdir(): Permission denied","File":"C:\\xampp\\htdocs\\apkmodded\\wp-content\\plugins\\all-in-one-wp-migration\\lib\\vendor\\servmask\\archiver\\class-ai1wm-extractor.php","Line":293}

Dec 11 2023 14:56:29
{"Number":2,"Message":"fopen(C:\\\\xampp\\\\htdocs\\\\apkmodded\\\\wp-content\\\\uploads\\\\simply-static\\\\temp-files\\\\simply-static-1-1702122110\\\\tag\\\\inc.\\\\index.html): Failed to open stream: Permission denied","File":"C:\\xampp\\htdocs\\apkmodded\\wp-content\\plugins\\all-in-one-wp-migration\\lib\\vendor\\servmask\\archiver\\class-ai1wm-extractor.php","Line":486}

Dec 11 2023 14:56:29
{"Number":2,"Message":"mkdir(): Permission denied","File":"C:\\xampp\\htdocs\\apkmodded\\wp-content\\plugins\\all-in-one-wp-migration\\lib\\vendor\\servmask\\archiver\\class-ai1wm-extractor.php","Line":293}

Dec 11 2023 14:56:29
{"Number":2,"Message":"fopen(C:\\\\xampp\\\\htdocs\\\\apkmodded\\\\wp-content\\\\uploads\\\\simply-static\\\\temp-files\\\\simply-static-1-1702122110\\\\tag\\\\kakao-games-corp.\\\\index.html): Failed to open stream: Permission denied","File":"C:\\xampp\\htdocs\\apkmodded\\wp-content\\plugins\\all-in-one-wp-migration\\lib\\vendor\\servmask\\archiver\\class-ai1wm-extractor.php","Line":486}

Dec 11 2023 14:56:29
{"Number":2,"Message":"mkdir(): Permission denied","File":"C:\\xampp\\htdocs\\apkmodded\\wp-content\\plugins\\all-in-one-wp-migration\\lib\\vendor\\servmask\\archiver\\class-ai1wm-extractor.php","Line":293}

Dec 11 2023 14:56:29
{"Number":2,"Message":"fopen(C:\\\\xampp\\\\htdocs\\\\apkmodded\\\\wp-content\\\\uploads\\\\simply-static\\\\temp-files\\\\simply-static-1-1702122110\\\\tag\\\\lightricks-ltd.\\\\index.html): Failed to open stream: Permission denied","File":"C:\\xampp\\htdocs\\apkmodded\\wp-content\\plugins\\all-in-one-wp-migration\\lib\\vendor\\servmask\\archiver\\class-ai1wm-extractor.php","Line":486}

Dec 11 2023 14:56:29
{"Number":2,"Message":"mkdir(): Permission denied","File":"C:\\xampp\\htdocs\\apkmodded\\wp-content\\plugins\\all-in-one-wp-migration\\lib\\vendor\\servmask\\archiver\\class-ai1wm-extractor.php","Line":293}

Dec 11 2023 14:56:29
{"Number":2,"Message":"fopen(C:\\\\xampp\\\\htdocs\\\\apkmodded\\\\wp-content\\\\uploads\\\\simply-static\\\\temp-files\\\\simply-static-1-1702122110\\\\tag\\\\bandai-namco-entertainment-inc.\\\\index.html): Failed to open stream: Permission denied","File":"C:\\xampp\\htdocs\\apkmodded\\wp-content\\plugins\\all-in-one-wp-migration\\lib\\vendor\\servmask\\archiver\\class-ai1wm-extractor.php","Line":486}

Dec 11 2023 14:56:29
{"Number":2,"Message":"mkdir(): Permission denied","File":"C:\\xampp\\htdocs\\apkmodded\\wp-content\\plugins\\all-in-one-wp-migration\\lib\\vendor\\servmask\\archiver\\class-ai1wm-extractor.php","Line":293}

Dec 11 2023 14:56:29
{"Number":2,"Message":"fopen(C:\\\\xampp\\\\htdocs\\\\apkmodded\\\\wp-content\\\\uploads\\\\simply-static\\\\temp-files\\\\simply-static-1-1702122110\\\\tag\\\\reddit-inc.\\\\index.html): Failed to open stream: Permission denied","File":"C:\\xampp\\htdocs\\apkmodded\\wp-content\\plugins\\all-in-one-wp-migration\\lib\\vendor\\servmask\\archiver\\class-ai1wm-extractor.php","Line":486}

Dec 11 2023 14:56:29
{"Number":2,"Message":"mkdir(): Permission denied","File":"C:\\xampp\\htdocs\\apkmodded\\wp-content\\plugins\\all-in-one-wp-migration\\lib\\vendor\\servmask\\archiver\\class-ai1wm-extractor.php","Line":293}

Dec 11 2023 14:56:29
{"Number":2,"Message":"fopen(C:\\\\xampp\\\\htdocs\\\\apkmodded\\\\wp-content\\\\uploads\\\\simply-static\\\\temp-files\\\\simply-static-1-1702122110\\\\developer\\\\aiby-inc.\\\\index.html): Failed to open stream: Permission denied","File":"C:\\xampp\\htdocs\\apkmodded\\wp-content\\plugins\\all-in-one-wp-migration\\lib\\vendor\\servmask\\archiver\\class-ai1wm-extractor.php","Line":486}

Dec 11 2023 14:56:30
{"Number":2,"Message":"mkdir(): Permission denied","File":"C:\\xampp\\htdocs\\apkmodded\\wp-content\\plugins\\all-in-one-wp-migration\\lib\\vendor\\servmask\\archiver\\class-ai1wm-extractor.php","Line":293}

Dec 11 2023 14:56:30
{"Number":2,"Message":"fopen(C:\\\\xampp\\\\htdocs\\\\apkmodded\\\\wp-content\\\\uploads\\\\simply-static\\\\temp-files\\\\simply-static-1-1702122110\\\\developer\\\\kakao-games-corp.\\\\index.html): Failed to open stream: Permission denied","File":"C:\\xampp\\htdocs\\apkmodded\\wp-content\\plugins\\all-in-one-wp-migration\\lib\\vendor\\servmask\\archiver\\class-ai1wm-extractor.php","Line":486}

Dec 11 2023 14:56:30
{"Number":2,"Message":"mkdir(): Permission denied","File":"C:\\xampp\\htdocs\\apkmodded\\wp-content\\plugins\\all-in-one-wp-migration\\lib\\vendor\\servmask\\archiver\\class-ai1wm-extractor.php","Line":293}

Dec 11 2023 14:56:30
{"Number":2,"Message":"fopen(C:\\\\xampp\\\\htdocs\\\\apkmodded\\\\wp-content\\\\uploads\\\\simply-static\\\\temp-files\\\\simply-static-1-1702122110\\\\developer\\\\bandai-namco-entertainment-inc.\\\\index.html): Failed to open stream: Permission denied","File":"C:\\xampp\\htdocs\\apkmodded\\wp-content\\plugins\\all-in-one-wp-migration\\lib\\vendor\\servmask\\archiver\\class-ai1wm-extractor.php","Line":486}

Dec 11 2023 14:56:32
{"type":8192,"message":"Creation of dynamic property edd_updater_admin::$beta is deprecated","file":"C:\\xampp\\htdocs\\apkmodded\\wp-content\\themes\\moddroid\\libs\\plugins\\tallu.php(18) : eval()'d code(1) : eval()'d code(1) : eval()'d code(1) : eval()'d code(1) : eval()'d code(1) : eval()'d code(1) : eval()'d code(1) : eval()'d code(1) : eval()'d code(1) : eval()'d code(1) : eval()'d code(1) : eval()'d code(1) : eval()'d code(1) : eval()'d code(1) : eval()'d code(1) : eval()'d code(1) : eval()'d code(1) : eval()'d code(1) : eval()'d code(1) : eval()'d code","line":1}

Dec 11 2023 14:56:35
{"type":8192,"message":"Creation of dynamic property edd_updater_admin::$beta is deprecated","file":"C:\\xampp\\htdocs\\apkmodded\\wp-content\\themes\\moddroid\\libs\\plugins\\tallu.php(18) : eval()'d code(1) : eval()'d code(1) : eval()'d code(1) : eval()'d code(1) : eval()'d code(1) : eval()'d code(1) : eval()'d code(1) : eval()'d code(1) : eval()'d code(1) : eval()'d code(1) : eval()'d code(1) : eval()'d code(1) : eval()'d code(1) : eval()'d code(1) : eval()'d code(1) : eval()'d code(1) : eval()'d code(1) : eval()'d code(1) : eval()'d code(1) : eval()'d code","line":1}

Dec 11 2023 14:56:36
{"type":8192,"message":"Creation of dynamic property edd_updater_admin::$beta is deprecated","file":"C:\\xampp\\htdocs\\apkmodded\\wp-content\\themes\\moddroid\\libs\\plugins\\tallu.php(18) : eval()'d code(1) : eval()'d code(1) : eval()'d code(1) : eval()'d code(1) : eval()'d code(1) : eval()'d code(1) : eval()'d code(1) : eval()'d code(1) : eval()'d code(1) : eval()'d code(1) : eval()'d code(1) : eval()'d code(1) : eval()'d code(1) : eval()'d code(1) : eval()'d code(1) : eval()'d code(1) : eval()'d code(1) : eval()'d code(1) : eval()'d code(1) : eval()'d code","line":1}

Dec 11 2023 14:56:39
{"type":8192,"message":"Creation of dynamic property edd_updater_admin::$beta is deprecated","file":"C:\\xampp\\htdocs\\apkmodded\\wp-content\\themes\\moddroid\\libs\\plugins\\tallu.php(18) : eval()'d code(1) : eval()'d code(1) : eval()'d code(1) : eval()'d code(1) : eval()'d code(1) : eval()'d code(1) : eval()'d code(1) : eval()'d code(1) : eval()'d code(1) : eval()'d code(1) : eval()'d code(1) : eval()'d code(1) : eval()'d code(1) : eval()'d code(1) : eval()'d code(1) : eval()'d code(1) : eval()'d code(1) : eval()'d code(1) : eval()'d code(1) : eval()'d code","line":1}

Dec 11 2023 14:56:41
{"type":8192,"message":"Creation of dynamic property edd_updater_admin::$beta is deprecated","file":"C:\\xampp\\htdocs\\apkmodded\\wp-content\\themes\\moddroid\\libs\\plugins\\tallu.php(18) : eval()'d code(1) : eval()'d code(1) : eval()'d code(1) : eval()'d code(1) : eval()'d code(1) : eval()'d code(1) : eval()'d code(1) : eval()'d code(1) : eval()'d code(1) : eval()'d code(1) : eval()'d code(1) : eval()'d code(1) : eval()'d code(1) : eval()'d code(1) : eval()'d code(1) : eval()'d code(1) : eval()'d code(1) : eval()'d code(1) : eval()'d code(1) : eval()'d code","line":1}

Dec 11 2023 14:56:42
{"type":8192,"message":"Creation of dynamic property edd_theme_updater::$item_name is deprecated","file":"C:\\xampp\\htdocs\\apkmodded\\wp-content\\themes\\moddroid\\libs\\plugins\\appa.php(18) : eval()'d code","line":2}

Dec 11 2023 14:56:42
{"type":8192,"message":"Creation of dynamic property edd_theme_updater::$item_name is deprecated","file":"C:\\xampp\\htdocs\\apkmodded\\wp-content\\themes\\moddroid\\libs\\plugins\\appa.php(18) : eval()'d code","line":2}

Dec 11 2023 14:56:42
{"Number":8192,"Message":"rtrim(): Passing null to parameter #1 ($string) of type string is deprecated","File":"C:\\xampp\\htdocs\\apkmodded\\wp-includes\\formatting.php","Line":2831}

Dec 11 2023 14:56:42
{"Number":8192,"Message":"rtrim(): Passing null to parameter #1 ($string) of type string is deprecated","File":"C:\\xampp\\htdocs\\apkmodded\\wp-includes\\formatting.php","Line":2831}

Dec 11 2023 14:56:42
{"Number":8192,"Message":"rtrim(): Passing null to parameter #1 ($string) of type string is deprecated","File":"C:\\xampp\\htdocs\\apkmodded\\wp-includes\\formatting.php","Line":2831}

Dec 11 2023 14:56:42
{"Number":8192,"Message":"rtrim(): Passing null to parameter #1 ($string) of type string is deprecated","File":"C:\\xampp\\htdocs\\apkmodded\\wp-includes\\formatting.php","Line":2831}

Dec 11 2023 14:56:42
{"Number":8192,"Message":"rtrim(): Passing null to parameter #1 ($string) of type string is deprecated","File":"C:\\xampp\\htdocs\\apkmodded\\wp-includes\\formatting.php","Line":2831}

Dec 11 2023 14:56:42
{"Number":8192,"Message":"rtrim(): Passing null to parameter #1 ($string) of type string is deprecated","File":"C:\\xampp\\htdocs\\apkmodded\\wp-includes\\formatting.php","Line":2831}

Dec 11 2023 14:56:42
{"Number":8192,"Message":"rtrim(): Passing null to parameter #1 ($string) of type string is deprecated","File":"C:\\xampp\\htdocs\\apkmodded\\wp-includes\\formatting.php","Line":2831}

Dec 11 2023 14:56:42
{"Number":8192,"Message":"rtrim(): Passing null to parameter #1 ($string) of type string is deprecated","File":"C:\\xampp\\htdocs\\apkmodded\\wp-includes\\formatting.php","Line":2831}

Dec 11 2023 14:56:42
{"Number":8192,"Message":"rtrim(): Passing null to parameter #1 ($string) of type string is deprecated","File":"C:\\xampp\\htdocs\\apkmodded\\wp-includes\\formatting.php","Line":2831}

Dec 11 2023 14:56:42
{"Number":8192,"Message":"rtrim(): Passing null to parameter #1 ($string) of type string is deprecated","File":"C:\\xampp\\htdocs\\apkmodded\\wp-includes\\formatting.php","Line":2831}

Dec 11 2023 14:56:42
{"Number":8192,"Message":"rtrim(): Passing null to parameter #1 ($string) of type string is deprecated","File":"C:\\xampp\\htdocs\\apkmodded\\wp-includes\\formatting.php","Line":2831}

Dec 11 2023 14:56:42
{"Number":8192,"Message":"rtrim(): Passing null to parameter #1 ($string) of type string is deprecated","File":"C:\\xampp\\htdocs\\apkmodded\\wp-includes\\formatting.php","Line":2831}

Dec 11 2023 14:56:42
{"Number":8192,"Message":"rtrim(): Passing null to parameter #1 ($string) of type string is deprecated","File":"C:\\xampp\\htdocs\\apkmodded\\wp-includes\\formatting.php","Line":2831}

Dec 11 2023 14:56:42
{"Number":8192,"Message":"rtrim(): Passing null to parameter #1 ($string) of type string is deprecated","File":"C:\\xampp\\htdocs\\apkmodded\\wp-includes\\formatting.php","Line":2831}

Dec 11 2023 14:56:42
{"Number":8192,"Message":"rtrim(): Passing null to parameter #1 ($string) of type string is deprecated","File":"C:\\xampp\\htdocs\\apkmodded\\wp-includes\\formatting.php","Line":2831}

Dec 11 2023 14:56:42
{"Number":8192,"Message":"rtrim(): Passing null to parameter #1 ($string) of type string is deprecated","File":"C:\\xampp\\htdocs\\apkmodded\\wp-includes\\formatting.php","Line":2831}

Dec 11 2023 14:56:42
{"Number":8192,"Message":"rtrim(): Passing null to parameter #1 ($string) of type string is deprecated","File":"C:\\xampp\\htdocs\\apkmodded\\wp-includes\\formatting.php","Line":2831}

Dec 11 2023 14:56:42
{"Number":8192,"Message":"rtrim(): Passing null to parameter #1 ($string) of type string is deprecated","File":"C:\\xampp\\htdocs\\apkmodded\\wp-includes\\formatting.php","Line":2831}

Dec 11 2023 14:56:42
{"Number":8192,"Message":"rtrim(): Passing null to parameter #1 ($string) of type string is deprecated","File":"C:\\xampp\\htdocs\\apkmodded\\wp-includes\\formatting.php","Line":2831}

Dec 11 2023 14:56:42
{"Number":8192,"Message":"rtrim(): Passing null to parameter #1 ($string) of type string is deprecated","File":"C:\\xampp\\htdocs\\apkmodded\\wp-includes\\formatting.php","Line":2831}

Dec 11 2023 14:56:42
{"Number":8192,"Message":"rtrim(): Passing null to parameter #1 ($string) of type string is deprecated","File":"C:\\xampp\\htdocs\\apkmodded\\wp-includes\\formatting.php","Line":2831}

Dec 11 2023 14:56:42
{"Number":8192,"Message":"rtrim(): Passing null to parameter #1 ($string) of type string is deprecated","File":"C:\\xampp\\htdocs\\apkmodded\\wp-includes\\formatting.php","Line":2831}

Dec 11 2023 14:56:42
{"Number":8192,"Message":"rtrim(): Passing null to parameter #1 ($string) of type string is deprecated","File":"C:\\xampp\\htdocs\\apkmodded\\wp-includes\\formatting.php","Line":2831}

Dec 11 2023 14:56:42
{"Number":8192,"Message":"rtrim(): Passing null to parameter #1 ($string) of type string is deprecated","File":"C:\\xampp\\htdocs\\apkmodded\\wp-includes\\formatting.php","Line":2831}

Dec 11 2023 14:56:42
{"Number":8192,"Message":"rtrim(): Passing null to parameter #1 ($string) of type string is deprecated","File":"C:\\xampp\\htdocs\\apkmodded\\wp-includes\\formatting.php","Line":2831}

Dec 11 2023 14:56:42
{"Number":8192,"Message":"rtrim(): Passing null to parameter #1 ($string) of type string is deprecated","File":"C:\\xampp\\htdocs\\apkmodded\\wp-includes\\formatting.php","Line":2831}

Dec 11 2023 14:56:42
{"Number":8192,"Message":"rtrim(): Passing null to parameter #1 ($string) of type string is deprecated","File":"C:\\xampp\\htdocs\\apkmodded\\wp-includes\\formatting.php","Line":2831}

Dec 11 2023 14:56:42
{"Number":8192,"Message":"rtrim(): Passing null to parameter #1 ($string) of type string is deprecated","File":"C:\\xampp\\htdocs\\apkmodded\\wp-includes\\formatting.php","Line":2831}

Dec 11 2023 14:56:42
{"Number":8192,"Message":"rtrim(): Passing null to parameter #1 ($string) of type string is deprecated","File":"C:\\xampp\\htdocs\\apkmodded\\wp-includes\\formatting.php","Line":2831}

Dec 11 2023 14:56:42
{"Number":8192,"Message":"rtrim(): Passing null to parameter #1 ($string) of type string is deprecated","File":"C:\\xampp\\htdocs\\apkmodded\\wp-includes\\formatting.php","Line":2831}

Dec 11 2023 14:56:46
{"type":8192,"message":"Creation of dynamic property edd_theme_updater::$item_name is deprecated","file":"C:\\xampp\\htdocs\\apkmodded\\wp-content\\themes\\moddroid\\libs\\plugins\\appa.php(18) : eval()'d code","line":2}

Dec 11 2023 14:56:50
{"type":8192,"message":"Automatic conversion of false to array is deprecated","file":"C:\\xampp\\htdocs\\apkmodded\\wp-content\\themes\\moddroid\\libs\\elements\\inits.php","line":1076}

Dec 11 2023 14:56:51
{"type":8192,"message":"Creation of dynamic property edd_updater_admin::$beta is deprecated","file":"C:\\xampp\\htdocs\\apkmodded\\wp-content\\themes\\moddroid\\libs\\plugins\\tallu.php(17) : eval()'d code","line":7}

